# JRE version: Java(TM) SE Runtime Environment (8.0_112-b15) (build 1.8.0_112-b15)
# Java VM: Java HotSpot(TM) 64-Bit Server VM (25.112-b15 mixed mode linux-amd64 compressed oops)
Heap:
 PSYoungGen      total 664064K, used 154220K [0x00000006d5580000, 0x000000075a500000, 0x00000007c0000000)
  eden space 267776K, 0% used [0x00000006d5580000,0x00000006d5580000,0x00000006e5b00000)
  from space 396288K, 38% used [0x00000006e5b00000,0x00000006ef19b0e0,0x00000006fde00000)
  to   space 938496K, 0% used [0x0000000721080000,0x0000000721080000,0x000000075a500000)
 ParOldGen       total 5576192K, used 5576094K [0x0000000500000000, 0x0000000654580000, 0x00000006d5580000)
  object space 5576192K, 99% used [0x0000000500000000,0x0000000654567818,0x0000000654580000)
 Metaspace       used 8889K, capacity 9256K, committed 9600K, reserved 1058816K
  class space    used 940K, capacity 1054K, committed 1152K, reserved 1048576K
GC Heap History (10 events):
Event: 82.051 GC heap after
Heap after GC invocations=68 (full 9):
 PSYoungGen      total 1164288K, used 685440K [0x00000006d5580000, 0x000000075d780000, 0x00000007c0000000)
  eden space 258048K, 0% used [0x00000006d5580000,0x00000006d5580000,0x00000006e5180000)
  from space 906240K, 75% used [0x00000006e5180000,0x000000070eee0000,0x000000071c680000)
  to   space 971776K, 0% used [0x0000000722280000,0x0000000722280000,0x000000075d780000)
 ParOldGen       total 5576192K, used 4795971K [0x0000000500000000, 0x0000000654580000, 0x00000006d5580000)
  object space 5576192K, 86% used [0x0000000500000000,0x0000000624b90ee8,0x0000000654580000)
 Metaspace       used 8889K, capacity 9256K, committed 9600K, reserved 1058816K
  class space    used 940K, capacity 1054K, committed 1152K, reserved 1048576K
}
Event: 82.221 GC heap before
{Heap before GC invocations=69 (full 9):
 PSYoungGen      total 1164288K, used 943488K [0x00000006d5580000, 0x000000075d780000, 0x00000007c0000000)
  eden space 258048K, 100% used [0x00000006d5580000,0x00000006e5180000,0x00000006e5180000)
  from space 906240K, 75% used [0x00000006e5180000,0x000000070eee0000,0x000000071c680000)
  to   space 971776K, 0% used [0x0000000722280000,0x0000000722280000,0x000000075d780000)
 ParOldGen       total 5576192K, used 4795971K [0x0000000500000000, 0x0000000654580000, 0x00000006d5580000)
  object space 5576192K, 86% used [0x0000000500000000,0x0000000624b90ee8,0x0000000654580000)
 Metaspace       used 8889K, capacity 9256K, committed 9600K, reserved 1058816K
  class space    used 940K, capacity 1054K, committed 1152K, reserved 1048576K
Event: 82.596 GC heap after
Heap after GC invocations=69 (full 9):
 PSYoungGen      total 1209856K, used 679712K [0x00000006d5580000, 0x0000000763800000, 0x00000007c0000000)
  eden space 238080K, 0% used [0x00000006d5580000,0x00000006d5580000,0x00000006e3e00000)
  from space 971776K, 69% used [0x0000000722280000,0x000000074ba48000,0x000000075d780000)
  to   space 1020416K, 0% used [0x00000006e3e00000,0x00000006e3e00000,0x0000000722280000)
 ParOldGen       total 5576192K, used 4867203K [0x0000000500000000, 0x0000000654580000, 0x00000006d5580000)
  object space 5576192K, 87% used [0x0000000500000000,0x0000000629120ee8,0x0000000654580000)
 Metaspace       used 8889K, capacity 9256K, committed 9600K, reserved 1058816K
  class space    used 940K, capacity 1054K, committed 1152K, reserved 1048576K
}
Event: 82.758 GC heap before
{Heap before GC invocations=70 (full 9):
 PSYoungGen      total 1209856K, used 917792K [0x00000006d5580000, 0x0000000763800000, 0x00000007c0000000)
  eden space 238080K, 100% used [0x00000006d5580000,0x00000006e3e00000,0x00000006e3e00000)
  from space 971776K, 69% used [0x0000000722280000,0x000000074ba48000,0x000000075d780000)
  to   space 1020416K, 0% used [0x00000006e3e00000,0x00000006e3e00000,0x0000000722280000)
 ParOldGen       total 5576192K, used 4867203K [0x0000000500000000, 0x0000000654580000, 0x00000006d5580000)
  object space 5576192K, 87% used [0x0000000500000000,0x0000000629120ee8,0x0000000654580000)
 Metaspace       used 8889K, capacity 9256K, committed 9600K, reserved 1058816K
  class space    used 940K, capacity 1054K, committed 1152K, reserved 1048576K
Event: 83.136 GC heap after
Heap after GC invocations=70 (full 9):
 PSYoungGen      total 1258496K, used 591808K [0x00000006d5580000, 0x0000000762980000, 0x00000007c0000000)
  eden space 238080K, 0% used [0x00000006d5580000,0x00000006d5580000,0x00000006e3e00000)
  from space 1020416K, 57% used [0x00000006e3e00000,0x0000000707ff0000,0x0000000722280000)
  to   space 1023488K, 0% used [0x0000000724200000,0x0000000724200000,0x0000000762980000)
 ParOldGen       total 5576192K, used 5015923K [0x0000000500000000, 0x0000000654580000, 0x00000006d5580000)
  object space 5576192K, 89% used [0x0000000500000000,0x000000063225cee8,0x0000000654580000)
 Metaspace       used 8889K, capacity 9256K, committed 9600K, reserved 1058816K
  class space    used 940K, capacity 1054K, committed 1152K, reserved 1048576K
}
Event: 83.309 GC heap before
{Heap before GC invocations=71 (full 9):
 PSYoungGen      total 1258496K, used 829888K [0x00000006d5580000, 0x0000000762980000, 0x00000007c0000000)
  eden space 238080K, 100% used [0x00000006d5580000,0x00000006e3e00000,0x00000006e3e00000)
  from space 1020416K, 57% used [0x00000006e3e00000,0x0000000707ff0000,0x0000000722280000)
  to   space 1023488K, 0% used [0x0000000724200000,0x0000000724200000,0x0000000762980000)
 ParOldGen       total 5576192K, used 5015923K [0x0000000500000000, 0x0000000654580000, 0x00000006d5580000)
  object space 5576192K, 89% used [0x0000000500000000,0x000000063225cee8,0x0000000654580000)
 Metaspace       used 8889K, capacity 9256K, committed 9600K, reserved 1058816K
  class space    used 940K, capacity 1054K, committed 1152K, reserved 1048576K
Event: 83.644 GC heap after
Heap after GC invocations=71 (full 9):
 PSYoungGen      total 1213952K, used 490912K [0x00000006d5580000, 0x000000075de00000, 0x00000007c0000000)
  eden space 267776K, 0% used [0x00000006d5580000,0x00000006d5580000,0x00000006e5b00000)
  from space 946176K, 51% used [0x0000000724200000,0x0000000742168000,0x000000075de00000)
  to   space 984576K, 0% used [0x00000006e5b00000,0x00000006e5b00000,0x0000000721c80000)
 ParOldGen       total 5576192K, used 5177769K [0x0000000500000000, 0x0000000654580000, 0x00000006d5580000)
  object space 5576192K, 92% used [0x0000000500000000,0x000000063c06a4d8,0x0000000654580000)
 Metaspace       used 8889K, capacity 9256K, committed 9600K, reserved 1058816K
  class space    used 940K, capacity 1054K, committed 1152K, reserved 1048576K
}
Event: 83.845 GC heap before
{Heap before GC invocations=72 (full 9):
 PSYoungGen      total 1213952K, used 758688K [0x00000006d5580000, 0x000000075de00000, 0x00000007c0000000)
  eden space 267776K, 100% used [0x00000006d5580000,0x00000006e5b00000,0x00000006e5b00000)
  from space 946176K, 51% used [0x0000000724200000,0x0000000742168000,0x000000075de00000)
  to   space 984576K, 0% used [0x00000006e5b00000,0x00000006e5b00000,0x0000000721c80000)
 ParOldGen       total 5576192K, used 5177769K [0x0000000500000000, 0x0000000654580000, 0x00000006d5580000)
  object space 5576192K, 92% used [0x0000000500000000,0x000000063c06a4d8,0x0000000654580000)
 Metaspace       used 8889K, capacity 9256K, committed 9600K, reserved 1058816K
  class space    used 940K, capacity 1054K, committed 1152K, reserved 1048576K
Event: 84.210 GC heap after
Heap after GC invocations=72 (full 9):
 PSYoungGen      total 664064K, used 396256K [0x00000006d5580000, 0x000000075a500000, 0x00000007c0000000)
  eden space 267776K, 0% used [0x00000006d5580000,0x00000006d5580000,0x00000006e5b00000)
  from space 396288K, 99% used [0x00000006e5b00000,0x00000006fddf8000,0x00000006fde00000)
  to   space 938496K, 0% used [0x0000000721080000,0x0000000721080000,0x000000075a500000)
 ParOldGen       total 5576192K, used 5340934K [0x0000000500000000, 0x0000000654580000, 0x00000006d5580000)
  object space 5576192K, 95% used [0x0000000500000000,0x0000000645fc1ba0,0x0000000654580000)
 Metaspace       used 8889K, capacity 9256K, committed 9600K, reserved 1058816K
  class space    used 940K, capacity 1054K, committed 1152K, reserved 1048576K
}
Event: 84.210 GC heap before
{Heap before GC invocations=73 (full 10):
 PSYoungGen      total 664064K, used 396256K [0x00000006d5580000, 0x000000075a500000, 0x00000007c0000000)
  eden space 267776K, 0% used [0x00000006d5580000,0x00000006d5580000,0x00000006e5b00000)
  from space 396288K, 99% used [0x00000006e5b00000,0x00000006fddf8000,0x00000006fde00000)
  to   space 938496K, 0% used [0x0000000721080000,0x0000000721080000,0x000000075a500000)
 ParOldGen       total 5576192K, used 5340934K [0x0000000500000000, 0x0000000654580000, 0x00000006d5580000)
  object space 5576192K, 95% used [0x0000000500000000,0x0000000645fc1ba0,0x0000000654580000)
 Metaspace       used 8889K, capacity 9256K, committed 9600K, reserved 1058816K
  class space    used 940K, capacity 1054K, committed 1152K, reserved 1048576K

