# JRE version: Java(TM) SE Runtime Environment (8.0_112-b15) (build 1.8.0_112-b15)
# Java VM: Java HotSpot(TM) 64-Bit Server VM (25.112-b15 mixed mode linux-amd64 compressed oops)
Heap:
 PSYoungGen      total 1264128K, used 16799K [0x00000006d5580000, 0x000000075d080000, 0x00000007c0000000)
  eden space 310272K, 0% used [0x00000006d5580000,0x00000006d5580000,0x00000006e8480000)
  from space 953856K, 1% used [0x0000000722d00000,0x0000000723d67db8,0x000000075d080000)
  to   space 956416K, 0% used [0x00000006e8480000,0x00000006e8480000,0x0000000722a80000)
 ParOldGen       total 6659584K, used 6659539K [0x0000000500000000, 0x0000000696780000, 0x00000006d5580000)
  object space 6659584K, 99% used [0x0000000500000000,0x0000000696774fc8,0x0000000696780000)
 Metaspace       used 9000K, capacity 9398K, committed 9600K, reserved 1058816K
  class space    used 955K, capacity 1095K, committed 1152K, reserved 1048576K
GC Heap History (10 events):
Event: 87.071 GC heap after
Heap after GC invocations=100 (full 10):
 PSYoungGen      total 1286144K, used 680768K [0x00000006d5580000, 0x0000000763f00000, 0x00000007c0000000)
  eden space 241664K, 0% used [0x00000006d5580000,0x00000006d5580000,0x00000006e4180000)
  from space 1044480K, 65% used [0x0000000723f00000,0x000000074d7d0000,0x0000000763b00000)
  to   space 1046016K, 0% used [0x00000006e4180000,0x00000006e4180000,0x0000000723f00000)
 ParOldGen       total 6659584K, used 5854750K [0x0000000500000000, 0x0000000696780000, 0x00000006d5580000)
  object space 6659584K, 87% used [0x0000000500000000,0x0000000665587a38,0x0000000696780000)
 Metaspace       used 8876K, capacity 9256K, committed 9600K, reserved 1058816K
  class space    used 941K, capacity 1054K, committed 1152K, reserved 1048576K
}
Event: 87.232 GC heap before
{Heap before GC invocations=101 (full 10):
 PSYoungGen      total 1286144K, used 922432K [0x00000006d5580000, 0x0000000763f00000, 0x00000007c0000000)
  eden space 241664K, 100% used [0x00000006d5580000,0x00000006e4180000,0x00000006e4180000)
  from space 1044480K, 65% used [0x0000000723f00000,0x000000074d7d0000,0x0000000763b00000)
  to   space 1046016K, 0% used [0x00000006e4180000,0x00000006e4180000,0x0000000723f00000)
 ParOldGen       total 6659584K, used 5854750K [0x0000000500000000, 0x0000000696780000, 0x00000006d5580000)
  object space 6659584K, 87% used [0x0000000500000000,0x0000000665587a38,0x0000000696780000)
 Metaspace       used 8876K, capacity 9256K, committed 9600K, reserved 1058816K
  class space    used 941K, capacity 1054K, committed 1152K, reserved 1048576K
Event: 87.602 GC heap after
Heap after GC invocations=101 (full 10):
 PSYoungGen      total 829440K, used 587616K [0x00000006d5580000, 0x0000000761600000, 0x00000007c0000000)
  eden space 241664K, 0% used [0x00000006d5580000,0x00000006d5580000,0x00000006e4180000)
  from space 587776K, 99% used [0x00000006e4180000,0x0000000707f58000,0x0000000707f80000)
  to   space 1009664K, 0% used [0x0000000723c00000,0x0000000723c00000,0x0000000761600000)
 ParOldGen       total 6659584K, used 6009034K [0x0000000500000000, 0x0000000696780000, 0x00000006d5580000)
  object space 6659584K, 90% used [0x0000000500000000,0x000000066ec32aa8,0x0000000696780000)
 Metaspace       used 8876K, capacity 9256K, committed 9600K, reserved 1058816K
  class space    used 941K, capacity 1054K, committed 1152K, reserved 1048576K
}
Event: 87.757 GC heap before
{Heap before GC invocations=102 (full 10):
 PSYoungGen      total 829440K, used 829280K [0x00000006d5580000, 0x0000000761600000, 0x00000007c0000000)
  eden space 241664K, 100% used [0x00000006d5580000,0x00000006e4180000,0x00000006e4180000)
  from space 587776K, 99% used [0x00000006e4180000,0x0000000707f58000,0x0000000707f80000)
  to   space 1009664K, 0% used [0x0000000723c00000,0x0000000723c00000,0x0000000761600000)
 ParOldGen       total 6659584K, used 6009034K [0x0000000500000000, 0x0000000696780000, 0x00000006d5580000)
  object space 6659584K, 90% used [0x0000000500000000,0x000000066ec32aa8,0x0000000696780000)
 Metaspace       used 8876K, capacity 9256K, committed 9600K, reserved 1058816K
  class space    used 941K, capacity 1054K, committed 1152K, reserved 1048576K
Event: 88.090 GC heap after
Heap after GC invocations=102 (full 10):
 PSYoungGen      total 1217024K, used 489600K [0x00000006d5580000, 0x000000075d400000, 0x00000007c0000000)
  eden space 274944K, 0% used [0x00000006d5580000,0x00000006d5580000,0x00000006e6200000)
  from space 942080K, 51% used [0x0000000723c00000,0x0000000741a20000,0x000000075d400000)
  to   space 975872K, 0% used [0x00000006e6200000,0x00000006e6200000,0x0000000721b00000)
 ParOldGen       total 6659584K, used 6168211K [0x0000000500000000, 0x0000000696780000, 0x00000006d5580000)
  object space 6659584K, 92% used [0x0000000500000000,0x00000006787a4c20,0x0000000696780000)
 Metaspace       used 8876K, capacity 9256K, committed 9600K, reserved 1058816K
  class space    used 941K, capacity 1054K, committed 1152K, reserved 1048576K
}
Event: 88.323 GC heap before
{Heap before GC invocations=103 (full 10):
 PSYoungGen      total 1217024K, used 764544K [0x00000006d5580000, 0x000000075d400000, 0x00000007c0000000)
  eden space 274944K, 100% used [0x00000006d5580000,0x00000006e6200000,0x00000006e6200000)
  from space 942080K, 51% used [0x0000000723c00000,0x0000000741a20000,0x000000075d400000)
  to   space 975872K, 0% used [0x00000006e6200000,0x00000006e6200000,0x0000000721b00000)
 ParOldGen       total 6659584K, used 6168211K [0x0000000500000000, 0x0000000696780000, 0x00000006d5580000)
  object space 6659584K, 92% used [0x0000000500000000,0x00000006787a4c20,0x0000000696780000)
 Metaspace       used 8997K, capacity 9398K, committed 9600K, reserved 1058816K
  class space    used 955K, capacity 1095K, committed 1152K, reserved 1048576K
Event: 88.666 GC heap after
Heap after GC invocations=103 (full 10):
 PSYoungGen      total 1250816K, used 406368K [0x00000006d5580000, 0x000000075d400000, 0x00000007c0000000)
  eden space 274944K, 0% used [0x00000006d5580000,0x00000006d5580000,0x00000006e6200000)
  from space 975872K, 41% used [0x00000006e6200000,0x00000006feed8000,0x0000000721b00000)
  to   space 957440K, 0% used [0x0000000722d00000,0x0000000722d00000,0x000000075d400000)
 ParOldGen       total 6659584K, used 6311619K [0x0000000500000000, 0x0000000696780000, 0x00000006d5580000)
  object space 6659584K, 94% used [0x0000000500000000,0x00000006813b0c20,0x0000000696780000)
 Metaspace       used 8997K, capacity 9398K, committed 9600K, reserved 1058816K
  class space    used 955K, capacity 1095K, committed 1152K, reserved 1048576K
}
Event: 88.930 GC heap before
{Heap before GC invocations=104 (full 10):
 PSYoungGen      total 1250816K, used 681312K [0x00000006d5580000, 0x000000075d400000, 0x00000007c0000000)
  eden space 274944K, 100% used [0x00000006d5580000,0x00000006e6200000,0x00000006e6200000)
  from space 975872K, 41% used [0x00000006e6200000,0x00000006feed8000,0x0000000721b00000)
  to   space 957440K, 0% used [0x0000000722d00000,0x0000000722d00000,0x000000075d400000)
 ParOldGen       total 6659584K, used 6311619K [0x0000000500000000, 0x0000000696780000, 0x00000006d5580000)
  object space 6659584K, 94% used [0x0000000500000000,0x00000006813b0c20,0x0000000696780000)
 Metaspace       used 9000K, capacity 9398K, committed 9600K, reserved 1058816K
  class space    used 955K, capacity 1095K, committed 1152K, reserved 1048576K
Event: 89.249 GC heap after
Heap after GC invocations=104 (full 10):
 PSYoungGen      total 1264128K, used 294400K [0x00000006d5580000, 0x000000075d080000, 0x00000007c0000000)
  eden space 310272K, 0% used [0x00000006d5580000,0x00000006d5580000,0x00000006e8480000)
  from space 953856K, 30% used [0x0000000722d00000,0x0000000734c80000,0x000000075d080000)
  to   space 956416K, 0% used [0x00000006e8480000,0x00000006e8480000,0x0000000722a80000)
 ParOldGen       total 6659584K, used 6431803K [0x0000000500000000, 0x0000000696780000, 0x00000006d5580000)
  object space 6659584K, 96% used [0x0000000500000000,0x000000068890ec20,0x0000000696780000)
 Metaspace       used 9000K, capacity 9398K, committed 9600K, reserved 1058816K
  class space    used 955K, capacity 1095K, committed 1152K, reserved 1048576K
}
Event: 89.249 GC heap before
{Heap before GC invocations=105 (full 11):
 PSYoungGen      total 1264128K, used 294400K [0x00000006d5580000, 0x000000075d080000, 0x00000007c0000000)
  eden space 310272K, 0% used [0x00000006d5580000,0x00000006d5580000,0x00000006e8480000)
  from space 953856K, 30% used [0x0000000722d00000,0x0000000734c80000,0x000000075d080000)
  to   space 956416K, 0% used [0x00000006e8480000,0x00000006e8480000,0x0000000722a80000)
 ParOldGen       total 6659584K, used 6431803K [0x0000000500000000, 0x0000000696780000, 0x00000006d5580000)
  object space 6659584K, 96% used [0x0000000500000000,0x000000068890ec20,0x0000000696780000)
 Metaspace       used 9000K, capacity 9398K, committed 9600K, reserved 1058816K
  class space    used 955K, capacity 1095K, committed 1152K, reserved 1048576K

