# JRE version: Java(TM) SE Runtime Environment (8.0_112-b15) (build 1.8.0_112-b15)
# Java VM: Java HotSpot(TM) 64-Bit Server VM (25.112-b15 mixed mode linux-amd64 compressed oops)
Heap:
 PSYoungGen      total 815104K, used 254872K [0x00000006d5580000, 0x000000072f980000, 0x00000007c0000000)
  eden space 261632K, 0% used [0x00000006d5580000,0x00000006d5580000,0x00000006e5500000)
  from space 553472K, 46% used [0x00000006e5500000,0x00000006f4de6078,0x0000000707180000)
  to   space 593408K, 0% used [0x000000070b600000,0x000000070b600000,0x000000072f980000)
 ParOldGen       total 6188032K, used 6187632K [0x0000000500000000, 0x0000000679b00000, 0x00000006d5580000)
  object space 6188032K, 99% used [0x0000000500000000,0x0000000679a9c028,0x0000000679b00000)
 Metaspace       used 11210K, capacity 11578K, committed 11648K, reserved 1058816K
  class space    used 1264K, capacity 1373K, committed 1408K, reserved 1048576K
GC Heap History (10 events):
Event: 86.657 GC heap after
Heap after GC invocations=131 (full 10):
 PSYoungGen      total 673280K, used 279040K [0x00000006d5580000, 0x0000000719680000, 0x00000007c0000000)
  eden space 307200K, 0% used [0x00000006d5580000,0x00000006d5580000,0x00000006e8180000)
  from space 366080K, 76% used [0x00000006e8180000,0x00000006f9200000,0x00000006fe700000)
  to   space 390656K, 0% used [0x0000000701900000,0x0000000701900000,0x0000000719680000)
 ParOldGen       total 6188032K, used 5891796K [0x0000000500000000, 0x0000000679b00000, 0x00000006d5580000)
  object space 6188032K, 95% used [0x0000000500000000,0x00000006679b5038,0x0000000679b00000)
 Metaspace       used 11210K, capacity 11578K, committed 11648K, reserved 1058816K
  class space    used 1264K, capacity 1373K, committed 1408K, reserved 1048576K
}
Event: 86.865 GC heap before
{Heap before GC invocations=132 (full 10):
 PSYoungGen      total 673280K, used 586240K [0x00000006d5580000, 0x0000000719680000, 0x00000007c0000000)
  eden space 307200K, 100% used [0x00000006d5580000,0x00000006e8180000,0x00000006e8180000)
  from space 366080K, 76% used [0x00000006e8180000,0x00000006f9200000,0x00000006fe700000)
  to   space 390656K, 0% used [0x0000000701900000,0x0000000701900000,0x0000000719680000)
 ParOldGen       total 6188032K, used 5891796K [0x0000000500000000, 0x0000000679b00000, 0x00000006d5580000)
  object space 6188032K, 95% used [0x0000000500000000,0x00000006679b5038,0x0000000679b00000)
 Metaspace       used 11210K, capacity 11578K, committed 11648K, reserved 1058816K
  class space    used 1264K, capacity 1373K, committed 1408K, reserved 1048576K
Event: 87.125 GC heap after
Heap after GC invocations=132 (full 10):
 PSYoungGen      total 677888K, used 354720K [0x00000006d5580000, 0x000000071f300000, 0x00000007c0000000)
  eden space 287232K, 0% used [0x00000006d5580000,0x00000006d5580000,0x00000006e6e00000)
  from space 390656K, 90% used [0x0000000701900000,0x0000000717368000,0x0000000719680000)
  to   space 437248K, 0% used [0x00000006e6e00000,0x00000006e6e00000,0x0000000701900000)
 ParOldGen       total 6188032K, used 5891796K [0x0000000500000000, 0x0000000679b00000, 0x00000006d5580000)
  object space 6188032K, 95% used [0x0000000500000000,0x00000006679b5038,0x0000000679b00000)
 Metaspace       used 11210K, capacity 11578K, committed 11648K, reserved 1058816K
  class space    used 1264K, capacity 1373K, committed 1408K, reserved 1048576K
}
Event: 87.315 GC heap before
{Heap before GC invocations=133 (full 10):
 PSYoungGen      total 677888K, used 641952K [0x00000006d5580000, 0x000000071f300000, 0x00000007c0000000)
  eden space 287232K, 100% used [0x00000006d5580000,0x00000006e6e00000,0x00000006e6e00000)
  from space 390656K, 90% used [0x0000000701900000,0x0000000717368000,0x0000000719680000)
  to   space 437248K, 0% used [0x00000006e6e00000,0x00000006e6e00000,0x0000000701900000)
 ParOldGen       total 6188032K, used 5891796K [0x0000000500000000, 0x0000000679b00000, 0x00000006d5580000)
  object space 6188032K, 95% used [0x0000000500000000,0x00000006679b5038,0x0000000679b00000)
 Metaspace       used 11210K, capacity 11578K, committed 11648K, reserved 1058816K
  class space    used 1264K, capacity 1373K, committed 1408K, reserved 1048576K
Event: 87.595 GC heap after
Heap after GC invocations=133 (full 10):
 PSYoungGen      total 724480K, used 425536K [0x00000006d5580000, 0x0000000725a00000, 0x00000007c0000000)
  eden space 287232K, 0% used [0x00000006d5580000,0x00000006d5580000,0x00000006e6e00000)
  from space 437248K, 97% used [0x00000006e6e00000,0x0000000700d90000,0x0000000701900000)
  to   space 500224K, 0% used [0x0000000707180000,0x0000000707180000,0x0000000725a00000)
 ParOldGen       total 6188032K, used 5891796K [0x0000000500000000, 0x0000000679b00000, 0x00000006d5580000)
  object space 6188032K, 95% used [0x0000000500000000,0x00000006679b5038,0x0000000679b00000)
 Metaspace       used 11210K, capacity 11578K, committed 11648K, reserved 1058816K
  class space    used 1264K, capacity 1373K, committed 1408K, reserved 1048576K
}
Event: 87.783 GC heap before
{Heap before GC invocations=134 (full 10):
 PSYoungGen      total 724480K, used 712768K [0x00000006d5580000, 0x0000000725a00000, 0x00000007c0000000)
  eden space 287232K, 100% used [0x00000006d5580000,0x00000006e6e00000,0x00000006e6e00000)
  from space 437248K, 97% used [0x00000006e6e00000,0x0000000700d90000,0x0000000701900000)
  to   space 500224K, 0% used [0x0000000707180000,0x0000000707180000,0x0000000725a00000)
 ParOldGen       total 6188032K, used 5891796K [0x0000000500000000, 0x0000000679b00000, 0x00000006d5580000)
  object space 6188032K, 95% used [0x0000000500000000,0x00000006679b5038,0x0000000679b00000)
 Metaspace       used 11210K, capacity 11578K, committed 11648K, reserved 1058816K
  class space    used 1264K, capacity 1373K, committed 1408K, reserved 1048576K
Event: 88.265 GC heap after
Heap after GC invocations=134 (full 10):
 PSYoungGen      total 761856K, used 432640K [0x00000006d5580000, 0x000000072c500000, 0x00000007c0000000)
  eden space 261632K, 0% used [0x00000006d5580000,0x00000006d5580000,0x00000006e5500000)
  from space 500224K, 86% used [0x0000000707180000,0x0000000721800000,0x0000000725a00000)
  to   space 553472K, 0% used [0x00000006e5500000,0x00000006e5500000,0x0000000707180000)
 ParOldGen       total 6188032K, used 5955984K [0x0000000500000000, 0x0000000679b00000, 0x00000006d5580000)
  object space 6188032K, 96% used [0x0000000500000000,0x000000066b864390,0x0000000679b00000)
 Metaspace       used 11210K, capacity 11578K, committed 11648K, reserved 1058816K
  class space    used 1264K, capacity 1373K, committed 1408K, reserved 1048576K
}
Event: 88.440 GC heap before
{Heap before GC invocations=135 (full 10):
 PSYoungGen      total 761856K, used 694272K [0x00000006d5580000, 0x000000072c500000, 0x00000007c0000000)
  eden space 261632K, 100% used [0x00000006d5580000,0x00000006e5500000,0x00000006e5500000)
  from space 500224K, 86% used [0x0000000707180000,0x0000000721800000,0x0000000725a00000)
  to   space 553472K, 0% used [0x00000006e5500000,0x00000006e5500000,0x0000000707180000)
 ParOldGen       total 6188032K, used 5955984K [0x0000000500000000, 0x0000000679b00000, 0x00000006d5580000)
  object space 6188032K, 96% used [0x0000000500000000,0x000000066b864390,0x0000000679b00000)
 Metaspace       used 11210K, capacity 11578K, committed 11648K, reserved 1058816K
  class space    used 1264K, capacity 1373K, committed 1408K, reserved 1048576K
Event: 88.804 GC heap after
Heap after GC invocations=135 (full 10):
 PSYoungGen      total 815104K, used 427488K [0x00000006d5580000, 0x000000072f980000, 0x00000007c0000000)
  eden space 261632K, 0% used [0x00000006d5580000,0x00000006d5580000,0x00000006e5500000)
  from space 553472K, 77% used [0x00000006e5500000,0x00000006ff678000,0x0000000707180000)
  to   space 593408K, 0% used [0x000000070b600000,0x000000070b600000,0x000000072f980000)
 ParOldGen       total 6188032K, used 6026215K [0x0000000500000000, 0x0000000679b00000, 0x00000006d5580000)
  object space 6188032K, 97% used [0x0000000500000000,0x000000066fcf9d98,0x0000000679b00000)
 Metaspace       used 11210K, capacity 11578K, committed 11648K, reserved 1058816K
  class space    used 1264K, capacity 1373K, committed 1408K, reserved 1048576K
}
Event: 88.804 GC heap before
{Heap before GC invocations=136 (full 11):
 PSYoungGen      total 815104K, used 427488K [0x00000006d5580000, 0x000000072f980000, 0x00000007c0000000)
  eden space 261632K, 0% used [0x00000006d5580000,0x00000006d5580000,0x00000006e5500000)
  from space 553472K, 77% used [0x00000006e5500000,0x00000006ff678000,0x0000000707180000)
  to   space 593408K, 0% used [0x000000070b600000,0x000000070b600000,0x000000072f980000)
 ParOldGen       total 6188032K, used 6026215K [0x0000000500000000, 0x0000000679b00000, 0x00000006d5580000)
  object space 6188032K, 97% used [0x0000000500000000,0x000000066fcf9d98,0x0000000679b00000)
 Metaspace       used 11210K, capacity 11578K, committed 11648K, reserved 1058816K
  class space    used 1264K, capacity 1373K, committed 1408K, reserved 1048576K

