# JRE version: Java(TM) SE Runtime Environment (8.0_112-b15) (build 1.8.0_112-b15)
# Java VM: Java HotSpot(TM) 64-Bit Server VM (25.112-b15 mixed mode linux-amd64 compressed oops)
Heap:
 PSYoungGen      total 1037312K, used 10232K [0x000000076cd80000, 0x00000007ace80000, 0x00000007c0000000)
  eden space 1027072K, 0% used [0x000000076cd80000,0x000000076cd80000,0x00000007ab880000)
  from space 10240K, 99% used [0x00000007ab880000,0x00000007ac27e020,0x00000007ac280000)
  to   space 8192K, 0% used [0x00000007ac280000,0x00000007ac280000,0x00000007aca80000)
 ParOldGen       total 171008K, used 8481K [0x00000006c6800000, 0x00000006d0f00000, 0x000000076cd80000)
  object space 171008K, 4% used [0x00000006c6800000,0x00000006c7048630,0x00000006d0f00000)
 Metaspace       used 9083K, capacity 9530K, committed 9856K, reserved 1058816K
  class space    used 1136K, capacity 1291K, committed 1408K, reserved 1048576K
GC Heap History (10 events):
Event: 1.726 GC heap after
Heap after GC invocations=4 (full 0):
 PSYoungGen      total 268288K, used 4882K [0x000000076cd80000, 0x000000077dd80000, 0x00000007c0000000)
  eden space 258048K, 0% used [0x000000076cd80000,0x000000076cd80000,0x000000077c980000)
  from space 10240K, 47% used [0x000000077d380000,0x000000077d844a60,0x000000077dd80000)
  to   space 10240K, 0% used [0x000000077c980000,0x000000077c980000,0x000000077d380000)
 ParOldGen       total 171008K, used 32K [0x00000006c6800000, 0x00000006d0f00000, 0x000000076cd80000)
  object space 171008K, 0% used [0x00000006c6800000,0x00000006c6808000,0x00000006d0f00000)
 Metaspace       used 9083K, capacity 9530K, committed 9856K, reserved 1058816K
  class space    used 1136K, capacity 1291K, committed 1408K, reserved 1048576K
}
Event: 2.189 GC heap before
{Heap before GC invocations=5 (full 0):
 PSYoungGen      total 268288K, used 262930K [0x000000076cd80000, 0x000000077dd80000, 0x00000007c0000000)
  eden space 258048K, 100% used [0x000000076cd80000,0x000000077c980000,0x000000077c980000)
  from space 10240K, 47% used [0x000000077d380000,0x000000077d844a60,0x000000077dd80000)
  to   space 10240K, 0% used [0x000000077c980000,0x000000077c980000,0x000000077d380000)
 ParOldGen       total 171008K, used 32K [0x00000006c6800000, 0x00000006d0f00000, 0x000000076cd80000)
  object space 171008K, 0% used [0x00000006c6800000,0x00000006c6808000,0x00000006d0f00000)
 Metaspace       used 9083K, capacity 9530K, committed 9856K, reserved 1058816K
  class space    used 1136K, capacity 1291K, committed 1408K, reserved 1048576K
Event: 2.244 GC heap after
Heap after GC invocations=5 (full 0):
 PSYoungGen      total 268288K, used 6024K [0x000000076cd80000, 0x000000078d280000, 0x00000007c0000000)
  eden space 258048K, 0% used [0x000000076cd80000,0x000000076cd80000,0x000000077c980000)
  from space 10240K, 58% used [0x000000077c980000,0x000000077cf620f8,0x000000077d380000)
  to   space 6656K, 0% used [0x000000078cc00000,0x000000078cc00000,0x000000078d280000)
 ParOldGen       total 171008K, used 40K [0x00000006c6800000, 0x00000006d0f00000, 0x000000076cd80000)
  object space 171008K, 0% used [0x00000006c6800000,0x00000006c680a000,0x00000006d0f00000)
 Metaspace       used 9083K, capacity 9530K, committed 9856K, reserved 1058816K
  class space    used 1136K, capacity 1291K, committed 1408K, reserved 1048576K
}
Event: 2.492 GC heap before
{Heap before GC invocations=6 (full 0):
 PSYoungGen      total 268288K, used 264072K [0x000000076cd80000, 0x000000078d280000, 0x00000007c0000000)
  eden space 258048K, 100% used [0x000000076cd80000,0x000000077c980000,0x000000077c980000)
  from space 10240K, 58% used [0x000000077c980000,0x000000077cf620f8,0x000000077d380000)
  to   space 6656K, 0% used [0x000000078cc00000,0x000000078cc00000,0x000000078d280000)
 ParOldGen       total 171008K, used 40K [0x00000006c6800000, 0x00000006d0f00000, 0x000000076cd80000)
  object space 171008K, 0% used [0x00000006c6800000,0x00000006c680a000,0x00000006d0f00000)
 Metaspace       used 9083K, capacity 9530K, committed 9856K, reserved 1058816K
  class space    used 1136K, capacity 1291K, committed 1408K, reserved 1048576K
Event: 2.523 GC heap after
Heap after GC invocations=6 (full 0):
 PSYoungGen      total 521216K, used 6626K [0x000000076cd80000, 0x000000078d580000, 0x00000007c0000000)
  eden space 514560K, 0% used [0x000000076cd80000,0x000000076cd80000,0x000000078c400000)
  from space 6656K, 99% used [0x000000078cc00000,0x000000078d278888,0x000000078d280000)
  to   space 8192K, 0% used [0x000000078c400000,0x000000078c400000,0x000000078cc00000)
 ParOldGen       total 171008K, used 912K [0x00000006c6800000, 0x00000006d0f00000, 0x000000076cd80000)
  object space 171008K, 0% used [0x00000006c6800000,0x00000006c68e4000,0x00000006d0f00000)
 Metaspace       used 9083K, capacity 9530K, committed 9856K, reserved 1058816K
  class space    used 1136K, capacity 1291K, committed 1408K, reserved 1048576K
}
Event: 3.388 GC heap before
{Heap before GC invocations=7 (full 0):
 PSYoungGen      total 521216K, used 521186K [0x000000076cd80000, 0x000000078d580000, 0x00000007c0000000)
  eden space 514560K, 100% used [0x000000076cd80000,0x000000078c400000,0x000000078c400000)
  from space 6656K, 99% used [0x000000078cc00000,0x000000078d278888,0x000000078d280000)
  to   space 8192K, 0% used [0x000000078c400000,0x000000078c400000,0x000000078cc00000)
 ParOldGen       total 171008K, used 912K [0x00000006c6800000, 0x00000006d0f00000, 0x000000076cd80000)
  object space 171008K, 0% used [0x00000006c6800000,0x00000006c68e4000,0x00000006d0f00000)
 Metaspace       used 9083K, capacity 9530K, committed 9856K, reserved 1058816K
  class space    used 1136K, capacity 1291K, committed 1408K, reserved 1048576K
Event: 3.433 GC heap after
Heap after GC invocations=7 (full 0):
 PSYoungGen      total 522752K, used 6460K [0x000000076cd80000, 0x00000007aca80000, 0x00000007c0000000)
  eden space 514560K, 0% used [0x000000076cd80000,0x000000076cd80000,0x000000078c400000)
  from space 8192K, 78% used [0x000000078c400000,0x000000078ca4f1f0,0x000000078cc00000)
  to   space 8192K, 0% used [0x00000007ac280000,0x00000007ac280000,0x00000007aca80000)
 ParOldGen       total 171008K, used 3681K [0x00000006c6800000, 0x00000006d0f00000, 0x000000076cd80000)
  object space 171008K, 2% used [0x00000006c6800000,0x00000006c6b98630,0x00000006d0f00000)
 Metaspace       used 9083K, capacity 9530K, committed 9856K, reserved 1058816K
  class space    used 1136K, capacity 1291K, committed 1408K, reserved 1048576K
}
Event: 3.841 GC heap before
{Heap before GC invocations=8 (full 0):
 PSYoungGen      total 522752K, used 521020K [0x000000076cd80000, 0x00000007aca80000, 0x00000007c0000000)
  eden space 514560K, 100% used [0x000000076cd80000,0x000000078c400000,0x000000078c400000)
  from space 8192K, 78% used [0x000000078c400000,0x000000078ca4f1f0,0x000000078cc00000)
  to   space 8192K, 0% used [0x00000007ac280000,0x00000007ac280000,0x00000007aca80000)
 ParOldGen       total 171008K, used 3681K [0x00000006c6800000, 0x00000006d0f00000, 0x000000076cd80000)
  object space 171008K, 2% used [0x00000006c6800000,0x00000006c6b98630,0x00000006d0f00000)
 Metaspace       used 9083K, capacity 9530K, committed 9856K, reserved 1058816K
  class space    used 1136K, capacity 1291K, committed 1408K, reserved 1048576K
Event: 3.866 GC heap after
Heap after GC invocations=8 (full 0):
 PSYoungGen      total 1035264K, used 8186K [0x000000076cd80000, 0x00000007ace80000, 0x00000007c0000000)
  eden space 1027072K, 0% used [0x000000076cd80000,0x000000076cd80000,0x00000007ab880000)
  from space 8192K, 99% used [0x00000007ac280000,0x00000007aca7ead0,0x00000007aca80000)
  to   space 10240K, 0% used [0x00000007ab880000,0x00000007ab880000,0x00000007ac280000)
 ParOldGen       total 171008K, used 5089K [0x00000006c6800000, 0x00000006d0f00000, 0x000000076cd80000)
  object space 171008K, 2% used [0x00000006c6800000,0x00000006c6cf8630,0x00000006d0f00000)
 Metaspace       used 9083K, capacity 9530K, committed 9856K, reserved 1058816K
  class space    used 1136K, capacity 1291K, committed 1408K, reserved 1048576K
}
Event: 4.954 GC heap before
{Heap before GC invocations=9 (full 0):
 PSYoungGen      total 1035264K, used 1035258K [0x000000076cd80000, 0x00000007ace80000, 0x00000007c0000000)
  eden space 1027072K, 100% used [0x000000076cd80000,0x00000007ab880000,0x00000007ab880000)
  from space 8192K, 99% used [0x00000007ac280000,0x00000007aca7ead0,0x00000007aca80000)
  to   space 10240K, 0% used [0x00000007ab880000,0x00000007ab880000,0x00000007ac280000)
 ParOldGen       total 171008K, used 5089K [0x00000006c6800000, 0x00000006d0f00000, 0x000000076cd80000)
  object space 171008K, 2% used [0x00000006c6800000,0x00000006c6cf8630,0x00000006d0f00000)
 Metaspace       used 9083K, capacity 9530K, committed 9856K, reserved 1058816K
  class space    used 1136K, capacity 1291K, committed 1408K, reserved 1048576K

