# JRE version: Java(TM) SE Runtime Environment (8.0_112-b15) (build 1.8.0_112-b15)
# Java VM: Java HotSpot(TM) 64-Bit Server VM (25.112-b15 mixed mode linux-amd64 compressed oops)
Heap:
 PSYoungGen      total 3330048K, used 120828K [0x00000006d5580000, 0x00000007a7f80000, 0x00000007c0000000)
  eden space 3209216K, 0% used [0x00000006d5580000,0x00000006d5580000,0x0000000799380000)
  from space 120832K, 99% used [0x0000000799380000,0x00000007a097f020,0x00000007a0980000)
  to   space 109568K, 0% used [0x00000007a1480000,0x00000007a1480000,0x00000007a7f80000)
 ParOldGen       total 7689728K, used 6915419K [0x0000000500000000, 0x00000006d5580000, 0x00000006d5580000)
  object space 7689728K, 89% used [0x0000000500000000,0x00000006a6156cb0,0x00000006d5580000)
 Metaspace       used 9978K, capacity 10456K, committed 10624K, reserved 1058816K
  class space    used 1023K, capacity 1152K, committed 1152K, reserved 1048576K
GC Heap History (10 events):
Event: 157.176 GC heap after
Heap after GC invocations=284 (full 13):
 PSYoungGen      total 3102720K, used 92006K [0x00000006d5580000, 0x000000079ca80000, 0x00000007c0000000)
  eden space 3000320K, 0% used [0x00000006d5580000,0x00000006d5580000,0x000000078c780000)
  from space 102400K, 89% used [0x0000000793b80000,0x0000000799559810,0x0000000799f80000)
  to   space 118784K, 0% used [0x000000078c780000,0x000000078c780000,0x0000000793b80000)
 ParOldGen       total 7689728K, used 6900021K [0x0000000500000000, 0x00000006d5580000, 0x00000006d5580000)
  object space 7689728K, 89% used [0x0000000500000000,0x00000006a524d7d8,0x00000006d5580000)
 Metaspace       used 9978K, capacity 10456K, committed 10624K, reserved 1058816K
  class space    used 1023K, capacity 1152K, committed 1152K, reserved 1048576K
}
Event: 157.637 GC heap before
{Heap before GC invocations=285 (full 13):
 PSYoungGen      total 3102720K, used 3092326K [0x00000006d5580000, 0x000000079ca80000, 0x00000007c0000000)
  eden space 3000320K, 100% used [0x00000006d5580000,0x000000078c780000,0x000000078c780000)
  from space 102400K, 89% used [0x0000000793b80000,0x0000000799559810,0x0000000799f80000)
  to   space 118784K, 0% used [0x000000078c780000,0x000000078c780000,0x0000000793b80000)
 ParOldGen       total 7689728K, used 6900021K [0x0000000500000000, 0x00000006d5580000, 0x00000006d5580000)
  object space 7689728K, 89% used [0x0000000500000000,0x00000006a524d7d8,0x00000006d5580000)
 Metaspace       used 9978K, capacity 10456K, committed 10624K, reserved 1058816K
  class space    used 1023K, capacity 1152K, committed 1152K, reserved 1048576K
Event: 157.674 GC heap after
Heap after GC invocations=285 (full 13):
 PSYoungGen      total 3119104K, used 4121K [0x00000006d5580000, 0x00000007a1800000, 0x00000007c0000000)
  eden space 3000320K, 0% used [0x00000006d5580000,0x00000006d5580000,0x000000078c780000)
  from space 118784K, 3% used [0x000000078c780000,0x000000078cb86530,0x0000000793b80000)
  to   space 115200K, 0% used [0x000000079a780000,0x000000079a780000,0x00000007a1800000)
 ParOldGen       total 7689728K, used 6900021K [0x0000000500000000, 0x00000006d5580000, 0x00000006d5580000)
  object space 7689728K, 89% used [0x0000000500000000,0x00000006a524d7d8,0x00000006d5580000)
 Metaspace       used 9978K, capacity 10456K, committed 10624K, reserved 1058816K
  class space    used 1023K, capacity 1152K, committed 1152K, reserved 1048576K
}
Event: 158.097 GC heap before
{Heap before GC invocations=286 (full 13):
 PSYoungGen      total 3119104K, used 3004441K [0x00000006d5580000, 0x00000007a1800000, 0x00000007c0000000)
  eden space 3000320K, 100% used [0x00000006d5580000,0x000000078c780000,0x000000078c780000)
  from space 118784K, 3% used [0x000000078c780000,0x000000078cb86530,0x0000000793b80000)
  to   space 115200K, 0% used [0x000000079a780000,0x000000079a780000,0x00000007a1800000)
 ParOldGen       total 7689728K, used 6900021K [0x0000000500000000, 0x00000006d5580000, 0x00000006d5580000)
  object space 7689728K, 89% used [0x0000000500000000,0x00000006a524d7d8,0x00000006d5580000)
 Metaspace       used 9978K, capacity 10456K, committed 10624K, reserved 1058816K
  class space    used 1023K, capacity 1152K, committed 1152K, reserved 1048576K
Event: 158.183 GC heap after
Heap after GC invocations=286 (full 13):
 PSYoungGen      total 3225600K, used 65401K [0x00000006d5580000, 0x00000007a2400000, 0x00000007c0000000)
  eden space 3110400K, 0% used [0x00000006d5580000,0x00000006d5580000,0x0000000793300000)
  from space 115200K, 56% used [0x000000079a780000,0x000000079e75e530,0x00000007a1800000)
  to   space 119296K, 0% used [0x0000000793300000,0x0000000793300000,0x000000079a780000)
 ParOldGen       total 7689728K, used 6900045K [0x0000000500000000, 0x00000006d5580000, 0x00000006d5580000)
  object space 7689728K, 89% used [0x0000000500000000,0x00000006a52537d8,0x00000006d5580000)
 Metaspace       used 9978K, capacity 10456K, committed 10624K, reserved 1058816K
  class space    used 1023K, capacity 1152K, committed 1152K, reserved 1048576K
}
Event: 159.632 GC heap before
{Heap before GC invocations=287 (full 13):
 PSYoungGen      total 3225600K, used 3175801K [0x00000006d5580000, 0x00000007a2400000, 0x00000007c0000000)
  eden space 3110400K, 100% used [0x00000006d5580000,0x0000000793300000,0x0000000793300000)
  from space 115200K, 56% used [0x000000079a780000,0x000000079e75e530,0x00000007a1800000)
  to   space 119296K, 0% used [0x0000000793300000,0x0000000793300000,0x000000079a780000)
 ParOldGen       total 7689728K, used 6900045K [0x0000000500000000, 0x00000006d5580000, 0x00000006d5580000)
  object space 7689728K, 89% used [0x0000000500000000,0x00000006a52537d8,0x00000006d5580000)
 Metaspace       used 9978K, capacity 10456K, committed 10624K, reserved 1058816K
  class space    used 1023K, capacity 1152K, committed 1152K, reserved 1048576K
Event: 159.865 GC heap after
Heap after GC invocations=287 (full 13):
 PSYoungGen      total 3229696K, used 78969K [0x00000006d5580000, 0x00000007a9100000, 0x00000007c0000000)
  eden space 3110400K, 0% used [0x00000006d5580000,0x00000006d5580000,0x0000000793300000)
  from space 119296K, 66% used [0x0000000793300000,0x000000079801e530,0x000000079a780000)
  to   space 127488K, 0% used [0x00000007a1480000,0x00000007a1480000,0x00000007a9100000)
 ParOldGen       total 7689728K, used 6900053K [0x0000000500000000, 0x00000006d5580000, 0x00000006d5580000)
  object space 7689728K, 89% used [0x0000000500000000,0x00000006a52557d8,0x00000006d5580000)
 Metaspace       used 9978K, capacity 10456K, committed 10624K, reserved 1058816K
  class space    used 1023K, capacity 1152K, committed 1152K, reserved 1048576K
}
Event: 160.334 GC heap before
{Heap before GC invocations=288 (full 13):
 PSYoungGen      total 3229696K, used 3189369K [0x00000006d5580000, 0x00000007a9100000, 0x00000007c0000000)
  eden space 3110400K, 100% used [0x00000006d5580000,0x0000000793300000,0x0000000793300000)
  from space 119296K, 66% used [0x0000000793300000,0x000000079801e530,0x000000079a780000)
  to   space 127488K, 0% used [0x00000007a1480000,0x00000007a1480000,0x00000007a9100000)
 ParOldGen       total 7689728K, used 6900053K [0x0000000500000000, 0x00000006d5580000, 0x00000006d5580000)
  object space 7689728K, 89% used [0x0000000500000000,0x00000006a52557d8,0x00000006d5580000)
 Metaspace       used 9978K, capacity 10456K, committed 10624K, reserved 1058816K
  class space    used 1023K, capacity 1152K, committed 1152K, reserved 1048576K
Event: 160.392 GC heap after
Heap after GC invocations=288 (full 13):
 PSYoungGen      total 3318784K, used 27353K [0x00000006d5580000, 0x00000007a7f80000, 0x00000007c0000000)
  eden space 3209216K, 0% used [0x00000006d5580000,0x00000006d5580000,0x0000000799380000)
  from space 109568K, 24% used [0x00000007a1480000,0x00000007a2f36530,0x00000007a7f80000)
  to   space 120832K, 0% used [0x0000000799380000,0x0000000799380000,0x00000007a0980000)
 ParOldGen       total 7689728K, used 6900053K [0x0000000500000000, 0x00000006d5580000, 0x00000006d5580000)
  object space 7689728K, 89% used [0x0000000500000000,0x00000006a52557d8,0x00000006d5580000)
 Metaspace       used 9978K, capacity 10456K, committed 10624K, reserved 1058816K
  class space    used 1023K, capacity 1152K, committed 1152K, reserved 1048576K
}
Event: 160.826 GC heap before
{Heap before GC invocations=289 (full 13):
 PSYoungGen      total 3318784K, used 3236569K [0x00000006d5580000, 0x00000007a7f80000, 0x00000007c0000000)
  eden space 3209216K, 100% used [0x00000006d5580000,0x0000000799380000,0x0000000799380000)
  from space 109568K, 24% used [0x00000007a1480000,0x00000007a2f36530,0x00000007a7f80000)
  to   space 120832K, 0% used [0x0000000799380000,0x0000000799380000,0x00000007a0980000)
 ParOldGen       total 7689728K, used 6900053K [0x0000000500000000, 0x00000006d5580000, 0x00000006d5580000)
  object space 7689728K, 89% used [0x0000000500000000,0x00000006a52557d8,0x00000006d5580000)
 Metaspace       used 9978K, capacity 10456K, committed 10624K, reserved 1058816K
  class space    used 1023K, capacity 1152K, committed 1152K, reserved 1048576K

