# JRE version: Java(TM) SE Runtime Environment (8.0_112-b15) (build 1.8.0_112-b15)
# Java VM: Java HotSpot(TM) 64-Bit Server VM (25.112-b15 mixed mode linux-amd64 compressed oops)
Heap:
 PSYoungGen      total 530432K, used 0K [0x00000006d5580000, 0x0000000709700000, 0x00000007c0000000)
  eden space 215040K, 0% used [0x00000006d5580000,0x00000006d5580000,0x00000006e2780000)
  from space 315392K, 0% used [0x00000006e2780000,0x00000006e2780000,0x00000006f5b80000)
  to   space 306176K, 0% used [0x00000006f6c00000,0x00000006f6c00000,0x0000000709700000)
 ParOldGen       total 6548992K, used 5366730K [0x0000000500000000, 0x000000068fb80000, 0x00000006d5580000)
  object space 6548992K, 81% used [0x0000000500000000,0x00000006478f2830,0x000000068fb80000)
 Metaspace       used 12208K, capacity 12782K, committed 12928K, reserved 1060864K
  class space    used 1377K, capacity 1540K, committed 1664K, reserved 1048576K
GC Heap History (10 events):
Event: 127.195 GC heap after
Heap after GC invocations=161 (full 14):
 PSYoungGen      total 511488K, used 191872K [0x00000006d5580000, 0x000000070ad80000, 0x00000007c0000000)
  eden space 171008K, 0% used [0x00000006d5580000,0x00000006d5580000,0x00000006dfc80000)
  from space 340480K, 56% used [0x00000006dfc80000,0x00000006eb7e0000,0x00000006f4900000)
  to   space 342528K, 0% used [0x00000006f5f00000,0x00000006f5f00000,0x000000070ad80000)
 ParOldGen       total 6548992K, used 6155200K [0x0000000500000000, 0x000000068fb80000, 0x00000006d5580000)
  object space 6548992K, 93% used [0x0000000500000000,0x0000000677af0270,0x000000068fb80000)
 Metaspace       used 12207K, capacity 12782K, committed 12928K, reserved 1060864K
  class space    used 1377K, capacity 1540K, committed 1664K, reserved 1048576K
}
Event: 127.290 GC heap before
{Heap before GC invocations=162 (full 14):
 PSYoungGen      total 511488K, used 362880K [0x00000006d5580000, 0x000000070ad80000, 0x00000007c0000000)
  eden space 171008K, 100% used [0x00000006d5580000,0x00000006dfc80000,0x00000006dfc80000)
  from space 340480K, 56% used [0x00000006dfc80000,0x00000006eb7e0000,0x00000006f4900000)
  to   space 342528K, 0% used [0x00000006f5f00000,0x00000006f5f00000,0x000000070ad80000)
 ParOldGen       total 6548992K, used 6155200K [0x0000000500000000, 0x000000068fb80000, 0x00000006d5580000)
  object space 6548992K, 93% used [0x0000000500000000,0x0000000677af0270,0x000000068fb80000)
 Metaspace       used 12207K, capacity 12782K, committed 12928K, reserved 1060864K
  class space    used 1377K, capacity 1540K, committed 1664K, reserved 1048576K
Event: 127.527 GC heap after
Heap after GC invocations=162 (full 14):
 PSYoungGen      total 532992K, used 195648K [0x00000006d5580000, 0x000000070b080000, 0x00000007c0000000)
  eden space 190464K, 0% used [0x00000006d5580000,0x00000006d5580000,0x00000006e0f80000)
  from space 342528K, 57% used [0x00000006f5f00000,0x0000000701e10000,0x000000070ad80000)
  to   space 343552K, 0% used [0x00000006e0f80000,0x00000006e0f80000,0x00000006f5f00000)
 ParOldGen       total 6548992K, used 6192992K [0x0000000500000000, 0x000000068fb80000, 0x00000006d5580000)
  object space 6548992K, 94% used [0x0000000500000000,0x0000000679fd8270,0x000000068fb80000)
 Metaspace       used 12207K, capacity 12782K, committed 12928K, reserved 1060864K
  class space    used 1377K, capacity 1540K, committed 1664K, reserved 1048576K
}
Event: 127.646 GC heap before
{Heap before GC invocations=163 (full 14):
 PSYoungGen      total 532992K, used 386112K [0x00000006d5580000, 0x000000070b080000, 0x00000007c0000000)
  eden space 190464K, 100% used [0x00000006d5580000,0x00000006e0f80000,0x00000006e0f80000)
  from space 342528K, 57% used [0x00000006f5f00000,0x0000000701e10000,0x000000070ad80000)
  to   space 343552K, 0% used [0x00000006e0f80000,0x00000006e0f80000,0x00000006f5f00000)
 ParOldGen       total 6548992K, used 6192992K [0x0000000500000000, 0x000000068fb80000, 0x00000006d5580000)
  object space 6548992K, 94% used [0x0000000500000000,0x0000000679fd8270,0x000000068fb80000)
 Metaspace       used 12207K, capacity 12782K, committed 12928K, reserved 1060864K
  class space    used 1377K, capacity 1540K, committed 1664K, reserved 1048576K
Event: 127.887 GC heap after
Heap after GC invocations=163 (full 14):
 PSYoungGen      total 534016K, used 166112K [0x00000006d5580000, 0x000000070b080000, 0x00000007c0000000)
  eden space 190464K, 0% used [0x00000006d5580000,0x00000006d5580000,0x00000006e0f80000)
  from space 343552K, 48% used [0x00000006e0f80000,0x00000006eb1b8000,0x00000006f5f00000)
  to   space 332288K, 0% used [0x00000006f6c00000,0x00000006f6c00000,0x000000070b080000)
 ParOldGen       total 6548992K, used 6268928K [0x0000000500000000, 0x000000068fb80000, 0x00000006d5580000)
  object space 6548992K, 95% used [0x0000000500000000,0x000000067ea00270,0x000000068fb80000)
 Metaspace       used 12207K, capacity 12782K, committed 12928K, reserved 1060864K
  class space    used 1377K, capacity 1540K, committed 1664K, reserved 1048576K
}
Event: 128.046 GC heap before
{Heap before GC invocations=164 (full 14):
 PSYoungGen      total 534016K, used 356576K [0x00000006d5580000, 0x000000070b080000, 0x00000007c0000000)
  eden space 190464K, 100% used [0x00000006d5580000,0x00000006e0f80000,0x00000006e0f80000)
  from space 343552K, 48% used [0x00000006e0f80000,0x00000006eb1b8000,0x00000006f5f00000)
  to   space 332288K, 0% used [0x00000006f6c00000,0x00000006f6c00000,0x000000070b080000)
 ParOldGen       total 6548992K, used 6268928K [0x0000000500000000, 0x000000068fb80000, 0x00000006d5580000)
  object space 6548992K, 95% used [0x0000000500000000,0x000000067ea00270,0x000000068fb80000)
 Metaspace       used 12208K, capacity 12782K, committed 12928K, reserved 1060864K
  class space    used 1377K, capacity 1540K, committed 1664K, reserved 1048576K
Event: 128.308 GC heap after
Heap after GC invocations=164 (full 14):
 PSYoungGen      total 513536K, used 133248K [0x00000006d5580000, 0x0000000708f80000, 0x00000007c0000000)
  eden space 215040K, 0% used [0x00000006d5580000,0x00000006d5580000,0x00000006e2780000)
  from space 298496K, 44% used [0x00000006f6c00000,0x00000006fee20000,0x0000000708f80000)
  to   space 315392K, 0% used [0x00000006e2780000,0x00000006e2780000,0x00000006f5b80000)
 ParOldGen       total 6548992K, used 6348243K [0x0000000500000000, 0x000000068fb80000, 0x00000006d5580000)
  object space 6548992K, 96% used [0x0000000500000000,0x0000000683774fc8,0x000000068fb80000)
 Metaspace       used 12208K, capacity 12782K, committed 12928K, reserved 1060864K
  class space    used 1377K, capacity 1540K, committed 1664K, reserved 1048576K
}
Event: 128.479 GC heap before
{Heap before GC invocations=165 (full 14):
 PSYoungGen      total 513536K, used 348288K [0x00000006d5580000, 0x0000000708f80000, 0x00000007c0000000)
  eden space 215040K, 100% used [0x00000006d5580000,0x00000006e2780000,0x00000006e2780000)
  from space 298496K, 44% used [0x00000006f6c00000,0x00000006fee20000,0x0000000708f80000)
  to   space 315392K, 0% used [0x00000006e2780000,0x00000006e2780000,0x00000006f5b80000)
 ParOldGen       total 6548992K, used 6348243K [0x0000000500000000, 0x000000068fb80000, 0x00000006d5580000)
  object space 6548992K, 96% used [0x0000000500000000,0x0000000683774fc8,0x000000068fb80000)
 Metaspace       used 12208K, capacity 12782K, committed 12928K, reserved 1060864K
  class space    used 1377K, capacity 1540K, committed 1664K, reserved 1048576K
Event: 128.649 GC heap after
Heap after GC invocations=165 (full 14):
 PSYoungGen      total 530432K, used 97824K [0x00000006d5580000, 0x0000000709700000, 0x00000007c0000000)
  eden space 215040K, 0% used [0x00000006d5580000,0x00000006d5580000,0x00000006e2780000)
  from space 315392K, 31% used [0x00000006e2780000,0x00000006e8708000,0x00000006f5b80000)
  to   space 306176K, 0% used [0x00000006f6c00000,0x00000006f6c00000,0x0000000709700000)
 ParOldGen       total 6548992K, used 6436056K [0x0000000500000000, 0x000000068fb80000, 0x00000006d5580000)
  object space 6548992K, 98% used [0x0000000500000000,0x0000000688d36320,0x000000068fb80000)
 Metaspace       used 12208K, capacity 12782K, committed 12928K, reserved 1060864K
  class space    used 1377K, capacity 1540K, committed 1664K, reserved 1048576K
}
Event: 128.649 GC heap before
{Heap before GC invocations=166 (full 15):
 PSYoungGen      total 530432K, used 97824K [0x00000006d5580000, 0x0000000709700000, 0x00000007c0000000)
  eden space 215040K, 0% used [0x00000006d5580000,0x00000006d5580000,0x00000006e2780000)
  from space 315392K, 31% used [0x00000006e2780000,0x00000006e8708000,0x00000006f5b80000)
  to   space 306176K, 0% used [0x00000006f6c00000,0x00000006f6c00000,0x0000000709700000)
 ParOldGen       total 6548992K, used 6436056K [0x0000000500000000, 0x000000068fb80000, 0x00000006d5580000)
  object space 6548992K, 98% used [0x0000000500000000,0x0000000688d36320,0x000000068fb80000)
 Metaspace       used 12208K, capacity 12782K, committed 12928K, reserved 1060864K
  class space    used 1377K, capacity 1540K, committed 1664K, reserved 1048576K

