# JRE version: Java(TM) SE Runtime Environment (8.0_112-b15) (build 1.8.0_112-b15)
# Java VM: Java HotSpot(TM) 64-Bit Server VM (25.112-b15 mixed mode linux-amd64 compressed oops)
Heap:
 PSYoungGen      total 517632K, used 457K [0x000000076cd80000, 0x000000078c880000, 0x00000007c0000000)
  eden space 516096K, 0% used [0x000000076cd80000,0x000000076cd80000,0x000000078c580000)
  from space 1536K, 29% used [0x000000078c580000,0x000000078c5f26e0,0x000000078c700000)
  to   space 1536K, 0% used [0x000000078c700000,0x000000078c700000,0x000000078c880000)
 ParOldGen       total 171008K, used 534K [0x00000006c6800000, 0x00000006d0f00000, 0x000000076cd80000)
  object space 171008K, 0% used [0x00000006c6800000,0x00000006c68859b8,0x00000006d0f00000)
 Metaspace       used 3888K, capacity 5004K, committed 5120K, reserved 1056768K
  class space    used 388K, capacity 456K, committed 512K, reserved 1048576K
GC Heap History (10 events):
Event: 0.479 GC heap after
Heap after GC invocations=2 (full 0):
 PSYoungGen      total 139264K, used 693K [0x000000076cd80000, 0x0000000775f80000, 0x00000007c0000000)
  eden space 129024K, 0% used [0x000000076cd80000,0x000000076cd80000,0x0000000774b80000)
  from space 10240K, 6% used [0x0000000775580000,0x000000077562d798,0x0000000775f80000)
  to   space 10240K, 0% used [0x0000000774b80000,0x0000000774b80000,0x0000000775580000)
 ParOldGen       total 171008K, used 16K [0x00000006c6800000, 0x00000006d0f00000, 0x000000076cd80000)
  object space 171008K, 0% used [0x00000006c6800000,0x00000006c6804000,0x00000006d0f00000)
 Metaspace       used 3834K, capacity 5004K, committed 5120K, reserved 1056768K
  class space    used 388K, capacity 456K, committed 512K, reserved 1048576K
}
Event: 0.835 GC heap before
{Heap before GC invocations=3 (full 0):
 PSYoungGen      total 139264K, used 129717K [0x000000076cd80000, 0x0000000775f80000, 0x00000007c0000000)
  eden space 129024K, 100% used [0x000000076cd80000,0x0000000774b80000,0x0000000774b80000)
  from space 10240K, 6% used [0x0000000775580000,0x000000077562d798,0x0000000775f80000)
  to   space 10240K, 0% used [0x0000000774b80000,0x0000000774b80000,0x0000000775580000)
 ParOldGen       total 171008K, used 16K [0x00000006c6800000, 0x00000006d0f00000, 0x000000076cd80000)
  object space 171008K, 0% used [0x00000006c6800000,0x00000006c6804000,0x00000006d0f00000)
 Metaspace       used 3882K, capacity 5004K, committed 5120K, reserved 1056768K
  class space    used 388K, capacity 456K, committed 512K, reserved 1048576K
Event: 0.843 GC heap after
Heap after GC invocations=3 (full 0):
 PSYoungGen      total 139264K, used 768K [0x000000076cd80000, 0x000000077dd80000, 0x00000007c0000000)
  eden space 129024K, 0% used [0x000000076cd80000,0x000000076cd80000,0x0000000774b80000)
  from space 10240K, 7% used [0x0000000774b80000,0x0000000774c40020,0x0000000775580000)
  to   space 10240K, 0% used [0x000000077d380000,0x000000077d380000,0x000000077dd80000)
 ParOldGen       total 171008K, used 24K [0x00000006c6800000, 0x00000006d0f00000, 0x000000076cd80000)
  object space 171008K, 0% used [0x00000006c6800000,0x00000006c6806000,0x00000006d0f00000)
 Metaspace       used 3882K, capacity 5004K, committed 5120K, reserved 1056768K
  class space    used 388K, capacity 456K, committed 512K, reserved 1048576K
}
Event: 0.963 GC heap before
{Heap before GC invocations=4 (full 0):
 PSYoungGen      total 139264K, used 129792K [0x000000076cd80000, 0x000000077dd80000, 0x00000007c0000000)
  eden space 129024K, 100% used [0x000000076cd80000,0x0000000774b80000,0x0000000774b80000)
  from space 10240K, 7% used [0x0000000774b80000,0x0000000774c40020,0x0000000775580000)
  to   space 10240K, 0% used [0x000000077d380000,0x000000077d380000,0x000000077dd80000)
 ParOldGen       total 171008K, used 24K [0x00000006c6800000, 0x00000006d0f00000, 0x000000076cd80000)
  object space 171008K, 0% used [0x00000006c6800000,0x00000006c6806000,0x00000006d0f00000)
 Metaspace       used 3886K, capacity 5004K, committed 5120K, reserved 1056768K
  class space    used 388K, capacity 456K, committed 512K, reserved 1048576K
Event: 0.970 GC heap after
Heap after GC invocations=4 (full 0):
 PSYoungGen      total 268288K, used 749K [0x000000076cd80000, 0x000000077dd80000, 0x00000007c0000000)
  eden space 258048K, 0% used [0x000000076cd80000,0x000000076cd80000,0x000000077c980000)
  from space 10240K, 7% used [0x000000077d380000,0x000000077d43b4c0,0x000000077dd80000)
  to   space 10240K, 0% used [0x000000077c980000,0x000000077c980000,0x000000077d380000)
 ParOldGen       total 171008K, used 24K [0x00000006c6800000, 0x00000006d0f00000, 0x000000076cd80000)
  object space 171008K, 0% used [0x00000006c6800000,0x00000006c6806000,0x00000006d0f00000)
 Metaspace       used 3886K, capacity 5004K, committed 5120K, reserved 1056768K
  class space    used 388K, capacity 456K, committed 512K, reserved 1048576K
}
Event: 1.556 GC heap before
{Heap before GC invocations=5 (full 0):
 PSYoungGen      total 268288K, used 258797K [0x000000076cd80000, 0x000000077dd80000, 0x00000007c0000000)
  eden space 258048K, 100% used [0x000000076cd80000,0x000000077c980000,0x000000077c980000)
  from space 10240K, 7% used [0x000000077d380000,0x000000077d43b4c0,0x000000077dd80000)
  to   space 10240K, 0% used [0x000000077c980000,0x000000077c980000,0x000000077d380000)
 ParOldGen       total 171008K, used 24K [0x00000006c6800000, 0x00000006d0f00000, 0x000000076cd80000)
  object space 171008K, 0% used [0x00000006c6800000,0x00000006c6806000,0x00000006d0f00000)
 Metaspace       used 3888K, capacity 5004K, committed 5120K, reserved 1056768K
  class space    used 388K, capacity 456K, committed 512K, reserved 1048576K
Event: 1.561 GC heap after
Heap after GC invocations=5 (full 0):
 PSYoungGen      total 268288K, used 851K [0x000000076cd80000, 0x000000078c880000, 0x00000007c0000000)
  eden space 258048K, 0% used [0x000000076cd80000,0x000000076cd80000,0x000000077c980000)
  from space 10240K, 8% used [0x000000077c980000,0x000000077ca54d10,0x000000077d380000)
  to   space 1536K, 0% used [0x000000078c700000,0x000000078c700000,0x000000078c880000)
 ParOldGen       total 171008K, used 32K [0x00000006c6800000, 0x00000006d0f00000, 0x000000076cd80000)
  object space 171008K, 0% used [0x00000006c6800000,0x00000006c6808000,0x00000006d0f00000)
 Metaspace       used 3888K, capacity 5004K, committed 5120K, reserved 1056768K
  class space    used 388K, capacity 456K, committed 512K, reserved 1048576K
}
Event: 1.749 GC heap before
{Heap before GC invocations=6 (full 0):
 PSYoungGen      total 268288K, used 258899K [0x000000076cd80000, 0x000000078c880000, 0x00000007c0000000)
  eden space 258048K, 100% used [0x000000076cd80000,0x000000077c980000,0x000000077c980000)
  from space 10240K, 8% used [0x000000077c980000,0x000000077ca54d10,0x000000077d380000)
  to   space 1536K, 0% used [0x000000078c700000,0x000000078c700000,0x000000078c880000)
 ParOldGen       total 171008K, used 32K [0x00000006c6800000, 0x00000006d0f00000, 0x000000076cd80000)
  object space 171008K, 0% used [0x00000006c6800000,0x00000006c6808000,0x00000006d0f00000)
 Metaspace       used 3888K, capacity 5004K, committed 5120K, reserved 1056768K
  class space    used 388K, capacity 456K, committed 512K, reserved 1048576K
Event: 1.767 GC heap after
Heap after GC invocations=6 (full 0):
 PSYoungGen      total 517632K, used 871K [0x000000076cd80000, 0x000000078c880000, 0x00000007c0000000)
  eden space 516096K, 0% used [0x000000076cd80000,0x000000076cd80000,0x000000078c580000)
  from space 1536K, 56% used [0x000000078c700000,0x000000078c7d9e38,0x000000078c880000)
  to   space 1536K, 0% used [0x000000078c580000,0x000000078c580000,0x000000078c700000)
 ParOldGen       total 171008K, used 40K [0x00000006c6800000, 0x00000006d0f00000, 0x000000076cd80000)
  object space 171008K, 0% used [0x00000006c6800000,0x00000006c680a000,0x00000006d0f00000)
 Metaspace       used 3888K, capacity 5004K, committed 5120K, reserved 1056768K
  class space    used 388K, capacity 456K, committed 512K, reserved 1048576K
}
Event: 3.088 GC heap before
{Heap before GC invocations=7 (full 0):
 PSYoungGen      total 517632K, used 516967K [0x000000076cd80000, 0x000000078c880000, 0x00000007c0000000)
  eden space 516096K, 100% used [0x000000076cd80000,0x000000078c580000,0x000000078c580000)
  from space 1536K, 56% used [0x000000078c700000,0x000000078c7d9e38,0x000000078c880000)
  to   space 1536K, 0% used [0x000000078c580000,0x000000078c580000,0x000000078c700000)
 ParOldGen       total 171008K, used 40K [0x00000006c6800000, 0x00000006d0f00000, 0x000000076cd80000)
  object space 171008K, 0% used [0x00000006c6800000,0x00000006c680a000,0x00000006d0f00000)
 Metaspace       used 3888K, capacity 5004K, committed 5120K, reserved 1056768K
  class space    used 388K, capacity 456K, committed 512K, reserved 1048576K

