# JRE version: Java(TM) SE Runtime Environment (8.0_112-b15) (build 1.8.0_112-b15)
# Java VM: Java HotSpot(TM) 64-Bit Server VM (25.112-b15 mixed mode linux-amd64 compressed oops)
Heap:
 PSYoungGen      total 201728K, used 10240K [0x00000006d5580000, 0x00000006e6580000, 0x00000007c0000000)
  eden space 191488K, 0% used [0x00000006d5580000,0x00000006d5580000,0x00000006e1080000)
  from space 10240K, 100% used [0x00000006e5180000,0x00000006e5b80000,0x00000006e5b80000)
  to   space 10240K, 0% used [0x00000006e5b80000,0x00000006e5b80000,0x00000006e6580000)
 ParOldGen       total 627200K, used 504110K [0x0000000500000000, 0x0000000526480000, 0x00000006d5580000)
  object space 627200K, 80% used [0x0000000500000000,0x000000051ec4ba68,0x0000000526480000)
 Metaspace       used 8029K, capacity 8318K, committed 8448K, reserved 1056768K
  class space    used 883K, capacity 979K, committed 1024K, reserved 1048576K
GC Heap History (10 events):
Event: 1.315 GC heap after
Heap after GC invocations=2 (full 0):
 PSYoungGen      total 139264K, used 10240K [0x00000006d5580000, 0x00000006de780000, 0x00000007c0000000)
  eden space 129024K, 0% used [0x00000006d5580000,0x00000006d5580000,0x00000006dd380000)
  from space 10240K, 100% used [0x00000006ddd80000,0x00000006de780000,0x00000006de780000)
  to   space 10240K, 0% used [0x00000006dd380000,0x00000006dd380000,0x00000006ddd80000)
 ParOldGen       total 171008K, used 91893K [0x0000000500000000, 0x000000050a700000, 0x00000006d5580000)
  object space 171008K, 53% used [0x0000000500000000,0x00000005059bd6b0,0x000000050a700000)
 Metaspace       used 8023K, capacity 8318K, committed 8448K, reserved 1056768K
  class space    used 883K, capacity 979K, committed 1024K, reserved 1048576K
}
Event: 1.601 GC heap before
{Heap before GC invocations=3 (full 0):
 PSYoungGen      total 139264K, used 139264K [0x00000006d5580000, 0x00000006de780000, 0x00000007c0000000)
  eden space 129024K, 100% used [0x00000006d5580000,0x00000006dd380000,0x00000006dd380000)
  from space 10240K, 100% used [0x00000006ddd80000,0x00000006de780000,0x00000006de780000)
  to   space 10240K, 0% used [0x00000006dd380000,0x00000006dd380000,0x00000006ddd80000)
 ParOldGen       total 171008K, used 91893K [0x0000000500000000, 0x000000050a700000, 0x00000006d5580000)
  object space 171008K, 53% used [0x0000000500000000,0x00000005059bd6b0,0x000000050a700000)
 Metaspace       used 8026K, capacity 8318K, committed 8448K, reserved 1056768K
  class space    used 883K, capacity 979K, committed 1024K, reserved 1048576K
Event: 1.862 GC heap after
Heap after GC invocations=3 (full 0):
 PSYoungGen      total 139264K, used 10240K [0x00000006d5580000, 0x00000006e6580000, 0x00000007c0000000)
  eden space 129024K, 0% used [0x00000006d5580000,0x00000006d5580000,0x00000006dd380000)
  from space 10240K, 100% used [0x00000006dd380000,0x00000006ddd80000,0x00000006ddd80000)
  to   space 10240K, 0% used [0x00000006e5b80000,0x00000006e5b80000,0x00000006e6580000)
 ParOldGen       total 211456K, used 210670K [0x0000000500000000, 0x000000050ce80000, 0x00000006d5580000)
  object space 211456K, 99% used [0x0000000500000000,0x000000050cdbb8b0,0x000000050ce80000)
 Metaspace       used 8026K, capacity 8318K, committed 8448K, reserved 1056768K
  class space    used 883K, capacity 979K, committed 1024K, reserved 1048576K
}
Event: 1.862 GC heap before
{Heap before GC invocations=4 (full 1):
 PSYoungGen      total 139264K, used 10240K [0x00000006d5580000, 0x00000006e6580000, 0x00000007c0000000)
  eden space 129024K, 0% used [0x00000006d5580000,0x00000006d5580000,0x00000006dd380000)
  from space 10240K, 100% used [0x00000006dd380000,0x00000006ddd80000,0x00000006ddd80000)
  to   space 10240K, 0% used [0x00000006e5b80000,0x00000006e5b80000,0x00000006e6580000)
 ParOldGen       total 211456K, used 210670K [0x0000000500000000, 0x000000050ce80000, 0x00000006d5580000)
  object space 211456K, 99% used [0x0000000500000000,0x000000050cdbb8b0,0x000000050ce80000)
 Metaspace       used 8026K, capacity 8318K, committed 8448K, reserved 1056768K
  class space    used 883K, capacity 979K, committed 1024K, reserved 1048576K
Event: 2.857 GC heap after
Heap after GC invocations=4 (full 1):
 PSYoungGen      total 139264K, used 511K [0x00000006d5580000, 0x00000006e6580000, 0x00000007c0000000)
  eden space 129024K, 0% used [0x00000006d5580000,0x00000006d5580000,0x00000006dd380000)
  from space 10240K, 4% used [0x00000006dd380000,0x00000006dd3ffe50,0x00000006ddd80000)
  to   space 10240K, 0% used [0x00000006e5b80000,0x00000006e5b80000,0x00000006e6580000)
 ParOldGen       total 436224K, used 211366K [0x0000000500000000, 0x000000051aa00000, 0x00000006d5580000)
  object space 436224K, 48% used [0x0000000500000000,0x000000050ce69868,0x000000051aa00000)
 Metaspace       used 8026K, capacity 8318K, committed 8448K, reserved 1056768K
  class space    used 883K, capacity 979K, committed 1024K, reserved 1048576K
}
Event: 3.084 GC heap before
{Heap before GC invocations=5 (full 1):
 PSYoungGen      total 139264K, used 129535K [0x00000006d5580000, 0x00000006e6580000, 0x00000007c0000000)
  eden space 129024K, 100% used [0x00000006d5580000,0x00000006dd380000,0x00000006dd380000)
  from space 10240K, 4% used [0x00000006dd380000,0x00000006dd3ffe50,0x00000006ddd80000)
  to   space 10240K, 0% used [0x00000006e5b80000,0x00000006e5b80000,0x00000006e6580000)
 ParOldGen       total 436224K, used 211366K [0x0000000500000000, 0x000000051aa00000, 0x00000006d5580000)
  object space 436224K, 48% used [0x0000000500000000,0x000000050ce69868,0x000000051aa00000)
 Metaspace       used 8026K, capacity 8318K, committed 8448K, reserved 1056768K
  class space    used 883K, capacity 979K, committed 1024K, reserved 1048576K
Event: 3.435 GC heap after
Heap after GC invocations=5 (full 1):
 PSYoungGen      total 201728K, used 10240K [0x00000006d5580000, 0x00000006e6580000, 0x00000007c0000000)
  eden space 191488K, 0% used [0x00000006d5580000,0x00000006d5580000,0x00000006e1080000)
  from space 10240K, 100% used [0x00000006e5b80000,0x00000006e6580000,0x00000006e6580000)
  to   space 10240K, 0% used [0x00000006e5180000,0x00000006e5180000,0x00000006e5b80000)
 ParOldGen       total 436224K, used 328682K [0x0000000500000000, 0x000000051aa00000, 0x00000006d5580000)
  object space 436224K, 75% used [0x0000000500000000,0x00000005140fab58,0x000000051aa00000)
 Metaspace       used 8026K, capacity 8318K, committed 8448K, reserved 1056768K
  class space    used 883K, capacity 979K, committed 1024K, reserved 1048576K
}
Event: 3.435 GC heap before
{Heap before GC invocations=6 (full 2):
 PSYoungGen      total 201728K, used 10240K [0x00000006d5580000, 0x00000006e6580000, 0x00000007c0000000)
  eden space 191488K, 0% used [0x00000006d5580000,0x00000006d5580000,0x00000006e1080000)
  from space 10240K, 100% used [0x00000006e5b80000,0x00000006e6580000,0x00000006e6580000)
  to   space 10240K, 0% used [0x00000006e5180000,0x00000006e5180000,0x00000006e5b80000)
 ParOldGen       total 436224K, used 328682K [0x0000000500000000, 0x000000051aa00000, 0x00000006d5580000)
  object space 436224K, 75% used [0x0000000500000000,0x00000005140fab58,0x000000051aa00000)
 Metaspace       used 8026K, capacity 8318K, committed 8448K, reserved 1056768K
  class space    used 883K, capacity 979K, committed 1024K, reserved 1048576K
Event: 4.129 GC heap after
Heap after GC invocations=6 (full 2):
 PSYoungGen      total 201728K, used 0K [0x00000006d5580000, 0x00000006e6580000, 0x00000007c0000000)
  eden space 191488K, 0% used [0x00000006d5580000,0x00000006d5580000,0x00000006e1080000)
  from space 10240K, 0% used [0x00000006e5b80000,0x00000006e5b80000,0x00000006e6580000)
  to   space 10240K, 0% used [0x00000006e5180000,0x00000006e5180000,0x00000006e5b80000)
 ParOldGen       total 627200K, used 322295K [0x0000000500000000, 0x0000000526480000, 0x00000006d5580000)
  object space 627200K, 51% used [0x0000000500000000,0x0000000513abde08,0x0000000526480000)
 Metaspace       used 8026K, capacity 8318K, committed 8448K, reserved 1056768K
  class space    used 883K, capacity 979K, committed 1024K, reserved 1048576K
}
Event: 4.484 GC heap before
{Heap before GC invocations=7 (full 2):
 PSYoungGen      total 201728K, used 191488K [0x00000006d5580000, 0x00000006e6580000, 0x00000007c0000000)
  eden space 191488K, 100% used [0x00000006d5580000,0x00000006e1080000,0x00000006e1080000)
  from space 10240K, 0% used [0x00000006e5b80000,0x00000006e5b80000,0x00000006e6580000)
  to   space 10240K, 0% used [0x00000006e5180000,0x00000006e5180000,0x00000006e5b80000)
 ParOldGen       total 627200K, used 322295K [0x0000000500000000, 0x0000000526480000, 0x00000006d5580000)
  object space 627200K, 51% used [0x0000000500000000,0x0000000513abde08,0x0000000526480000)
 Metaspace       used 8029K, capacity 8318K, committed 8448K, reserved 1056768K
  class space    used 883K, capacity 979K, committed 1024K, reserved 1048576K

