# JRE version: Java(TM) SE Runtime Environment (8.0_112-b15) (build 1.8.0_112-b15)
# Java VM: Java HotSpot(TM) 64-Bit Server VM (25.112-b15 mixed mode linux-amd64 compressed oops)
Heap:
 PSYoungGen      total 614400K, used 251024K [0x00000006d5580000, 0x0000000723a80000, 0x00000007c0000000)
  eden space 148992K, 0% used [0x00000006d5580000,0x00000006d5580000,0x00000006de700000)
  from space 465408K, 53% used [0x00000006de700000,0x00000006edc24350,0x00000006fad80000)
  to   space 543232K, 0% used [0x0000000702800000,0x0000000702800000,0x0000000723a80000)
 ParOldGen       total 881664K, used 881475K [0x0000000500000000, 0x0000000535d00000, 0x00000006d5580000)
  object space 881664K, 99% used [0x0000000500000000,0x0000000535cd0f48,0x0000000535d00000)
 Metaspace       used 8174K, capacity 8442K, committed 8704K, reserved 1056768K
  class space    used 893K, capacity 979K, committed 1024K, reserved 1048576K
GC Heap History (10 events):
Event: 11.020 GC heap after
Heap after GC invocations=8 (full 3):
 PSYoungGen      total 265216K, used 0K [0x00000006d5580000, 0x00000006fd580000, 0x00000007c0000000)
  eden space 254976K, 0% used [0x00000006d5580000,0x00000006d5580000,0x00000006e4e80000)
  from space 10240K, 0% used [0x00000006e5180000,0x00000006e5180000,0x00000006e5b80000)
  to   space 200192K, 0% used [0x00000006f1200000,0x00000006f1200000,0x00000006fd580000)
 ParOldGen       total 881664K, used 471002K [0x0000000500000000, 0x0000000535d00000, 0x00000006d5580000)
  object space 881664K, 53% used [0x0000000500000000,0x000000051cbf6a40,0x0000000535d00000)
 Metaspace       used 8171K, capacity 8442K, committed 8704K, reserved 1056768K
  class space    used 893K, capacity 979K, committed 1024K, reserved 1048576K
}
Event: 11.915 GC heap before
{Heap before GC invocations=9 (full 3):
 PSYoungGen      total 265216K, used 254976K [0x00000006d5580000, 0x00000006fd580000, 0x00000007c0000000)
  eden space 254976K, 100% used [0x00000006d5580000,0x00000006e4e80000,0x00000006e4e80000)
  from space 10240K, 0% used [0x00000006e5180000,0x00000006e5180000,0x00000006e5b80000)
  to   space 200192K, 0% used [0x00000006f1200000,0x00000006f1200000,0x00000006fd580000)
 ParOldGen       total 881664K, used 471002K [0x0000000500000000, 0x0000000535d00000, 0x00000006d5580000)
  object space 881664K, 53% used [0x0000000500000000,0x000000051cbf6a40,0x0000000535d00000)
 Metaspace       used 8174K, capacity 8442K, committed 8704K, reserved 1056768K
  class space    used 893K, capacity 979K, committed 1024K, reserved 1048576K
Event: 12.458 GC heap after
Heap after GC invocations=9 (full 3):
 PSYoungGen      total 386048K, used 200183K [0x00000006d5580000, 0x000000070a900000, 0x00000007c0000000)
  eden space 185856K, 0% used [0x00000006d5580000,0x00000006d5580000,0x00000006e0b00000)
  from space 200192K, 99% used [0x00000006f1200000,0x00000006fd57dc60,0x00000006fd580000)
  to   space 269312K, 0% used [0x00000006e0b00000,0x00000006e0b00000,0x00000006f1200000)
 ParOldGen       total 881664K, used 526250K [0x0000000500000000, 0x0000000535d00000, 0x00000006d5580000)
  object space 881664K, 59% used [0x0000000500000000,0x00000005201eaa40,0x0000000535d00000)
 Metaspace       used 8174K, capacity 8442K, committed 8704K, reserved 1056768K
  class space    used 893K, capacity 979K, committed 1024K, reserved 1048576K
}
Event: 12.866 GC heap before
{Heap before GC invocations=10 (full 3):
 PSYoungGen      total 386048K, used 386039K [0x00000006d5580000, 0x000000070a900000, 0x00000007c0000000)
  eden space 185856K, 100% used [0x00000006d5580000,0x00000006e0b00000,0x00000006e0b00000)
  from space 200192K, 99% used [0x00000006f1200000,0x00000006fd57dc60,0x00000006fd580000)
  to   space 269312K, 0% used [0x00000006e0b00000,0x00000006e0b00000,0x00000006f1200000)
 ParOldGen       total 881664K, used 526250K [0x0000000500000000, 0x0000000535d00000, 0x00000006d5580000)
  object space 881664K, 59% used [0x0000000500000000,0x00000005201eaa40,0x0000000535d00000)
 Metaspace       used 8174K, capacity 8442K, committed 8704K, reserved 1056768K
  class space    used 893K, capacity 979K, committed 1024K, reserved 1048576K
Event: 13.418 GC heap after
Heap after GC invocations=10 (full 3):
 PSYoungGen      total 455168K, used 269312K [0x00000006d5580000, 0x0000000710d80000, 0x00000007c0000000)
  eden space 185856K, 0% used [0x00000006d5580000,0x00000006d5580000,0x00000006e0b00000)
  from space 269312K, 100% used [0x00000006e0b00000,0x00000006f1200000,0x00000006f1200000)
  to   space 360448K, 0% used [0x00000006fad80000,0x00000006fad80000,0x0000000710d80000)
 ParOldGen       total 881664K, used 607157K [0x0000000500000000, 0x0000000535d00000, 0x00000006d5580000)
  object space 881664K, 68% used [0x0000000500000000,0x00000005250ed4c8,0x0000000535d00000)
 Metaspace       used 8174K, capacity 8442K, committed 8704K, reserved 1056768K
  class space    used 893K, capacity 979K, committed 1024K, reserved 1048576K
}
Event: 13.712 GC heap before
{Heap before GC invocations=11 (full 3):
 PSYoungGen      total 455168K, used 455168K [0x00000006d5580000, 0x0000000710d80000, 0x00000007c0000000)
  eden space 185856K, 100% used [0x00000006d5580000,0x00000006e0b00000,0x00000006e0b00000)
  from space 269312K, 100% used [0x00000006e0b00000,0x00000006f1200000,0x00000006f1200000)
  to   space 360448K, 0% used [0x00000006fad80000,0x00000006fad80000,0x0000000710d80000)
 ParOldGen       total 881664K, used 607157K [0x0000000500000000, 0x0000000535d00000, 0x00000006d5580000)
  object space 881664K, 68% used [0x0000000500000000,0x00000005250ed4c8,0x0000000535d00000)
 Metaspace       used 8174K, capacity 8442K, committed 8704K, reserved 1056768K
  class space    used 893K, capacity 979K, committed 1024K, reserved 1048576K
Event: 14.489 GC heap after
Heap after GC invocations=11 (full 3):
 PSYoungGen      total 509440K, used 360448K [0x00000006d5580000, 0x000000071e700000, 0x00000007c0000000)
  eden space 148992K, 0% used [0x00000006d5580000,0x00000006d5580000,0x00000006de700000)
  from space 360448K, 100% used [0x00000006fad80000,0x0000000710d80000,0x0000000710d80000)
  to   space 465408K, 0% used [0x00000006de700000,0x00000006de700000,0x00000006fad80000)
 ParOldGen       total 881664K, used 702385K [0x0000000500000000, 0x0000000535d00000, 0x00000006d5580000)
  object space 881664K, 79% used [0x0000000500000000,0x000000052adec4d8,0x0000000535d00000)
 Metaspace       used 8174K, capacity 8442K, committed 8704K, reserved 1056768K
  class space    used 893K, capacity 979K, committed 1024K, reserved 1048576K
}
Event: 14.616 GC heap before
{Heap before GC invocations=12 (full 3):
 PSYoungGen      total 509440K, used 509440K [0x00000006d5580000, 0x000000071e700000, 0x00000007c0000000)
  eden space 148992K, 100% used [0x00000006d5580000,0x00000006de700000,0x00000006de700000)
  from space 360448K, 100% used [0x00000006fad80000,0x0000000710d80000,0x0000000710d80000)
  to   space 465408K, 0% used [0x00000006de700000,0x00000006de700000,0x00000006fad80000)
 ParOldGen       total 881664K, used 702385K [0x0000000500000000, 0x0000000535d00000, 0x00000006d5580000)
  object space 881664K, 79% used [0x0000000500000000,0x000000052adec4d8,0x0000000535d00000)
 Metaspace       used 8174K, capacity 8442K, committed 8704K, reserved 1056768K
  class space    used 893K, capacity 979K, committed 1024K, reserved 1048576K
Event: 15.222 GC heap after
Heap after GC invocations=12 (full 3):
 PSYoungGen      total 614400K, used 462243K [0x00000006d5580000, 0x0000000723a80000, 0x00000007c0000000)
  eden space 148992K, 0% used [0x00000006d5580000,0x00000006d5580000,0x00000006de700000)
  from space 465408K, 99% used [0x00000006de700000,0x00000006faa68fc8,0x00000006fad80000)
  to   space 543232K, 0% used [0x0000000702800000,0x0000000702800000,0x0000000723a80000)
 ParOldGen       total 881664K, used 749881K [0x0000000500000000, 0x0000000535d00000, 0x00000006d5580000)
  object space 881664K, 85% used [0x0000000500000000,0x000000052dc4e4d8,0x0000000535d00000)
 Metaspace       used 8174K, capacity 8442K, committed 8704K, reserved 1056768K
  class space    used 893K, capacity 979K, committed 1024K, reserved 1048576K
}
Event: 15.222 GC heap before
{Heap before GC invocations=13 (full 4):
 PSYoungGen      total 614400K, used 462243K [0x00000006d5580000, 0x0000000723a80000, 0x00000007c0000000)
  eden space 148992K, 0% used [0x00000006d5580000,0x00000006d5580000,0x00000006de700000)
  from space 465408K, 99% used [0x00000006de700000,0x00000006faa68fc8,0x00000006fad80000)
  to   space 543232K, 0% used [0x0000000702800000,0x0000000702800000,0x0000000723a80000)
 ParOldGen       total 881664K, used 749881K [0x0000000500000000, 0x0000000535d00000, 0x00000006d5580000)
  object space 881664K, 85% used [0x0000000500000000,0x000000052dc4e4d8,0x0000000535d00000)
 Metaspace       used 8174K, capacity 8442K, committed 8704K, reserved 1056768K
  class space    used 893K, capacity 979K, committed 1024K, reserved 1048576K

