# JRE version: Java(TM) SE Runtime Environment (8.0_112-b15) (build 1.8.0_112-b15)
# Java VM: Java HotSpot(TM) 64-Bit Server VM (25.112-b15 mixed mode linux-amd64 compressed oops)
Heap:
 PSYoungGen      total 2502656K, used 80874K [0x00000006d5580000, 0x0000000776900000, 0x00000007c0000000)
  eden space 2421760K, 0% used [0x00000006d5580000,0x00000006d5580000,0x0000000769280000)
  from space 80896K, 99% used [0x0000000771a00000,0x00000007768fa870,0x0000000776900000)
  to   space 76288K, 0% used [0x0000000769280000,0x0000000769280000,0x000000076dd00000)
 ParOldGen       total 7689728K, used 7080011K [0x0000000500000000, 0x00000006d5580000, 0x00000006d5580000)
  object space 7689728K, 92% used [0x0000000500000000,0x00000006b0212f60,0x00000006d5580000)
 Metaspace       used 12687K, capacity 13160K, committed 13312K, reserved 1060864K
  class space    used 1382K, capacity 1516K, committed 1536K, reserved 1048576K
GC Heap History (10 events):
Event: 151.762 GC heap after
Heap after GC invocations=202 (full 11):
 PSYoungGen      total 2370560K, used 8559K [0x00000006d5580000, 0x000000076c980000, 0x00000007c0000000)
  eden space 2314240K, 0% used [0x00000006d5580000,0x00000006d5580000,0x0000000762980000)
  from space 56320K, 15% used [0x0000000762980000,0x00000007631dbeb8,0x0000000766080000)
  to   space 55296K, 0% used [0x0000000769380000,0x0000000769380000,0x000000076c980000)
 ParOldGen       total 7689728K, used 6979385K [0x0000000500000000, 0x00000006d5580000, 0x00000006d5580000)
  object space 7689728K, 90% used [0x0000000500000000,0x00000006a9fce598,0x00000006d5580000)
 Metaspace       used 12687K, capacity 13160K, committed 13312K, reserved 1060864K
  class space    used 1382K, capacity 1516K, committed 1536K, reserved 1048576K
}
Event: 152.556 GC heap before
{Heap before GC invocations=203 (full 11):
 PSYoungGen      total 2370560K, used 2322799K [0x00000006d5580000, 0x000000076c980000, 0x00000007c0000000)
  eden space 2314240K, 100% used [0x00000006d5580000,0x0000000762980000,0x0000000762980000)
  from space 56320K, 15% used [0x0000000762980000,0x00000007631dbeb8,0x0000000766080000)
  to   space 55296K, 0% used [0x0000000769380000,0x0000000769380000,0x000000076c980000)
 ParOldGen       total 7689728K, used 6979385K [0x0000000500000000, 0x00000006d5580000, 0x00000006d5580000)
  object space 7689728K, 90% used [0x0000000500000000,0x00000006a9fce598,0x00000006d5580000)
 Metaspace       used 12687K, capacity 13160K, committed 13312K, reserved 1060864K
  class space    used 1382K, capacity 1516K, committed 1536K, reserved 1048576K
Event: 152.688 GC heap after
Heap after GC invocations=203 (full 11):
 PSYoungGen      total 2423296K, used 1749K [0x00000006d5580000, 0x000000076d080000, 0x00000007c0000000)
  eden space 2368000K, 0% used [0x00000006d5580000,0x00000006d5580000,0x0000000765e00000)
  from space 55296K, 3% used [0x0000000769380000,0x00000007695355f8,0x000000076c980000)
  to   space 54784K, 0% used [0x0000000765e00000,0x0000000765e00000,0x0000000769380000)
 ParOldGen       total 7689728K, used 6979401K [0x0000000500000000, 0x00000006d5580000, 0x00000006d5580000)
  object space 7689728K, 90% used [0x0000000500000000,0x00000006a9fd2598,0x00000006d5580000)
 Metaspace       used 12687K, capacity 13160K, committed 13312K, reserved 1060864K
  class space    used 1382K, capacity 1516K, committed 1536K, reserved 1048576K
}
Event: 153.439 GC heap before
{Heap before GC invocations=204 (full 11):
 PSYoungGen      total 2423296K, used 2369749K [0x00000006d5580000, 0x000000076d080000, 0x00000007c0000000)
  eden space 2368000K, 100% used [0x00000006d5580000,0x0000000765e00000,0x0000000765e00000)
  from space 55296K, 3% used [0x0000000769380000,0x00000007695355f8,0x000000076c980000)
  to   space 54784K, 0% used [0x0000000765e00000,0x0000000765e00000,0x0000000769380000)
 ParOldGen       total 7689728K, used 6979401K [0x0000000500000000, 0x00000006d5580000, 0x00000006d5580000)
  object space 7689728K, 90% used [0x0000000500000000,0x00000006a9fd2598,0x00000006d5580000)
 Metaspace       used 12687K, capacity 13160K, committed 13312K, reserved 1060864K
  class space    used 1382K, capacity 1516K, committed 1536K, reserved 1048576K
Event: 153.511 GC heap after
Heap after GC invocations=204 (full 11):
 PSYoungGen      total 2422784K, used 54775K [0x00000006d5580000, 0x0000000773480000, 0x00000007c0000000)
  eden space 2368000K, 0% used [0x00000006d5580000,0x00000006d5580000,0x0000000765e00000)
  from space 54784K, 99% used [0x0000000765e00000,0x000000076937de90,0x0000000769380000)
  to   space 78336K, 0% used [0x000000076e800000,0x000000076e800000,0x0000000773480000)
 ParOldGen       total 7689728K, used 7016440K [0x0000000500000000, 0x00000006d5580000, 0x00000006d5580000)
  object space 7689728K, 91% used [0x0000000500000000,0x00000006ac3fe250,0x00000006d5580000)
 Metaspace       used 12687K, capacity 13160K, committed 13312K, reserved 1060864K
  class space    used 1382K, capacity 1516K, committed 1536K, reserved 1048576K
}
Event: 155.724 GC heap before
{Heap before GC invocations=205 (full 11):
 PSYoungGen      total 2422784K, used 2422775K [0x00000006d5580000, 0x0000000773480000, 0x00000007c0000000)
  eden space 2368000K, 100% used [0x00000006d5580000,0x0000000765e00000,0x0000000765e00000)
  from space 54784K, 99% used [0x0000000765e00000,0x000000076937de90,0x0000000769380000)
  to   space 78336K, 0% used [0x000000076e800000,0x000000076e800000,0x0000000773480000)
 ParOldGen       total 7689728K, used 7016440K [0x0000000500000000, 0x00000006d5580000, 0x00000006d5580000)
  object space 7689728K, 91% used [0x0000000500000000,0x00000006ac3fe250,0x00000006d5580000)
 Metaspace       used 12687K, capacity 13160K, committed 13312K, reserved 1060864K
  class space    used 1382K, capacity 1516K, committed 1536K, reserved 1048576K
Event: 155.798 GC heap after
Heap after GC invocations=205 (full 11):
 PSYoungGen      total 2486784K, used 6946K [0x00000006d5580000, 0x0000000772780000, 0x00000007c0000000)
  eden space 2421760K, 0% used [0x00000006d5580000,0x00000006d5580000,0x0000000769280000)
  from space 65024K, 10% used [0x000000076e800000,0x000000076eec8938,0x0000000772780000)
  to   space 76288K, 0% used [0x0000000769280000,0x0000000769280000,0x000000076dd00000)
 ParOldGen       total 7689728K, used 7016464K [0x0000000500000000, 0x00000006d5580000, 0x00000006d5580000)
  object space 7689728K, 91% used [0x0000000500000000,0x00000006ac404250,0x00000006d5580000)
 Metaspace       used 12687K, capacity 13160K, committed 13312K, reserved 1060864K
  class space    used 1382K, capacity 1516K, committed 1536K, reserved 1048576K
}
Event: 156.638 GC heap before
{Heap before GC invocations=206 (full 11):
 PSYoungGen      total 2486784K, used 2428706K [0x00000006d5580000, 0x0000000772780000, 0x00000007c0000000)
  eden space 2421760K, 100% used [0x00000006d5580000,0x0000000769280000,0x0000000769280000)
  from space 65024K, 10% used [0x000000076e800000,0x000000076eec8938,0x0000000772780000)
  to   space 76288K, 0% used [0x0000000769280000,0x0000000769280000,0x000000076dd00000)
 ParOldGen       total 7689728K, used 7016464K [0x0000000500000000, 0x00000006d5580000, 0x00000006d5580000)
  object space 7689728K, 91% used [0x0000000500000000,0x00000006ac404250,0x00000006d5580000)
 Metaspace       used 12687K, capacity 13160K, committed 13312K, reserved 1060864K
  class space    used 1382K, capacity 1516K, committed 1536K, reserved 1048576K
Event: 156.727 GC heap after
Heap after GC invocations=206 (full 11):
 PSYoungGen      total 2498048K, used 50250K [0x00000006d5580000, 0x0000000776900000, 0x00000007c0000000)
  eden space 2421760K, 0% used [0x00000006d5580000,0x00000006d5580000,0x0000000769280000)
  from space 76288K, 65% used [0x0000000769280000,0x000000076c392870,0x000000076dd00000)
  to   space 80896K, 0% used [0x0000000771a00000,0x0000000771a00000,0x0000000776900000)
 ParOldGen       total 7689728K, used 7016464K [0x0000000500000000, 0x00000006d5580000, 0x00000006d5580000)
  object space 7689728K, 91% used [0x0000000500000000,0x00000006ac404250,0x00000006d5580000)
 Metaspace       used 12687K, capacity 13160K, committed 13312K, reserved 1060864K
  class space    used 1382K, capacity 1516K, committed 1536K, reserved 1048576K
}
Event: 157.344 GC heap before
{Heap before GC invocations=207 (full 11):
 PSYoungGen      total 2498048K, used 2472010K [0x00000006d5580000, 0x0000000776900000, 0x00000007c0000000)
  eden space 2421760K, 100% used [0x00000006d5580000,0x0000000769280000,0x0000000769280000)
  from space 76288K, 65% used [0x0000000769280000,0x000000076c392870,0x000000076dd00000)
  to   space 80896K, 0% used [0x0000000771a00000,0x0000000771a00000,0x0000000776900000)
 ParOldGen       total 7689728K, used 7016464K [0x0000000500000000, 0x00000006d5580000, 0x00000006d5580000)
  object space 7689728K, 91% used [0x0000000500000000,0x00000006ac404250,0x00000006d5580000)
 Metaspace       used 12687K, capacity 13160K, committed 13312K, reserved 1060864K
  class space    used 1382K, capacity 1516K, committed 1536K, reserved 1048576K

