# JRE version: Java(TM) SE Runtime Environment (8.0_112-b15) (build 1.8.0_112-b15)
# Java VM: Java HotSpot(TM) 64-Bit Server VM (25.112-b15 mixed mode linux-amd64 compressed oops)
Heap:
 PSYoungGen      total 1384448K, used 1714K [0x00000006d5580000, 0x0000000767600000, 0x00000007c0000000)
  eden space 436736K, 0% used [0x00000006d5580000,0x00000006d5580000,0x00000006f0000000)
  from space 947712K, 0% used [0x00000006f0000000,0x00000006f01ac858,0x0000000729d80000)
  to   space 951296K, 0% used [0x000000072d500000,0x000000072d500000,0x0000000767600000)
 ParOldGen       total 6686208K, used 6686164K [0x0000000500000000, 0x0000000698180000, 0x00000006d5580000)
  object space 6686208K, 99% used [0x0000000500000000,0x0000000698175258,0x0000000698180000)
 Metaspace       used 8866K, capacity 9206K, committed 9344K, reserved 1056768K
  class space    used 941K, capacity 1053K, committed 1152K, reserved 1048576K
GC Heap History (10 events):
Event: 93.655 GC heap after
Heap after GC invocations=89 (full 10):
 PSYoungGen      total 1265664K, used 777472K [0x00000006d5580000, 0x0000000765580000, 0x00000007c0000000)
  eden space 363520K, 0% used [0x00000006d5580000,0x00000006d5580000,0x00000006eb880000)
  from space 902144K, 86% used [0x00000006eb880000,0x000000071afc0000,0x0000000722980000)
  to   space 974848K, 0% used [0x0000000729d80000,0x0000000729d80000,0x0000000765580000)
 ParOldGen       total 6686208K, used 5726096K [0x0000000500000000, 0x0000000698180000, 0x00000006d5580000)
  object space 6686208K, 85% used [0x0000000500000000,0x000000065d7e4220,0x0000000698180000)
 Metaspace       used 8476K, capacity 8806K, committed 8960K, reserved 1056768K
  class space    used 903K, capacity 1011K, committed 1024K, reserved 1048576K
}
Event: 93.889 GC heap before
{Heap before GC invocations=90 (full 10):
 PSYoungGen      total 1265664K, used 1140992K [0x00000006d5580000, 0x0000000765580000, 0x00000007c0000000)
  eden space 363520K, 100% used [0x00000006d5580000,0x00000006eb880000,0x00000006eb880000)
  from space 902144K, 86% used [0x00000006eb880000,0x000000071afc0000,0x0000000722980000)
  to   space 974848K, 0% used [0x0000000729d80000,0x0000000729d80000,0x0000000765580000)
 ParOldGen       total 6686208K, used 5726096K [0x0000000500000000, 0x0000000698180000, 0x00000006d5580000)
  object space 6686208K, 85% used [0x0000000500000000,0x000000065d7e4220,0x0000000698180000)
 Metaspace       used 8476K, capacity 8806K, committed 8960K, reserved 1056768K
  class space    used 903K, capacity 1011K, committed 1024K, reserved 1048576K
Event: 94.441 GC heap after
Heap after GC invocations=90 (full 10):
 PSYoungGen      total 1361920K, used 684768K [0x00000006d5580000, 0x0000000768280000, 0x00000007c0000000)
  eden space 387072K, 0% used [0x00000006d5580000,0x00000006d5580000,0x00000006ecf80000)
  from space 974848K, 70% used [0x0000000729d80000,0x0000000753a38000,0x0000000765580000)
  to   space 997376K, 0% used [0x00000006ecf80000,0x00000006ecf80000,0x0000000729d80000)
 ParOldGen       total 6686208K, used 5911472K [0x0000000500000000, 0x0000000698180000, 0x00000006d5580000)
  object space 6686208K, 88% used [0x0000000500000000,0x0000000668cec220,0x0000000698180000)
 Metaspace       used 8476K, capacity 8806K, committed 8960K, reserved 1056768K
  class space    used 903K, capacity 1011K, committed 1024K, reserved 1048576K
}
Event: 94.665 GC heap before
{Heap before GC invocations=91 (full 10):
 PSYoungGen      total 1361920K, used 1071840K [0x00000006d5580000, 0x0000000768280000, 0x00000007c0000000)
  eden space 387072K, 100% used [0x00000006d5580000,0x00000006ecf80000,0x00000006ecf80000)
  from space 974848K, 70% used [0x0000000729d80000,0x0000000753a38000,0x0000000765580000)
  to   space 997376K, 0% used [0x00000006ecf80000,0x00000006ecf80000,0x0000000729d80000)
 ParOldGen       total 6686208K, used 5911472K [0x0000000500000000, 0x0000000698180000, 0x00000006d5580000)
  object space 6686208K, 88% used [0x0000000500000000,0x0000000668cec220,0x0000000698180000)
 Metaspace       used 8476K, capacity 8806K, committed 8960K, reserved 1056768K
  class space    used 903K, capacity 1011K, committed 1024K, reserved 1048576K
Event: 95.268 GC heap after
Heap after GC invocations=91 (full 10):
 PSYoungGen      total 1384448K, used 581824K [0x00000006d5580000, 0x0000000767180000, 0x00000007c0000000)
  eden space 387072K, 0% used [0x00000006d5580000,0x00000006d5580000,0x00000006ecf80000)
  from space 997376K, 58% used [0x00000006ecf80000,0x00000007107b0000,0x0000000729d80000)
  to   space 974336K, 0% used [0x000000072ba00000,0x000000072ba00000,0x0000000767180000)
 ParOldGen       total 6686208K, used 6113156K [0x0000000500000000, 0x0000000698180000, 0x00000006d5580000)
  object space 6686208K, 91% used [0x0000000500000000,0x00000006751e1290,0x0000000698180000)
 Metaspace       used 8476K, capacity 8806K, committed 8960K, reserved 1056768K
  class space    used 903K, capacity 1011K, committed 1024K, reserved 1048576K
}
Event: 95.822 GC heap before
{Heap before GC invocations=92 (full 10):
 PSYoungGen      total 1384448K, used 968896K [0x00000006d5580000, 0x0000000767180000, 0x00000007c0000000)
  eden space 387072K, 100% used [0x00000006d5580000,0x00000006ecf80000,0x00000006ecf80000)
  from space 997376K, 58% used [0x00000006ecf80000,0x00000007107b0000,0x0000000729d80000)
  to   space 974336K, 0% used [0x000000072ba00000,0x000000072ba00000,0x0000000767180000)
 ParOldGen       total 6686208K, used 6113156K [0x0000000500000000, 0x0000000698180000, 0x00000006d5580000)
  object space 6686208K, 91% used [0x0000000500000000,0x00000006751e1290,0x0000000698180000)
 Metaspace       used 8866K, capacity 9206K, committed 9344K, reserved 1056768K
  class space    used 941K, capacity 1053K, committed 1152K, reserved 1048576K
Event: 96.458 GC heap after
Heap after GC invocations=92 (full 10):
 PSYoungGen      total 1355264K, used 408224K [0x00000006d5580000, 0x0000000763b00000, 0x00000007c0000000)
  eden space 436736K, 0% used [0x00000006d5580000,0x00000006d5580000,0x00000006f0000000)
  from space 918528K, 44% used [0x000000072ba00000,0x00000007448a8000,0x0000000763b00000)
  to   space 947712K, 0% used [0x00000006f0000000,0x00000006f0000000,0x0000000729d80000)
 ParOldGen       total 6686208K, used 6316821K [0x0000000500000000, 0x0000000698180000, 0x00000006d5580000)
  object space 6686208K, 94% used [0x0000000500000000,0x00000006818c5408,0x0000000698180000)
 Metaspace       used 8866K, capacity 9206K, committed 9344K, reserved 1056768K
  class space    used 941K, capacity 1053K, committed 1152K, reserved 1048576K
}
Event: 97.032 GC heap before
{Heap before GC invocations=93 (full 10):
 PSYoungGen      total 1355264K, used 844960K [0x00000006d5580000, 0x0000000763b00000, 0x00000007c0000000)
  eden space 436736K, 100% used [0x00000006d5580000,0x00000006f0000000,0x00000006f0000000)
  from space 918528K, 44% used [0x000000072ba00000,0x00000007448a8000,0x0000000763b00000)
  to   space 947712K, 0% used [0x00000006f0000000,0x00000006f0000000,0x0000000729d80000)
 ParOldGen       total 6686208K, used 6316821K [0x0000000500000000, 0x0000000698180000, 0x00000006d5580000)
  object space 6686208K, 94% used [0x0000000500000000,0x00000006818c5408,0x0000000698180000)
 Metaspace       used 8866K, capacity 9206K, committed 9344K, reserved 1056768K
  class space    used 941K, capacity 1053K, committed 1152K, reserved 1048576K
Event: 97.639 GC heap after
Heap after GC invocations=93 (full 10):
 PSYoungGen      total 1384448K, used 230144K [0x00000006d5580000, 0x0000000767600000, 0x00000007c0000000)
  eden space 436736K, 0% used [0x00000006d5580000,0x00000006d5580000,0x00000006f0000000)
  from space 947712K, 24% used [0x00000006f0000000,0x00000006fe0c0000,0x0000000729d80000)
  to   space 951296K, 0% used [0x000000072d500000,0x000000072d500000,0x0000000767600000)
 ParOldGen       total 6686208K, used 6507965K [0x0000000500000000, 0x0000000698180000, 0x00000006d5580000)
  object space 6686208K, 97% used [0x0000000500000000,0x000000068d36f408,0x0000000698180000)
 Metaspace       used 8866K, capacity 9206K, committed 9344K, reserved 1056768K
  class space    used 941K, capacity 1053K, committed 1152K, reserved 1048576K
}
Event: 97.639 GC heap before
{Heap before GC invocations=94 (full 11):
 PSYoungGen      total 1384448K, used 230144K [0x00000006d5580000, 0x0000000767600000, 0x00000007c0000000)
  eden space 436736K, 0% used [0x00000006d5580000,0x00000006d5580000,0x00000006f0000000)
  from space 947712K, 24% used [0x00000006f0000000,0x00000006fe0c0000,0x0000000729d80000)
  to   space 951296K, 0% used [0x000000072d500000,0x000000072d500000,0x0000000767600000)
 ParOldGen       total 6686208K, used 6507965K [0x0000000500000000, 0x0000000698180000, 0x00000006d5580000)
  object space 6686208K, 97% used [0x0000000500000000,0x000000068d36f408,0x0000000698180000)
 Metaspace       used 8866K, capacity 9206K, committed 9344K, reserved 1056768K
  class space    used 941K, capacity 1053K, committed 1152K, reserved 1048576K

