# JRE version: Java(TM) SE Runtime Environment (8.0_112-b15) (build 1.8.0_112-b15)
# Java VM: Java HotSpot(TM) 64-Bit Server VM (25.112-b15 mixed mode linux-amd64 compressed oops)
Heap:
 PSYoungGen      total 1737728K, used 952169K [0x00000006d5580000, 0x0000000790c80000, 0x00000007c0000000)
  eden space 456192K, 0% used [0x00000006d5580000,0x00000006d5580000,0x00000006f1300000)
  from space 1281536K, 74% used [0x00000006f1300000,0x000000072b4da4d0,0x000000073f680000)
  to   space 1281536K, 0% used [0x0000000742900000,0x0000000742900000,0x0000000790c80000)
 ParOldGen       total 4826112K, used 4826102K [0x0000000500000000, 0x0000000626900000, 0x00000006d5580000)
  object space 4826112K, 99% used [0x0000000500000000,0x00000006268fd8a8,0x0000000626900000)
 Metaspace       used 16825K, capacity 17306K, committed 17664K, reserved 1064960K
  class space    used 1854K, capacity 1980K, committed 2048K, reserved 1048576K
GC Heap History (10 events):
Event: 394.668 GC heap after
Heap after GC invocations=188 (full 13):
 PSYoungGen      total 1654784K, used 1281504K [0x00000006d5580000, 0x000000078ae00000, 0x00000007c0000000)
  eden space 373248K, 0% used [0x00000006d5580000,0x00000006d5580000,0x00000006ec200000)
  from space 1281536K, 99% used [0x00000006ec200000,0x000000073a578360,0x000000073a580000)
  to   space 1281536K, 0% used [0x000000073ca80000,0x000000073ca80000,0x000000078ae00000)
 ParOldGen       total 4826112K, used 2988813K [0x0000000500000000, 0x0000000626900000, 0x00000006d5580000)
  object space 4826112K, 61% used [0x0000000500000000,0x00000005b66c3558,0x0000000626900000)
 Metaspace       used 16825K, capacity 17306K, committed 17664K, reserved 1064960K
  class space    used 1854K, capacity 1980K, committed 2048K, reserved 1048576K
}
Event: 395.273 GC heap before
{Heap before GC invocations=189 (full 13):
 PSYoungGen      total 1654784K, used 1654752K [0x00000006d5580000, 0x000000078ae00000, 0x00000007c0000000)
  eden space 373248K, 100% used [0x00000006d5580000,0x00000006ec200000,0x00000006ec200000)
  from space 1281536K, 99% used [0x00000006ec200000,0x000000073a578360,0x000000073a580000)
  to   space 1281536K, 0% used [0x000000073ca80000,0x000000073ca80000,0x000000078ae00000)
 ParOldGen       total 4826112K, used 2988813K [0x0000000500000000, 0x0000000626900000, 0x00000006d5580000)
  object space 4826112K, 61% used [0x0000000500000000,0x00000005b66c3558,0x0000000626900000)
 Metaspace       used 16825K, capacity 17306K, committed 17664K, reserved 1064960K
  class space    used 1854K, capacity 1980K, committed 2048K, reserved 1048576K
Event: 396.316 GC heap after
Heap after GC invocations=189 (full 13):
 PSYoungGen      total 1692672K, used 1281504K [0x00000006d5580000, 0x000000078b080000, 0x00000007c0000000)
  eden space 411136K, 0% used [0x00000006d5580000,0x00000006d5580000,0x00000006ee700000)
  from space 1281536K, 99% used [0x000000073ca80000,0x000000078adf8360,0x000000078ae00000)
  to   space 1281536K, 0% used [0x00000006ee700000,0x00000006ee700000,0x000000073ca80000)
 ParOldGen       total 4826112K, used 3360533K [0x0000000500000000, 0x0000000626900000, 0x00000006d5580000)
  object space 4826112K, 69% used [0x0000000500000000,0x00000005cd1c5558,0x0000000626900000)
 Metaspace       used 16825K, capacity 17306K, committed 17664K, reserved 1064960K
  class space    used 1854K, capacity 1980K, committed 2048K, reserved 1048576K
}
Event: 397.010 GC heap before
{Heap before GC invocations=190 (full 13):
 PSYoungGen      total 1692672K, used 1692640K [0x00000006d5580000, 0x000000078b080000, 0x00000007c0000000)
  eden space 411136K, 100% used [0x00000006d5580000,0x00000006ee700000,0x00000006ee700000)
  from space 1281536K, 99% used [0x000000073ca80000,0x000000078adf8360,0x000000078ae00000)
  to   space 1281536K, 0% used [0x00000006ee700000,0x00000006ee700000,0x000000073ca80000)
 ParOldGen       total 4826112K, used 3360533K [0x0000000500000000, 0x0000000626900000, 0x00000006d5580000)
  object space 4826112K, 69% used [0x0000000500000000,0x00000005cd1c5558,0x0000000626900000)
 Metaspace       used 16825K, capacity 17306K, committed 17664K, reserved 1064960K
  class space    used 1854K, capacity 1980K, committed 2048K, reserved 1048576K
Event: 397.829 GC heap after
Heap after GC invocations=190 (full 13):
 PSYoungGen      total 1692672K, used 1281504K [0x00000006d5580000, 0x000000078da00000, 0x00000007c0000000)
  eden space 411136K, 0% used [0x00000006d5580000,0x00000006d5580000,0x00000006ee700000)
  from space 1281536K, 99% used [0x00000006ee700000,0x000000073ca78360,0x000000073ca80000)
  to   space 1281536K, 0% used [0x000000073f680000,0x000000073f680000,0x000000078da00000)
 ParOldGen       total 4826112K, used 3770037K [0x0000000500000000, 0x0000000626900000, 0x00000006d5580000)
  object space 4826112K, 78% used [0x0000000500000000,0x00000005e61ad558,0x0000000626900000)
 Metaspace       used 16825K, capacity 17306K, committed 17664K, reserved 1064960K
  class space    used 1854K, capacity 1980K, committed 2048K, reserved 1048576K
}
Event: 398.470 GC heap before
{Heap before GC invocations=191 (full 13):
 PSYoungGen      total 1692672K, used 1692640K [0x00000006d5580000, 0x000000078da00000, 0x00000007c0000000)
  eden space 411136K, 100% used [0x00000006d5580000,0x00000006ee700000,0x00000006ee700000)
  from space 1281536K, 99% used [0x00000006ee700000,0x000000073ca78360,0x000000073ca80000)
  to   space 1281536K, 0% used [0x000000073f680000,0x000000073f680000,0x000000078da00000)
 ParOldGen       total 4826112K, used 3770037K [0x0000000500000000, 0x0000000626900000, 0x00000006d5580000)
  object space 4826112K, 78% used [0x0000000500000000,0x00000005e61ad558,0x0000000626900000)
 Metaspace       used 16825K, capacity 17306K, committed 17664K, reserved 1064960K
  class space    used 1854K, capacity 1980K, committed 2048K, reserved 1048576K
Event: 399.252 GC heap after
Heap after GC invocations=191 (full 13):
 PSYoungGen      total 1737728K, used 1281504K [0x00000006d5580000, 0x000000078db00000, 0x00000007c0000000)
  eden space 456192K, 0% used [0x00000006d5580000,0x00000006d5580000,0x00000006f1300000)
  from space 1281536K, 99% used [0x000000073f680000,0x000000078d9f8360,0x000000078da00000)
  to   space 1281536K, 0% used [0x00000006f1300000,0x00000006f1300000,0x000000073f680000)
 ParOldGen       total 4826112K, used 4179541K [0x0000000500000000, 0x0000000626900000, 0x00000006d5580000)
  object space 4826112K, 86% used [0x0000000500000000,0x00000005ff195558,0x0000000626900000)
 Metaspace       used 16825K, capacity 17306K, committed 17664K, reserved 1064960K
  class space    used 1854K, capacity 1980K, committed 2048K, reserved 1048576K
}
Event: 399.958 GC heap before
{Heap before GC invocations=192 (full 13):
 PSYoungGen      total 1737728K, used 1737696K [0x00000006d5580000, 0x000000078db00000, 0x00000007c0000000)
  eden space 456192K, 100% used [0x00000006d5580000,0x00000006f1300000,0x00000006f1300000)
  from space 1281536K, 99% used [0x000000073f680000,0x000000078d9f8360,0x000000078da00000)
  to   space 1281536K, 0% used [0x00000006f1300000,0x00000006f1300000,0x000000073f680000)
 ParOldGen       total 4826112K, used 4179541K [0x0000000500000000, 0x0000000626900000, 0x00000006d5580000)
  object space 4826112K, 86% used [0x0000000500000000,0x00000005ff195558,0x0000000626900000)
 Metaspace       used 16825K, capacity 17306K, committed 17664K, reserved 1064960K
  class space    used 1854K, capacity 1980K, committed 2048K, reserved 1048576K
Event: 400.772 GC heap after
Heap after GC invocations=192 (full 13):
 PSYoungGen      total 1737728K, used 1266304K [0x00000006d5580000, 0x0000000790c80000, 0x00000007c0000000)
  eden space 456192K, 0% used [0x00000006d5580000,0x00000006d5580000,0x00000006f1300000)
  from space 1281536K, 98% used [0x00000006f1300000,0x000000073e7a0000,0x000000073f680000)
  to   space 1281536K, 0% used [0x0000000742900000,0x0000000742900000,0x0000000790c80000)
 ParOldGen       total 4826112K, used 4648246K [0x0000000500000000, 0x0000000626900000, 0x00000006d5580000)
  object space 4826112K, 96% used [0x0000000500000000,0x000000061bb4d8b8,0x0000000626900000)
 Metaspace       used 16825K, capacity 17306K, committed 17664K, reserved 1064960K
  class space    used 1854K, capacity 1980K, committed 2048K, reserved 1048576K
}
Event: 400.772 GC heap before
{Heap before GC invocations=193 (full 14):
 PSYoungGen      total 1737728K, used 1266304K [0x00000006d5580000, 0x0000000790c80000, 0x00000007c0000000)
  eden space 456192K, 0% used [0x00000006d5580000,0x00000006d5580000,0x00000006f1300000)
  from space 1281536K, 98% used [0x00000006f1300000,0x000000073e7a0000,0x000000073f680000)
  to   space 1281536K, 0% used [0x0000000742900000,0x0000000742900000,0x0000000790c80000)
 ParOldGen       total 4826112K, used 4648246K [0x0000000500000000, 0x0000000626900000, 0x00000006d5580000)
  object space 4826112K, 96% used [0x0000000500000000,0x000000061bb4d8b8,0x0000000626900000)
 Metaspace       used 16825K, capacity 17306K, committed 17664K, reserved 1064960K
  class space    used 1854K, capacity 1980K, committed 2048K, reserved 1048576K

