# JRE version: Java(TM) SE Runtime Environment (8.0_112-b15) (build 1.8.0_112-b15)
# Java VM: Java HotSpot(TM) 64-Bit Server VM (25.112-b15 mixed mode linux-amd64 compressed oops)
Heap:
 PSYoungGen      total 1406976K, used 0K [0x00000006d5580000, 0x0000000779680000, 0x00000007c0000000)
  eden space 133120K, 0% used [0x00000006d5580000,0x00000006d5580000,0x00000006dd780000)
  from space 1273856K, 0% used [0x000000072ba80000,0x000000072ba80000,0x0000000779680000)
  to   space 1277440K, 0% used [0x00000006dd780000,0x00000006dd780000,0x000000072b700000)
 ParOldGen       total 6158336K, used 5568062K [0x0000000500000000, 0x0000000677e00000, 0x00000006d5580000)
  object space 6158336K, 90% used [0x0000000500000000,0x0000000653d8f968,0x0000000677e00000)
 Metaspace       used 8420K, capacity 8806K, committed 8960K, reserved 1056768K
  class space    used 902K, capacity 1013K, committed 1024K, reserved 1048576K
GC Heap History (10 events):
Event: 86.554 GC heap after
Heap after GC invocations=79 (full 9):
 PSYoungGen      total 1190400K, used 815008K [0x00000006d5580000, 0x0000000771200000, 0x00000007c0000000)
  eden space 123904K, 0% used [0x00000006d5580000,0x00000006d5580000,0x00000006dce80000)
  from space 1066496K, 76% used [0x0000000723f80000,0x0000000755b68000,0x0000000765100000)
  to   space 1164288K, 0% used [0x00000006dce80000,0x00000006dce80000,0x0000000723f80000)
 ParOldGen       total 6146560K, used 5782487K [0x0000000500000000, 0x0000000677280000, 0x00000006d5580000)
  object space 6146560K, 94% used [0x0000000500000000,0x0000000660ef5ca8,0x0000000677280000)
 Metaspace       used 8420K, capacity 8806K, committed 8960K, reserved 1056768K
  class space    used 902K, capacity 1013K, committed 1024K, reserved 1048576K
}
Event: 86.620 GC heap before
{Heap before GC invocations=80 (full 9):
 PSYoungGen      total 1190400K, used 938912K [0x00000006d5580000, 0x0000000771200000, 0x00000007c0000000)
  eden space 123904K, 100% used [0x00000006d5580000,0x00000006dce80000,0x00000006dce80000)
  from space 1066496K, 76% used [0x0000000723f80000,0x0000000755b68000,0x0000000765100000)
  to   space 1164288K, 0% used [0x00000006dce80000,0x00000006dce80000,0x0000000723f80000)
 ParOldGen       total 6146560K, used 5782487K [0x0000000500000000, 0x0000000677280000, 0x00000006d5580000)
  object space 6146560K, 94% used [0x0000000500000000,0x0000000660ef5ca8,0x0000000677280000)
 Metaspace       used 8420K, capacity 8806K, committed 8960K, reserved 1056768K
  class space    used 902K, capacity 1013K, committed 1024K, reserved 1048576K
Event: 86.997 GC heap after
Heap after GC invocations=80 (full 9):
 PSYoungGen      total 1288192K, used 849888K [0x00000006d5580000, 0x0000000776f80000, 0x00000007c0000000)
  eden space 123904K, 0% used [0x00000006d5580000,0x00000006d5580000,0x00000006dce80000)
  from space 1164288K, 72% used [0x00000006dce80000,0x0000000710c78000,0x0000000723f80000)
  to   space 1252864K, 0% used [0x000000072a800000,0x000000072a800000,0x0000000776f80000)
 ParOldGen       total 6146560K, used 5782487K [0x0000000500000000, 0x0000000677280000, 0x00000006d5580000)
  object space 6146560K, 94% used [0x0000000500000000,0x0000000660ef5ca8,0x0000000677280000)
 Metaspace       used 8420K, capacity 8806K, committed 8960K, reserved 1056768K
  class space    used 902K, capacity 1013K, committed 1024K, reserved 1048576K
}
Event: 87.061 GC heap before
{Heap before GC invocations=81 (full 9):
 PSYoungGen      total 1288192K, used 973792K [0x00000006d5580000, 0x0000000776f80000, 0x00000007c0000000)
  eden space 123904K, 100% used [0x00000006d5580000,0x00000006dce80000,0x00000006dce80000)
  from space 1164288K, 72% used [0x00000006dce80000,0x0000000710c78000,0x0000000723f80000)
  to   space 1252864K, 0% used [0x000000072a800000,0x000000072a800000,0x0000000776f80000)
 ParOldGen       total 6146560K, used 5782487K [0x0000000500000000, 0x0000000677280000, 0x00000006d5580000)
  object space 6146560K, 94% used [0x0000000500000000,0x0000000660ef5ca8,0x0000000677280000)
 Metaspace       used 8420K, capacity 8806K, committed 8960K, reserved 1056768K
  class space    used 902K, capacity 1013K, committed 1024K, reserved 1048576K
Event: 87.645 GC heap after
Heap after GC invocations=81 (full 9):
 PSYoungGen      total 1366528K, used 880480K [0x00000006d5580000, 0x000000077a880000, 0x00000007c0000000)
  eden space 113664K, 0% used [0x00000006d5580000,0x00000006d5580000,0x00000006dc480000)
  from space 1252864K, 70% used [0x000000072a800000,0x00000007603d8000,0x0000000776f80000)
  to   space 1281536K, 0% used [0x00000006dc480000,0x00000006dc480000,0x000000072a800000)
 ParOldGen       total 6146560K, used 5786919K [0x0000000500000000, 0x0000000677280000, 0x00000006d5580000)
  object space 6146560K, 94% used [0x0000000500000000,0x0000000661349ca8,0x0000000677280000)
 Metaspace       used 8420K, capacity 8806K, committed 8960K, reserved 1056768K
  class space    used 902K, capacity 1013K, committed 1024K, reserved 1048576K
}
Event: 87.709 GC heap before
{Heap before GC invocations=82 (full 9):
 PSYoungGen      total 1366528K, used 994144K [0x00000006d5580000, 0x000000077a880000, 0x00000007c0000000)
  eden space 113664K, 100% used [0x00000006d5580000,0x00000006dc480000,0x00000006dc480000)
  from space 1252864K, 70% used [0x000000072a800000,0x00000007603d8000,0x0000000776f80000)
  to   space 1281536K, 0% used [0x00000006dc480000,0x00000006dc480000,0x000000072a800000)
 ParOldGen       total 6146560K, used 5786919K [0x0000000500000000, 0x0000000677280000, 0x00000006d5580000)
  object space 6146560K, 94% used [0x0000000500000000,0x0000000661349ca8,0x0000000677280000)
 Metaspace       used 8420K, capacity 8806K, committed 8960K, reserved 1056768K
  class space    used 902K, capacity 1013K, committed 1024K, reserved 1048576K
Event: 88.318 GC heap after
Heap after GC invocations=82 (full 9):
 PSYoungGen      total 1395200K, used 734976K [0x00000006d5580000, 0x0000000779e00000, 0x00000007c0000000)
  eden space 113664K, 0% used [0x00000006d5580000,0x00000006d5580000,0x00000006dc480000)
  from space 1281536K, 57% used [0x00000006dc480000,0x0000000709240000,0x000000072a800000)
  to   space 1281536K, 0% used [0x000000072ba80000,0x000000072ba80000,0x0000000779e00000)
 ParOldGen       total 6146560K, used 5965487K [0x0000000500000000, 0x0000000677280000, 0x00000006d5580000)
  object space 6146560K, 97% used [0x0000000500000000,0x000000066c1abca8,0x0000000677280000)
 Metaspace       used 8420K, capacity 8806K, committed 8960K, reserved 1056768K
  class space    used 902K, capacity 1013K, committed 1024K, reserved 1048576K
}
Event: 88.383 GC heap before
{Heap before GC invocations=83 (full 9):
 PSYoungGen      total 1395200K, used 848640K [0x00000006d5580000, 0x0000000779e00000, 0x00000007c0000000)
  eden space 113664K, 100% used [0x00000006d5580000,0x00000006dc480000,0x00000006dc480000)
  from space 1281536K, 57% used [0x00000006dc480000,0x0000000709240000,0x000000072a800000)
  to   space 1281536K, 0% used [0x000000072ba80000,0x000000072ba80000,0x0000000779e00000)
 ParOldGen       total 6146560K, used 5965487K [0x0000000500000000, 0x0000000677280000, 0x00000006d5580000)
  object space 6146560K, 97% used [0x0000000500000000,0x000000066c1abca8,0x0000000677280000)
 Metaspace       used 8420K, capacity 8806K, committed 8960K, reserved 1056768K
  class space    used 902K, capacity 1013K, committed 1024K, reserved 1048576K
Event: 88.884 GC heap after
Heap after GC invocations=83 (full 9):
 PSYoungGen      total 1406976K, used 577184K [0x00000006d5580000, 0x0000000779680000, 0x00000007c0000000)
  eden space 133120K, 0% used [0x00000006d5580000,0x00000006d5580000,0x00000006dd780000)
  from space 1273856K, 45% used [0x000000072ba80000,0x000000074ee28000,0x0000000779680000)
  to   space 1277440K, 0% used [0x00000006dd780000,0x00000006dd780000,0x000000072b700000)
 ParOldGen       total 6158336K, used 6156431K [0x0000000500000000, 0x0000000677e00000, 0x00000006d5580000)
  object space 6158336K, 99% used [0x0000000500000000,0x0000000677c23ca8,0x0000000677e00000)
 Metaspace       used 8420K, capacity 8806K, committed 8960K, reserved 1056768K
  class space    used 902K, capacity 1013K, committed 1024K, reserved 1048576K
}
Event: 88.886 GC heap before
{Heap before GC invocations=84 (full 10):
 PSYoungGen      total 1406976K, used 577184K [0x00000006d5580000, 0x0000000779680000, 0x00000007c0000000)
  eden space 133120K, 0% used [0x00000006d5580000,0x00000006d5580000,0x00000006dd780000)
  from space 1273856K, 45% used [0x000000072ba80000,0x000000074ee28000,0x0000000779680000)
  to   space 1277440K, 0% used [0x00000006dd780000,0x00000006dd780000,0x000000072b700000)
 ParOldGen       total 6158336K, used 6156431K [0x0000000500000000, 0x0000000677e00000, 0x00000006d5580000)
  object space 6158336K, 99% used [0x0000000500000000,0x0000000677c23ca8,0x0000000677e00000)
 Metaspace       used 8420K, capacity 8806K, committed 8960K, reserved 1056768K
  class space    used 902K, capacity 1013K, committed 1024K, reserved 1048576K

