# JRE version: Java(TM) SE Runtime Environment (8.0_112-b15) (build 1.8.0_112-b15)
# Java VM: Java HotSpot(TM) 64-Bit Server VM (25.112-b15 mixed mode linux-amd64 compressed oops)
Heap:
 PSYoungGen      total 831488K, used 8690K [0x000000076cd80000, 0x00000007a0380000, 0x00000007c0000000)
  eden space 822784K, 0% used [0x000000076cd80000,0x000000076cd80000,0x000000079f100000)
  from space 8704K, 99% used [0x000000079f100000,0x000000079f97c808,0x000000079f980000)
  to   space 7168K, 0% used [0x000000079f980000,0x000000079f980000,0x00000007a0080000)
 ParOldGen       total 171008K, used 10630K [0x00000006c6800000, 0x00000006d0f00000, 0x000000076cd80000)
  object space 171008K, 6% used [0x00000006c6800000,0x00000006c7261b58,0x00000006d0f00000)
 Metaspace       used 9100K, capacity 9534K, committed 9856K, reserved 1058816K
  class space    used 1136K, capacity 1291K, committed 1408K, reserved 1048576K
GC Heap History (10 events):
Event: 1.560 GC heap after
Heap after GC invocations=6 (full 0):
 PSYoungGen      total 263168K, used 5610K [0x000000076cd80000, 0x000000077d580000, 0x00000007c0000000)
  eden space 257536K, 0% used [0x000000076cd80000,0x000000076cd80000,0x000000077c900000)
  from space 5632K, 99% used [0x000000077cf00000,0x000000077d47a9a0,0x000000077d480000)
  to   space 6144K, 0% used [0x000000077c900000,0x000000077c900000,0x000000077cf00000)
 ParOldGen       total 171008K, used 264K [0x00000006c6800000, 0x00000006d0f00000, 0x000000076cd80000)
  object space 171008K, 0% used [0x00000006c6800000,0x00000006c6842000,0x00000006d0f00000)
 Metaspace       used 9100K, capacity 9534K, committed 9856K, reserved 1058816K
  class space    used 1136K, capacity 1291K, committed 1408K, reserved 1048576K
}
Event: 1.771 GC heap before
{Heap before GC invocations=7 (full 0):
 PSYoungGen      total 263168K, used 263146K [0x000000076cd80000, 0x000000077d580000, 0x00000007c0000000)
  eden space 257536K, 100% used [0x000000076cd80000,0x000000077c900000,0x000000077c900000)
  from space 5632K, 99% used [0x000000077cf00000,0x000000077d47a9a0,0x000000077d480000)
  to   space 6144K, 0% used [0x000000077c900000,0x000000077c900000,0x000000077cf00000)
 ParOldGen       total 171008K, used 264K [0x00000006c6800000, 0x00000006d0f00000, 0x000000076cd80000)
  object space 171008K, 0% used [0x00000006c6800000,0x00000006c6842000,0x00000006d0f00000)
 Metaspace       used 9100K, capacity 9534K, committed 9856K, reserved 1058816K
  class space    used 1136K, capacity 1291K, committed 1408K, reserved 1048576K
Event: 1.780 GC heap after
Heap after GC invocations=7 (full 0):
 PSYoungGen      total 263680K, used 4311K [0x000000076cd80000, 0x000000078d080000, 0x00000007c0000000)
  eden space 257536K, 0% used [0x000000076cd80000,0x000000076cd80000,0x000000077c900000)
  from space 6144K, 70% used [0x000000077c900000,0x000000077cd35e18,0x000000077cf00000)
  to   space 6144K, 0% used [0x000000078ca80000,0x000000078ca80000,0x000000078d080000)
 ParOldGen       total 171008K, used 3149K [0x00000006c6800000, 0x00000006d0f00000, 0x000000076cd80000)
  object space 171008K, 1% used [0x00000006c6800000,0x00000006c6b13640,0x00000006d0f00000)
 Metaspace       used 9100K, capacity 9534K, committed 9856K, reserved 1058816K
  class space    used 1136K, capacity 1291K, committed 1408K, reserved 1048576K
}
Event: 1.934 GC heap before
{Heap before GC invocations=8 (full 0):
 PSYoungGen      total 263680K, used 261847K [0x000000076cd80000, 0x000000078d080000, 0x00000007c0000000)
  eden space 257536K, 100% used [0x000000076cd80000,0x000000077c900000,0x000000077c900000)
  from space 6144K, 70% used [0x000000077c900000,0x000000077cd35e18,0x000000077cf00000)
  to   space 6144K, 0% used [0x000000078ca80000,0x000000078ca80000,0x000000078d080000)
 ParOldGen       total 171008K, used 3149K [0x00000006c6800000, 0x00000006d0f00000, 0x000000076cd80000)
  object space 171008K, 1% used [0x00000006c6800000,0x00000006c6b13640,0x00000006d0f00000)
 Metaspace       used 9100K, capacity 9534K, committed 9856K, reserved 1058816K
  class space    used 1136K, capacity 1291K, committed 1408K, reserved 1048576K
Event: 1.946 GC heap after
Heap after GC invocations=8 (full 0):
 PSYoungGen      total 521216K, used 4820K [0x000000076cd80000, 0x000000078d080000, 0x00000007c0000000)
  eden space 515072K, 0% used [0x000000076cd80000,0x000000076cd80000,0x000000078c480000)
  from space 6144K, 78% used [0x000000078ca80000,0x000000078cf35098,0x000000078d080000)
  to   space 6144K, 0% used [0x000000078c480000,0x000000078c480000,0x000000078ca80000)
 ParOldGen       total 171008K, used 3549K [0x00000006c6800000, 0x00000006d0f00000, 0x000000076cd80000)
  object space 171008K, 2% used [0x00000006c6800000,0x00000006c6b77640,0x00000006d0f00000)
 Metaspace       used 9100K, capacity 9534K, committed 9856K, reserved 1058816K
  class space    used 1136K, capacity 1291K, committed 1408K, reserved 1048576K
}
Event: 2.496 GC heap before
{Heap before GC invocations=9 (full 0):
 PSYoungGen      total 521216K, used 519892K [0x000000076cd80000, 0x000000078d080000, 0x00000007c0000000)
  eden space 515072K, 100% used [0x000000076cd80000,0x000000078c480000,0x000000078c480000)
  from space 6144K, 78% used [0x000000078ca80000,0x000000078cf35098,0x000000078d080000)
  to   space 6144K, 0% used [0x000000078c480000,0x000000078c480000,0x000000078ca80000)
 ParOldGen       total 171008K, used 3549K [0x00000006c6800000, 0x00000006d0f00000, 0x000000076cd80000)
  object space 171008K, 2% used [0x00000006c6800000,0x00000006c6b77640,0x00000006d0f00000)
 Metaspace       used 9100K, capacity 9534K, committed 9856K, reserved 1058816K
  class space    used 1136K, capacity 1291K, committed 1408K, reserved 1048576K
Event: 2.518 GC heap after
Heap after GC invocations=9 (full 0):
 PSYoungGen      total 521216K, used 6142K [0x000000076cd80000, 0x00000007a0080000, 0x00000007c0000000)
  eden space 515072K, 0% used [0x000000076cd80000,0x000000076cd80000,0x000000078c480000)
  from space 6144K, 99% used [0x000000078c480000,0x000000078ca7f8d0,0x000000078ca80000)
  to   space 7168K, 0% used [0x000000079f980000,0x000000079f980000,0x00000007a0080000)
 ParOldGen       total 171008K, used 4933K [0x00000006c6800000, 0x00000006d0f00000, 0x000000076cd80000)
  object space 171008K, 2% used [0x00000006c6800000,0x00000006c6cd1640,0x00000006d0f00000)
 Metaspace       used 9100K, capacity 9534K, committed 9856K, reserved 1058816K
  class space    used 1136K, capacity 1291K, committed 1408K, reserved 1048576K
}
Event: 2.825 GC heap before
{Heap before GC invocations=10 (full 0):
 PSYoungGen      total 521216K, used 521214K [0x000000076cd80000, 0x00000007a0080000, 0x00000007c0000000)
  eden space 515072K, 100% used [0x000000076cd80000,0x000000078c480000,0x000000078c480000)
  from space 6144K, 99% used [0x000000078c480000,0x000000078ca7f8d0,0x000000078ca80000)
  to   space 7168K, 0% used [0x000000079f980000,0x000000079f980000,0x00000007a0080000)
 ParOldGen       total 171008K, used 4933K [0x00000006c6800000, 0x00000006d0f00000, 0x000000076cd80000)
  object space 171008K, 2% used [0x00000006c6800000,0x00000006c6cd1640,0x00000006d0f00000)
 Metaspace       used 9100K, capacity 9534K, committed 9856K, reserved 1058816K
  class space    used 1136K, capacity 1291K, committed 1408K, reserved 1048576K
Event: 2.849 GC heap after
Heap after GC invocations=10 (full 0):
 PSYoungGen      total 829952K, used 7165K [0x000000076cd80000, 0x00000007a0380000, 0x00000007c0000000)
  eden space 822784K, 0% used [0x000000076cd80000,0x000000076cd80000,0x000000079f100000)
  from space 7168K, 99% used [0x000000079f980000,0x00000007a007f528,0x00000007a0080000)
  to   space 8704K, 0% used [0x000000079f100000,0x000000079f100000,0x000000079f980000)
 ParOldGen       total 171008K, used 7301K [0x00000006c6800000, 0x00000006d0f00000, 0x000000076cd80000)
  object space 171008K, 4% used [0x00000006c6800000,0x00000006c6f21640,0x00000006d0f00000)
 Metaspace       used 9100K, capacity 9534K, committed 9856K, reserved 1058816K
  class space    used 1136K, capacity 1291K, committed 1408K, reserved 1048576K
}
Event: 3.555 GC heap before
{Heap before GC invocations=11 (full 0):
 PSYoungGen      total 829952K, used 829949K [0x000000076cd80000, 0x00000007a0380000, 0x00000007c0000000)
  eden space 822784K, 100% used [0x000000076cd80000,0x000000079f100000,0x000000079f100000)
  from space 7168K, 99% used [0x000000079f980000,0x00000007a007f528,0x00000007a0080000)
  to   space 8704K, 0% used [0x000000079f100000,0x000000079f100000,0x000000079f980000)
 ParOldGen       total 171008K, used 7301K [0x00000006c6800000, 0x00000006d0f00000, 0x000000076cd80000)
  object space 171008K, 4% used [0x00000006c6800000,0x00000006c6f21640,0x00000006d0f00000)
 Metaspace       used 9100K, capacity 9534K, committed 9856K, reserved 1058816K
  class space    used 1136K, capacity 1291K, committed 1408K, reserved 1048576K

