# JRE version: Java(TM) SE Runtime Environment (8.0_112-b15) (build 1.8.0_112-b15)
# Java VM: Java HotSpot(TM) 64-Bit Server VM (25.112-b15 mixed mode linux-amd64 compressed oops)
Heap:
 PSYoungGen      total 1067008K, used 642432K [0x00000006d5580000, 0x0000000747580000, 0x00000007c0000000)
  eden space 295936K, 0% used [0x00000006d5580000,0x00000006d5580000,0x00000006e7680000)
  from space 771072K, 83% used [0x0000000718480000,0x000000073f7e0000,0x0000000747580000)
  to   space 685568K, 0% used [0x00000006e7680000,0x00000006e7680000,0x0000000711400000)
 ParOldGen       total 6027264K, used 5793666K [0x0000000500000000, 0x000000066fe00000, 0x00000006d5580000)
  object space 6027264K, 96% used [0x0000000500000000,0x00000006619e0b28,0x000000066fe00000)
 Metaspace       used 11197K, capacity 11514K, committed 11648K, reserved 1058816K
  class space    used 1263K, capacity 1373K, committed 1408K, reserved 1048576K
GC Heap History (10 events):
Event: 73.708 GC heap after
Heap after GC invocations=70 (full 9):
 PSYoungGen      total 864256K, used 248480K [0x00000006d5580000, 0x000000072bb00000, 0x00000007c0000000)
  eden space 354304K, 0% used [0x00000006d5580000,0x00000006d5580000,0x00000006eaf80000)
  from space 509952K, 48% used [0x00000006eaf80000,0x00000006fa228000,0x000000070a180000)
  to   space 518144K, 0% used [0x000000070c100000,0x000000070c100000,0x000000072bb00000)
 ParOldGen       total 6027264K, used 5793666K [0x0000000500000000, 0x000000066fe00000, 0x00000006d5580000)
  object space 6027264K, 96% used [0x0000000500000000,0x00000006619e0b28,0x000000066fe00000)
 Metaspace       used 11197K, capacity 11514K, committed 11648K, reserved 1058816K
  class space    used 1263K, capacity 1373K, committed 1408K, reserved 1048576K
}
Event: 73.894 GC heap before
{Heap before GC invocations=71 (full 9):
 PSYoungGen      total 864256K, used 602784K [0x00000006d5580000, 0x000000072bb00000, 0x00000007c0000000)
  eden space 354304K, 100% used [0x00000006d5580000,0x00000006eaf80000,0x00000006eaf80000)
  from space 509952K, 48% used [0x00000006eaf80000,0x00000006fa228000,0x000000070a180000)
  to   space 518144K, 0% used [0x000000070c100000,0x000000070c100000,0x000000072bb00000)
 ParOldGen       total 6027264K, used 5793666K [0x0000000500000000, 0x000000066fe00000, 0x00000006d5580000)
  object space 6027264K, 96% used [0x0000000500000000,0x00000006619e0b28,0x000000066fe00000)
 Metaspace       used 11197K, capacity 11514K, committed 11648K, reserved 1058816K
  class space    used 1263K, capacity 1373K, committed 1408K, reserved 1048576K
Event: 74.097 GC heap after
Heap after GC invocations=71 (full 9):
 PSYoungGen      total 861184K, used 333952K [0x00000006d5580000, 0x0000000730300000, 0x00000007c0000000)
  eden space 343040K, 0% used [0x00000006d5580000,0x00000006d5580000,0x00000006ea480000)
  from space 518144K, 64% used [0x000000070c100000,0x0000000720720000,0x000000072bb00000)
  to   space 553472K, 0% used [0x00000006ea480000,0x00000006ea480000,0x000000070c100000)
 ParOldGen       total 6027264K, used 5793666K [0x0000000500000000, 0x000000066fe00000, 0x00000006d5580000)
  object space 6027264K, 96% used [0x0000000500000000,0x00000006619e0b28,0x000000066fe00000)
 Metaspace       used 11197K, capacity 11514K, committed 11648K, reserved 1058816K
  class space    used 1263K, capacity 1373K, committed 1408K, reserved 1048576K
}
Event: 74.292 GC heap before
{Heap before GC invocations=72 (full 9):
 PSYoungGen      total 861184K, used 676992K [0x00000006d5580000, 0x0000000730300000, 0x00000007c0000000)
  eden space 343040K, 100% used [0x00000006d5580000,0x00000006ea480000,0x00000006ea480000)
  from space 518144K, 64% used [0x000000070c100000,0x0000000720720000,0x000000072bb00000)
  to   space 553472K, 0% used [0x00000006ea480000,0x00000006ea480000,0x000000070c100000)
 ParOldGen       total 6027264K, used 5793666K [0x0000000500000000, 0x000000066fe00000, 0x00000006d5580000)
  object space 6027264K, 96% used [0x0000000500000000,0x00000006619e0b28,0x000000066fe00000)
 Metaspace       used 11197K, capacity 11514K, committed 11648K, reserved 1058816K
  class space    used 1263K, capacity 1373K, committed 1408K, reserved 1048576K
Event: 74.490 GC heap after
Heap after GC invocations=72 (full 9):
 PSYoungGen      total 896512K, used 416800K [0x00000006d5580000, 0x0000000736880000, 0x00000007c0000000)
  eden space 343040K, 0% used [0x00000006d5580000,0x00000006d5580000,0x00000006ea480000)
  from space 553472K, 75% used [0x00000006ea480000,0x0000000703b88000,0x000000070c100000)
  to   space 610816K, 0% used [0x0000000711400000,0x0000000711400000,0x0000000736880000)
 ParOldGen       total 6027264K, used 5793666K [0x0000000500000000, 0x000000066fe00000, 0x00000006d5580000)
  object space 6027264K, 96% used [0x0000000500000000,0x00000006619e0b28,0x000000066fe00000)
 Metaspace       used 11197K, capacity 11514K, committed 11648K, reserved 1058816K
  class space    used 1263K, capacity 1373K, committed 1408K, reserved 1048576K
}
Event: 74.671 GC heap before
{Heap before GC invocations=73 (full 9):
 PSYoungGen      total 896512K, used 759840K [0x00000006d5580000, 0x0000000736880000, 0x00000007c0000000)
  eden space 343040K, 100% used [0x00000006d5580000,0x00000006ea480000,0x00000006ea480000)
  from space 553472K, 75% used [0x00000006ea480000,0x0000000703b88000,0x000000070c100000)
  to   space 610816K, 0% used [0x0000000711400000,0x0000000711400000,0x0000000736880000)
 ParOldGen       total 6027264K, used 5793666K [0x0000000500000000, 0x000000066fe00000, 0x00000006d5580000)
  object space 6027264K, 96% used [0x0000000500000000,0x00000006619e0b28,0x000000066fe00000)
 Metaspace       used 11197K, capacity 11514K, committed 11648K, reserved 1058816K
  class space    used 1263K, capacity 1373K, committed 1408K, reserved 1048576K
Event: 75.002 GC heap after
Heap after GC invocations=73 (full 9):
 PSYoungGen      total 906752K, used 499584K [0x00000006d5580000, 0x000000073fe00000, 0x00000007c0000000)
  eden space 295936K, 0% used [0x00000006d5580000,0x00000006d5580000,0x00000006e7680000)
  from space 610816K, 81% used [0x0000000711400000,0x000000072fbe0000,0x0000000736880000)
  to   space 685568K, 0% used [0x00000006e7680000,0x00000006e7680000,0x0000000711400000)
 ParOldGen       total 6027264K, used 5793666K [0x0000000500000000, 0x000000066fe00000, 0x00000006d5580000)
  object space 6027264K, 96% used [0x0000000500000000,0x00000006619e0b28,0x000000066fe00000)
 Metaspace       used 11197K, capacity 11514K, committed 11648K, reserved 1058816K
  class space    used 1263K, capacity 1373K, committed 1408K, reserved 1048576K
}
Event: 75.159 GC heap before
{Heap before GC invocations=74 (full 9):
 PSYoungGen      total 906752K, used 795520K [0x00000006d5580000, 0x000000073fe00000, 0x00000007c0000000)
  eden space 295936K, 100% used [0x00000006d5580000,0x00000006e7680000,0x00000006e7680000)
  from space 610816K, 81% used [0x0000000711400000,0x000000072fbe0000,0x0000000736880000)
  to   space 685568K, 0% used [0x00000006e7680000,0x00000006e7680000,0x0000000711400000)
 ParOldGen       total 6027264K, used 5793666K [0x0000000500000000, 0x000000066fe00000, 0x00000006d5580000)
  object space 6027264K, 96% used [0x0000000500000000,0x00000006619e0b28,0x000000066fe00000)
 Metaspace       used 11197K, capacity 11514K, committed 11648K, reserved 1058816K
  class space    used 1263K, capacity 1373K, committed 1408K, reserved 1048576K
Event: 75.420 GC heap after
Heap after GC invocations=74 (full 9):
 PSYoungGen      total 981504K, used 571008K [0x00000006d5580000, 0x0000000747580000, 0x00000007c0000000)
  eden space 295936K, 0% used [0x00000006d5580000,0x00000006d5580000,0x00000006e7680000)
  from space 685568K, 83% used [0x00000006e7680000,0x000000070a420000,0x0000000711400000)
  to   space 771072K, 0% used [0x0000000718480000,0x0000000718480000,0x0000000747580000)
 ParOldGen       total 6027264K, used 5793666K [0x0000000500000000, 0x000000066fe00000, 0x00000006d5580000)
  object space 6027264K, 96% used [0x0000000500000000,0x00000006619e0b28,0x000000066fe00000)
 Metaspace       used 11197K, capacity 11514K, committed 11648K, reserved 1058816K
  class space    used 1263K, capacity 1373K, committed 1408K, reserved 1048576K
}
Event: 75.574 GC heap before
{Heap before GC invocations=75 (full 9):
 PSYoungGen      total 981504K, used 866944K [0x00000006d5580000, 0x0000000747580000, 0x00000007c0000000)
  eden space 295936K, 100% used [0x00000006d5580000,0x00000006e7680000,0x00000006e7680000)
  from space 685568K, 83% used [0x00000006e7680000,0x000000070a420000,0x0000000711400000)
  to   space 771072K, 0% used [0x0000000718480000,0x0000000718480000,0x0000000747580000)
 ParOldGen       total 6027264K, used 5793666K [0x0000000500000000, 0x000000066fe00000, 0x00000006d5580000)
  object space 6027264K, 96% used [0x0000000500000000,0x00000006619e0b28,0x000000066fe00000)
 Metaspace       used 11197K, capacity 11514K, committed 11648K, reserved 1058816K
  class space    used 1263K, capacity 1373K, committed 1408K, reserved 1048576K

