# JRE version: Java(TM) SE Runtime Environment (8.0_112-b15) (build 1.8.0_112-b15)
# Java VM: Java HotSpot(TM) 64-Bit Server VM (25.112-b15 mixed mode linux-amd64 compressed oops)
Heap:
 PSYoungGen      total 1199104K, used 73048K [0x00000006d5580000, 0x0000000754480000, 0x00000007c0000000)
  eden space 355328K, 0% used [0x00000006d5580000,0x00000006d5580000,0x00000006eb080000)
  from space 843776K, 8% used [0x0000000720c80000,0x00000007253d6030,0x0000000754480000)
  to   space 862208K, 0% used [0x00000006eb080000,0x00000006eb080000,0x000000071fa80000)
 ParOldGen       total 6617600K, used 6617451K [0x0000000500000000, 0x0000000693e80000, 0x00000006d5580000)
  object space 6617600K, 99% used [0x0000000500000000,0x0000000693e5afc0,0x0000000693e80000)
 Metaspace       used 8471K, capacity 8806K, committed 8960K, reserved 1056768K
  class space    used 903K, capacity 1011K, committed 1024K, reserved 1048576K
GC Heap History (10 events):
Event: 91.819 GC heap after
Heap after GC invocations=90 (full 10):
 PSYoungGen      total 1175040K, used 689952K [0x00000006d5580000, 0x000000075e380000, 0x00000007c0000000)
  eden space 274944K, 0% used [0x00000006d5580000,0x00000006d5580000,0x00000006e6200000)
  from space 900096K, 76% used [0x0000000720700000,0x000000074a8c8000,0x0000000757600000)
  to   space 955392K, 0% used [0x00000006e6200000,0x00000006e6200000,0x0000000720700000)
 ParOldGen       total 6617600K, used 5708376K [0x0000000500000000, 0x0000000693e80000, 0x00000006d5580000)
  object space 6617600K, 86% used [0x0000000500000000,0x000000065c6962a0,0x0000000693e80000)
 Metaspace       used 8471K, capacity 8806K, committed 8960K, reserved 1056768K
  class space    used 903K, capacity 1011K, committed 1024K, reserved 1048576K
}
Event: 92.025 GC heap before
{Heap before GC invocations=91 (full 10):
 PSYoungGen      total 1175040K, used 964896K [0x00000006d5580000, 0x000000075e380000, 0x00000007c0000000)
  eden space 274944K, 100% used [0x00000006d5580000,0x00000006e6200000,0x00000006e6200000)
  from space 900096K, 76% used [0x0000000720700000,0x000000074a8c8000,0x0000000757600000)
  to   space 955392K, 0% used [0x00000006e6200000,0x00000006e6200000,0x0000000720700000)
 ParOldGen       total 6617600K, used 5708376K [0x0000000500000000, 0x0000000693e80000, 0x00000006d5580000)
  object space 6617600K, 86% used [0x0000000500000000,0x000000065c6962a0,0x0000000693e80000)
 Metaspace       used 8471K, capacity 8806K, committed 8960K, reserved 1056768K
  class space    used 903K, capacity 1011K, committed 1024K, reserved 1048576K
Event: 92.600 GC heap after
Heap after GC invocations=91 (full 10):
 PSYoungGen      total 1230336K, used 583680K [0x00000006d5580000, 0x000000075d500000, 0x00000007c0000000)
  eden space 274944K, 0% used [0x00000006d5580000,0x00000006d5580000,0x00000006e6200000)
  from space 955392K, 61% used [0x00000006e6200000,0x0000000709c00000,0x0000000720700000)
  to   space 957952K, 0% used [0x0000000722d80000,0x0000000722d80000,0x000000075d500000)
 ParOldGen       total 6617600K, used 5884976K [0x0000000500000000, 0x0000000693e80000, 0x00000006d5580000)
  object space 6617600K, 88% used [0x0000000500000000,0x000000066730c2a0,0x0000000693e80000)
 Metaspace       used 8471K, capacity 8806K, committed 8960K, reserved 1056768K
  class space    used 903K, capacity 1011K, committed 1024K, reserved 1048576K
}
Event: 92.762 GC heap before
{Heap before GC invocations=92 (full 10):
 PSYoungGen      total 1230336K, used 858624K [0x00000006d5580000, 0x000000075d500000, 0x00000007c0000000)
  eden space 274944K, 100% used [0x00000006d5580000,0x00000006e6200000,0x00000006e6200000)
  from space 955392K, 61% used [0x00000006e6200000,0x0000000709c00000,0x0000000720700000)
  to   space 957952K, 0% used [0x0000000722d80000,0x0000000722d80000,0x000000075d500000)
 ParOldGen       total 6617600K, used 5884976K [0x0000000500000000, 0x0000000693e80000, 0x00000006d5580000)
  object space 6617600K, 88% used [0x0000000500000000,0x000000066730c2a0,0x0000000693e80000)
 Metaspace       used 8471K, capacity 8806K, committed 8960K, reserved 1056768K
  class space    used 903K, capacity 1011K, committed 1024K, reserved 1048576K
Event: 93.269 GC heap after
Heap after GC invocations=92 (full 10):
 PSYoungGen      total 1179648K, used 463360K [0x00000006d5580000, 0x0000000757c00000, 0x00000007c0000000)
  eden space 312832K, 0% used [0x00000006d5580000,0x00000006d5580000,0x00000006e8700000)
  from space 866816K, 53% used [0x0000000722d80000,0x000000073f200000,0x0000000757c00000)
  to   space 911872K, 0% used [0x00000006e8700000,0x00000006e8700000,0x0000000720180000)
 ParOldGen       total 6617600K, used 6075760K [0x0000000500000000, 0x0000000693e80000, 0x00000006d5580000)
  object space 6617600K, 91% used [0x0000000500000000,0x0000000672d5c2a0,0x0000000693e80000)
 Metaspace       used 8471K, capacity 8806K, committed 8960K, reserved 1056768K
  class space    used 903K, capacity 1011K, committed 1024K, reserved 1048576K
}
Event: 93.544 GC heap before
{Heap before GC invocations=93 (full 10):
 PSYoungGen      total 1179648K, used 776192K [0x00000006d5580000, 0x0000000757c00000, 0x00000007c0000000)
  eden space 312832K, 100% used [0x00000006d5580000,0x00000006e8700000,0x00000006e8700000)
  from space 866816K, 53% used [0x0000000722d80000,0x000000073f200000,0x0000000757c00000)
  to   space 911872K, 0% used [0x00000006e8700000,0x00000006e8700000,0x0000000720180000)
 ParOldGen       total 6617600K, used 6075760K [0x0000000500000000, 0x0000000693e80000, 0x00000006d5580000)
  object space 6617600K, 91% used [0x0000000500000000,0x0000000672d5c2a0,0x0000000693e80000)
 Metaspace       used 8471K, capacity 8806K, committed 8960K, reserved 1056768K
  class space    used 903K, capacity 1011K, committed 1024K, reserved 1048576K
Event: 94.019 GC heap after
Heap after GC invocations=93 (full 10):
 PSYoungGen      total 1224704K, used 365600K [0x00000006d5580000, 0x0000000756880000, 0x00000007c0000000)
  eden space 312832K, 0% used [0x00000006d5580000,0x00000006d5580000,0x00000006e8700000)
  from space 911872K, 40% used [0x00000006e8700000,0x00000006fec08000,0x0000000720180000)
  to   space 880640K, 0% used [0x0000000720c80000,0x0000000720c80000,0x0000000756880000)
 ParOldGen       total 6617600K, used 6253321K [0x0000000500000000, 0x0000000693e80000, 0x00000006d5580000)
  object space 6617600K, 94% used [0x0000000500000000,0x000000067dac2418,0x0000000693e80000)
 Metaspace       used 8471K, capacity 8806K, committed 8960K, reserved 1056768K
  class space    used 903K, capacity 1011K, committed 1024K, reserved 1048576K
}
Event: 94.219 GC heap before
{Heap before GC invocations=94 (full 10):
 PSYoungGen      total 1224704K, used 678432K [0x00000006d5580000, 0x0000000756880000, 0x00000007c0000000)
  eden space 312832K, 100% used [0x00000006d5580000,0x00000006e8700000,0x00000006e8700000)
  from space 911872K, 40% used [0x00000006e8700000,0x00000006fec08000,0x0000000720180000)
  to   space 880640K, 0% used [0x0000000720c80000,0x0000000720c80000,0x0000000756880000)
 ParOldGen       total 6617600K, used 6253321K [0x0000000500000000, 0x0000000693e80000, 0x00000006d5580000)
  object space 6617600K, 94% used [0x0000000500000000,0x000000067dac2418,0x0000000693e80000)
 Metaspace       used 8471K, capacity 8806K, committed 8960K, reserved 1056768K
  class space    used 903K, capacity 1011K, committed 1024K, reserved 1048576K
Event: 94.612 GC heap after
Heap after GC invocations=94 (full 10):
 PSYoungGen      total 1199104K, used 296448K [0x00000006d5580000, 0x0000000754480000, 0x00000007c0000000)
  eden space 355328K, 0% used [0x00000006d5580000,0x00000006d5580000,0x00000006eb080000)
  from space 843776K, 35% used [0x0000000720c80000,0x0000000732e00000,0x0000000754480000)
  to   space 862208K, 0% used [0x00000006eb080000,0x00000006eb080000,0x000000071fa80000)
 ParOldGen       total 6617600K, used 6402201K [0x0000000500000000, 0x0000000693e80000, 0x00000006d5580000)
  object space 6617600K, 96% used [0x0000000500000000,0x0000000686c26418,0x0000000693e80000)
 Metaspace       used 8471K, capacity 8806K, committed 8960K, reserved 1056768K
  class space    used 903K, capacity 1011K, committed 1024K, reserved 1048576K
}
Event: 94.612 GC heap before
{Heap before GC invocations=95 (full 11):
 PSYoungGen      total 1199104K, used 296448K [0x00000006d5580000, 0x0000000754480000, 0x00000007c0000000)
  eden space 355328K, 0% used [0x00000006d5580000,0x00000006d5580000,0x00000006eb080000)
  from space 843776K, 35% used [0x0000000720c80000,0x0000000732e00000,0x0000000754480000)
  to   space 862208K, 0% used [0x00000006eb080000,0x00000006eb080000,0x000000071fa80000)
 ParOldGen       total 6617600K, used 6402201K [0x0000000500000000, 0x0000000693e80000, 0x00000006d5580000)
  object space 6617600K, 96% used [0x0000000500000000,0x0000000686c26418,0x0000000693e80000)
 Metaspace       used 8471K, capacity 8806K, committed 8960K, reserved 1056768K
  class space    used 903K, capacity 1011K, committed 1024K, reserved 1048576K

