# JRE version: Java(TM) SE Runtime Environment (8.0_112-b15) (build 1.8.0_112-b15)
# Java VM: Java HotSpot(TM) 64-Bit Server VM (25.112-b15 mixed mode linux-amd64 compressed oops)
Heap:
 PSYoungGen      total 930816K, used 0K [0x00000006d5580000, 0x0000000733780000, 0x00000007c0000000)
  eden space 348672K, 0% used [0x00000006d5580000,0x00000006d5580000,0x00000006eaa00000)
  from space 582144K, 0% used [0x00000006eaa00000,0x00000006eaa00000,0x000000070e280000)
  to   space 577024K, 0% used [0x0000000710400000,0x0000000710400000,0x0000000733780000)
 ParOldGen       total 5183488K, used 4984488K [0x0000000500000000, 0x000000063c600000, 0x00000006d5580000)
  object space 5183488K, 96% used [0x0000000500000000,0x00000006303aa370,0x000000063c600000)
 Metaspace       used 8876K, capacity 9256K, committed 9600K, reserved 1058816K
  class space    used 940K, capacity 1054K, committed 1152K, reserved 1048576K
GC Heap History (10 events):
Event: 62.468 GC heap after
Heap after GC invocations=49 (full 8):
 PSYoungGen      total 855552K, used 231504K [0x00000006d5580000, 0x000000072e000000, 0x00000007c0000000)
  eden space 272896K, 0% used [0x00000006d5580000,0x00000006d5580000,0x00000006e6000000)
  from space 582656K, 39% used [0x00000006e6000000,0x00000006f4214010,0x0000000709900000)
  to   space 569856K, 0% used [0x000000070b380000,0x000000070b380000,0x000000072e000000)
 ParOldGen       total 5183488K, used 4453209K [0x0000000500000000, 0x000000063c600000, 0x00000006d5580000)
  object space 5183488K, 85% used [0x0000000500000000,0x000000060fcd6790,0x000000063c600000)
 Metaspace       used 8875K, capacity 9256K, committed 9600K, reserved 1058816K
  class space    used 940K, capacity 1054K, committed 1152K, reserved 1048576K
}
Event: 62.739 GC heap before
{Heap before GC invocations=50 (full 8):
 PSYoungGen      total 855552K, used 504400K [0x00000006d5580000, 0x000000072e000000, 0x00000007c0000000)
  eden space 272896K, 100% used [0x00000006d5580000,0x00000006e6000000,0x00000006e6000000)
  from space 582656K, 39% used [0x00000006e6000000,0x00000006f4214010,0x0000000709900000)
  to   space 569856K, 0% used [0x000000070b380000,0x000000070b380000,0x000000072e000000)
 ParOldGen       total 5183488K, used 4453209K [0x0000000500000000, 0x000000063c600000, 0x00000006d5580000)
  object space 5183488K, 85% used [0x0000000500000000,0x000000060fcd6790,0x000000063c600000)
 Metaspace       used 8875K, capacity 9256K, committed 9600K, reserved 1058816K
  class space    used 940K, capacity 1054K, committed 1152K, reserved 1048576K
Event: 63.156 GC heap after
Heap after GC invocations=50 (full 8):
 PSYoungGen      total 880128K, used 138752K [0x00000006d5580000, 0x000000072e480000, 0x00000007c0000000)
  eden space 310272K, 0% used [0x00000006d5580000,0x00000006d5580000,0x00000006e8480000)
  from space 569856K, 24% used [0x000000070b380000,0x0000000713b00000,0x000000072e000000)
  to   space 572416K, 0% used [0x00000006e8480000,0x00000006e8480000,0x000000070b380000)
 ParOldGen       total 5183488K, used 4613284K [0x0000000500000000, 0x000000063c600000, 0x00000006d5580000)
  object space 5183488K, 88% used [0x0000000500000000,0x00000006199292b8,0x000000063c600000)
 Metaspace       used 8875K, capacity 9256K, committed 9600K, reserved 1058816K
  class space    used 940K, capacity 1054K, committed 1152K, reserved 1048576K
}
Event: 63.405 GC heap before
{Heap before GC invocations=51 (full 8):
 PSYoungGen      total 880128K, used 449024K [0x00000006d5580000, 0x000000072e480000, 0x00000007c0000000)
  eden space 310272K, 100% used [0x00000006d5580000,0x00000006e8480000,0x00000006e8480000)
  from space 569856K, 24% used [0x000000070b380000,0x0000000713b00000,0x000000072e000000)
  to   space 572416K, 0% used [0x00000006e8480000,0x00000006e8480000,0x000000070b380000)
 ParOldGen       total 5183488K, used 4613284K [0x0000000500000000, 0x000000063c600000, 0x00000006d5580000)
  object space 5183488K, 88% used [0x0000000500000000,0x00000006199292b8,0x000000063c600000)
 Metaspace       used 8875K, capacity 9256K, committed 9600K, reserved 1058816K
  class space    used 940K, capacity 1054K, committed 1152K, reserved 1048576K
Event: 63.594 GC heap after
Heap after GC invocations=51 (full 8):
 PSYoungGen      total 882688K, used 75744K [0x00000006d5580000, 0x0000000731a80000, 0x00000007c0000000)
  eden space 310272K, 0% used [0x00000006d5580000,0x00000006d5580000,0x00000006e8480000)
  from space 572416K, 13% used [0x00000006e8480000,0x00000006ece78000,0x000000070b380000)
  to   space 580608K, 0% used [0x000000070e380000,0x000000070e380000,0x0000000731a80000)
 ParOldGen       total 5183488K, used 4752716K [0x0000000500000000, 0x000000063c600000, 0x00000006d5580000)
  object space 5183488K, 91% used [0x0000000500000000,0x00000006221532c8,0x000000063c600000)
 Metaspace       used 8875K, capacity 9256K, committed 9600K, reserved 1058816K
  class space    used 940K, capacity 1054K, committed 1152K, reserved 1048576K
}
Event: 63.819 GC heap before
{Heap before GC invocations=52 (full 8):
 PSYoungGen      total 882688K, used 386016K [0x00000006d5580000, 0x0000000731a80000, 0x00000007c0000000)
  eden space 310272K, 100% used [0x00000006d5580000,0x00000006e8480000,0x00000006e8480000)
  from space 572416K, 13% used [0x00000006e8480000,0x00000006ece78000,0x000000070b380000)
  to   space 580608K, 0% used [0x000000070e380000,0x000000070e380000,0x0000000731a80000)
 ParOldGen       total 5183488K, used 4752716K [0x0000000500000000, 0x000000063c600000, 0x00000006d5580000)
  object space 5183488K, 91% used [0x0000000500000000,0x00000006221532c8,0x000000063c600000)
 Metaspace       used 8876K, capacity 9256K, committed 9600K, reserved 1058816K
  class space    used 940K, capacity 1054K, committed 1152K, reserved 1048576K
Event: 64.011 GC heap after
Heap after GC invocations=52 (full 8):
 PSYoungGen      total 929280K, used 75744K [0x00000006d5580000, 0x0000000731b00000, 0x00000007c0000000)
  eden space 348672K, 0% used [0x00000006d5580000,0x00000006d5580000,0x00000006eaa00000)
  from space 580608K, 13% used [0x000000070e380000,0x0000000712d78000,0x0000000731a80000)
  to   space 582144K, 0% used [0x00000006eaa00000,0x00000006eaa00000,0x000000070e280000)
 ParOldGen       total 5183488K, used 4828852K [0x0000000500000000, 0x000000063c600000, 0x00000006d5580000)
  object space 5183488K, 93% used [0x0000000500000000,0x0000000626bad2c8,0x000000063c600000)
 Metaspace       used 8876K, capacity 9256K, committed 9600K, reserved 1058816K
  class space    used 940K, capacity 1054K, committed 1152K, reserved 1048576K
}
Event: 64.340 GC heap before
{Heap before GC invocations=53 (full 8):
 PSYoungGen      total 929280K, used 424416K [0x00000006d5580000, 0x0000000731b00000, 0x00000007c0000000)
  eden space 348672K, 100% used [0x00000006d5580000,0x00000006eaa00000,0x00000006eaa00000)
  from space 580608K, 13% used [0x000000070e380000,0x0000000712d78000,0x0000000731a80000)
  to   space 582144K, 0% used [0x00000006eaa00000,0x00000006eaa00000,0x000000070e280000)
 ParOldGen       total 5183488K, used 4828852K [0x0000000500000000, 0x000000063c600000, 0x00000006d5580000)
  object space 5183488K, 93% used [0x0000000500000000,0x0000000626bad2c8,0x000000063c600000)
 Metaspace       used 8876K, capacity 9256K, committed 9600K, reserved 1058816K
  class space    used 940K, capacity 1054K, committed 1152K, reserved 1048576K
Event: 64.529 GC heap after
Heap after GC invocations=53 (full 8):
 PSYoungGen      total 930816K, used 85120K [0x00000006d5580000, 0x0000000733780000, 0x00000007c0000000)
  eden space 348672K, 0% used [0x00000006d5580000,0x00000006d5580000,0x00000006eaa00000)
  from space 582144K, 14% used [0x00000006eaa00000,0x00000006efd20000,0x000000070e280000)
  to   space 577024K, 0% used [0x0000000710400000,0x0000000710400000,0x0000000733780000)
 ParOldGen       total 5183488K, used 4904996K [0x0000000500000000, 0x000000063c600000, 0x00000006d5580000)
  object space 5183488K, 94% used [0x0000000500000000,0x000000062b6092c8,0x000000063c600000)
 Metaspace       used 8876K, capacity 9256K, committed 9600K, reserved 1058816K
  class space    used 940K, capacity 1054K, committed 1152K, reserved 1048576K
}
Event: 64.529 GC heap before
{Heap before GC invocations=54 (full 9):
 PSYoungGen      total 930816K, used 85120K [0x00000006d5580000, 0x0000000733780000, 0x00000007c0000000)
  eden space 348672K, 0% used [0x00000006d5580000,0x00000006d5580000,0x00000006eaa00000)
  from space 582144K, 14% used [0x00000006eaa00000,0x00000006efd20000,0x000000070e280000)
  to   space 577024K, 0% used [0x0000000710400000,0x0000000710400000,0x0000000733780000)
 ParOldGen       total 5183488K, used 4904996K [0x0000000500000000, 0x000000063c600000, 0x00000006d5580000)
  object space 5183488K, 94% used [0x0000000500000000,0x000000062b6092c8,0x000000063c600000)
 Metaspace       used 8876K, capacity 9256K, committed 9600K, reserved 1058816K
  class space    used 940K, capacity 1054K, committed 1152K, reserved 1048576K

