# JRE version: Java(TM) SE Runtime Environment (8.0_112-b15) (build 1.8.0_112-b15)
# Java VM: Java HotSpot(TM) 64-Bit Server VM (25.112-b15 mixed mode linux-amd64 compressed oops)
Heap:
 PSYoungGen      total 262144K, used 187513K [0x00000006d5580000, 0x00000006e9a00000, 0x00000007c0000000)
  eden space 203776K, 92% used [0x00000006d5580000,0x00000006e0c96508,0x00000006e1c80000)
  from space 58368K, 0% used [0x00000006e1c80000,0x00000006e1c88000,0x00000006e5580000)
  to   space 56320K, 0% used [0x00000006e6300000,0x00000006e6300000,0x00000006e9a00000)
 ParOldGen       total 5603840K, used 5415469K [0x0000000500000000, 0x0000000656080000, 0x00000006d5580000)
  object space 5603840K, 96% used [0x0000000500000000,0x000000064a88b600,0x0000000656080000)
 Metaspace       used 8374K, capacity 8750K, committed 8960K, reserved 1056768K
  class space    used 903K, capacity 1013K, committed 1024K, reserved 1048576K
GC Heap History (10 events):
Event: 76.906 GC heap before
{Heap before GC invocations=141 (full 10):
 PSYoungGen      total 239104K, used 175136K [0x00000006d5580000, 0x00000006e7d80000, 0x00000007c0000000)
  eden space 175104K, 100% used [0x00000006d5580000,0x00000006e0080000,0x00000006e0080000)
  from space 64000K, 0% used [0x00000006e3f00000,0x00000006e3f08000,0x00000006e7d80000)
  to   space 64000K, 0% used [0x00000006e0080000,0x00000006e0080000,0x00000006e3f00000)
 ParOldGen       total 5603840K, used 5083693K [0x0000000500000000, 0x0000000656080000, 0x00000006d5580000)
  object space 5603840K, 90% used [0x0000000500000000,0x000000063648b5f0,0x0000000656080000)
 Metaspace       used 8374K, capacity 8750K, committed 8960K, reserved 1056768K
  class space    used 903K, capacity 1013K, committed 1024K, reserved 1048576K
Event: 76.950 GC heap after
Heap after GC invocations=141 (full 10):
 PSYoungGen      total 239104K, used 32K [0x00000006d5580000, 0x00000006e8b00000, 0x00000007c0000000)
  eden space 175104K, 0% used [0x00000006d5580000,0x00000006d5580000,0x00000006e0080000)
  from space 64000K, 0% used [0x00000006e0080000,0x00000006e0088000,0x00000006e3f00000)
  to   space 62976K, 0% used [0x00000006e4d80000,0x00000006e4d80000,0x00000006e8b00000)
 ParOldGen       total 5603840K, used 5083693K [0x0000000500000000, 0x0000000656080000, 0x00000006d5580000)
  object space 5603840K, 90% used [0x0000000500000000,0x000000063648b5f0,0x0000000656080000)
 Metaspace       used 8374K, capacity 8750K, committed 8960K, reserved 1056768K
  class space    used 903K, capacity 1013K, committed 1024K, reserved 1048576K
}
Event: 77.536 GC heap before
{Heap before GC invocations=142 (full 10):
 PSYoungGen      total 239104K, used 175136K [0x00000006d5580000, 0x00000006e8b00000, 0x00000007c0000000)
  eden space 175104K, 100% used [0x00000006d5580000,0x00000006e0080000,0x00000006e0080000)
  from space 64000K, 0% used [0x00000006e0080000,0x00000006e0088000,0x00000006e3f00000)
  to   space 62976K, 0% used [0x00000006e4d80000,0x00000006e4d80000,0x00000006e8b00000)
 ParOldGen       total 5603840K, used 5415469K [0x0000000500000000, 0x0000000656080000, 0x00000006d5580000)
  object space 5603840K, 96% used [0x0000000500000000,0x000000064a88b600,0x0000000656080000)
 Metaspace       used 8374K, capacity 8750K, committed 8960K, reserved 1056768K
  class space    used 903K, capacity 1013K, committed 1024K, reserved 1048576K
Event: 77.575 GC heap after
Heap after GC invocations=142 (full 10):
 PSYoungGen      total 247808K, used 32K [0x00000006d5580000, 0x00000006e8700000, 0x00000007c0000000)
  eden space 188928K, 0% used [0x00000006d5580000,0x00000006d5580000,0x00000006e0e00000)
  from space 58880K, 0% used [0x00000006e4d80000,0x00000006e4d88000,0x00000006e8700000)
  to   space 61952K, 0% used [0x00000006e0e00000,0x00000006e0e00000,0x00000006e4a80000)
 ParOldGen       total 5603840K, used 5415469K [0x0000000500000000, 0x0000000656080000, 0x00000006d5580000)
  object space 5603840K, 96% used [0x0000000500000000,0x000000064a88b600,0x0000000656080000)
 Metaspace       used 8374K, capacity 8750K, committed 8960K, reserved 1056768K
  class space    used 903K, capacity 1013K, committed 1024K, reserved 1048576K
}
Event: 77.623 GC heap before
{Heap before GC invocations=143 (full 10):
 PSYoungGen      total 247808K, used 188960K [0x00000006d5580000, 0x00000006e8700000, 0x00000007c0000000)
  eden space 188928K, 100% used [0x00000006d5580000,0x00000006e0e00000,0x00000006e0e00000)
  from space 58880K, 0% used [0x00000006e4d80000,0x00000006e4d88000,0x00000006e8700000)
  to   space 61952K, 0% used [0x00000006e0e00000,0x00000006e0e00000,0x00000006e4a80000)
 ParOldGen       total 5603840K, used 5415469K [0x0000000500000000, 0x0000000656080000, 0x00000006d5580000)
  object space 5603840K, 96% used [0x0000000500000000,0x000000064a88b600,0x0000000656080000)
 Metaspace       used 8374K, capacity 8750K, committed 8960K, reserved 1056768K
  class space    used 903K, capacity 1013K, committed 1024K, reserved 1048576K
Event: 77.645 GC heap after
Heap after GC invocations=143 (full 10):
 PSYoungGen      total 250880K, used 32K [0x00000006d5580000, 0x00000006e9200000, 0x00000007c0000000)
  eden space 188928K, 0% used [0x00000006d5580000,0x00000006d5580000,0x00000006e0e00000)
  from space 61952K, 0% used [0x00000006e0e00000,0x00000006e0e08000,0x00000006e4a80000)
  to   space 60416K, 0% used [0x00000006e5700000,0x00000006e5700000,0x00000006e9200000)
 ParOldGen       total 5603840K, used 5415469K [0x0000000500000000, 0x0000000656080000, 0x00000006d5580000)
  object space 5603840K, 96% used [0x0000000500000000,0x000000064a88b600,0x0000000656080000)
 Metaspace       used 8374K, capacity 8750K, committed 8960K, reserved 1056768K
  class space    used 903K, capacity 1013K, committed 1024K, reserved 1048576K
}
Event: 77.694 GC heap before
{Heap before GC invocations=144 (full 10):
 PSYoungGen      total 250880K, used 188960K [0x00000006d5580000, 0x00000006e9200000, 0x00000007c0000000)
  eden space 188928K, 100% used [0x00000006d5580000,0x00000006e0e00000,0x00000006e0e00000)
  from space 61952K, 0% used [0x00000006e0e00000,0x00000006e0e08000,0x00000006e4a80000)
  to   space 60416K, 0% used [0x00000006e5700000,0x00000006e5700000,0x00000006e9200000)
 ParOldGen       total 5603840K, used 5415469K [0x0000000500000000, 0x0000000656080000, 0x00000006d5580000)
  object space 5603840K, 96% used [0x0000000500000000,0x000000064a88b600,0x0000000656080000)
 Metaspace       used 8374K, capacity 8750K, committed 8960K, reserved 1056768K
  class space    used 903K, capacity 1013K, committed 1024K, reserved 1048576K
Event: 77.724 GC heap after
Heap after GC invocations=144 (full 10):
 PSYoungGen      total 260608K, used 32K [0x00000006d5580000, 0x00000006e8e80000, 0x00000007c0000000)
  eden space 203776K, 0% used [0x00000006d5580000,0x00000006d5580000,0x00000006e1c80000)
  from space 56832K, 0% used [0x00000006e5700000,0x00000006e5708000,0x00000006e8e80000)
  to   space 58368K, 0% used [0x00000006e1c80000,0x00000006e1c80000,0x00000006e5580000)
 ParOldGen       total 5603840K, used 5415469K [0x0000000500000000, 0x0000000656080000, 0x00000006d5580000)
  object space 5603840K, 96% used [0x0000000500000000,0x000000064a88b600,0x0000000656080000)
 Metaspace       used 8374K, capacity 8750K, committed 8960K, reserved 1056768K
  class space    used 903K, capacity 1013K, committed 1024K, reserved 1048576K
}
Event: 77.780 GC heap before
{Heap before GC invocations=145 (full 10):
 PSYoungGen      total 260608K, used 203808K [0x00000006d5580000, 0x00000006e8e80000, 0x00000007c0000000)
  eden space 203776K, 100% used [0x00000006d5580000,0x00000006e1c80000,0x00000006e1c80000)
  from space 56832K, 0% used [0x00000006e5700000,0x00000006e5708000,0x00000006e8e80000)
  to   space 58368K, 0% used [0x00000006e1c80000,0x00000006e1c80000,0x00000006e5580000)
 ParOldGen       total 5603840K, used 5415469K [0x0000000500000000, 0x0000000656080000, 0x00000006d5580000)
  object space 5603840K, 96% used [0x0000000500000000,0x000000064a88b600,0x0000000656080000)
 Metaspace       used 8374K, capacity 8750K, committed 8960K, reserved 1056768K
  class space    used 903K, capacity 1013K, committed 1024K, reserved 1048576K
Event: 77.811 GC heap after
Heap after GC invocations=145 (full 10):
 PSYoungGen      total 262144K, used 32K [0x00000006d5580000, 0x00000006e9a00000, 0x00000007c0000000)
  eden space 203776K, 0% used [0x00000006d5580000,0x00000006d5580000,0x00000006e1c80000)
  from space 58368K, 0% used [0x00000006e1c80000,0x00000006e1c88000,0x00000006e5580000)
  to   space 56320K, 0% used [0x00000006e6300000,0x00000006e6300000,0x00000006e9a00000)
 ParOldGen       total 5603840K, used 5415469K [0x0000000500000000, 0x0000000656080000, 0x00000006d5580000)
  object space 5603840K, 96% used [0x0000000500000000,0x000000064a88b600,0x0000000656080000)
 Metaspace       used 8374K, capacity 8750K, committed 8960K, reserved 1056768K
  class space    used 903K, capacity 1013K, committed 1024K, reserved 1048576K
}

