# JRE version: Java(TM) SE Runtime Environment (8.0_112-b15) (build 1.8.0_112-b15)
# Java VM: Java HotSpot(TM) 64-Bit Server VM (25.112-b15 mixed mode linux-amd64 compressed oops)
Heap:
 PSYoungGen      total 3033088K, used 0K [0x00000006d5580000, 0x00000007c0000000, 0x00000007c0000000)
  eden space 2628096K, 0% used [0x00000006d5580000,0x00000006d5580000,0x0000000775c00000)
  from space 404992K, 0% used [0x00000007a7480000,0x00000007a7480000,0x00000007c0000000)
  to   space 608256K, 0% used [0x0000000775c00000,0x0000000775c00000,0x000000079ae00000)
 ParOldGen       total 5741568K, used 4357928K [0x0000000500000000, 0x000000065e700000, 0x00000006d5580000)
  object space 5741568K, 75% used [0x0000000500000000,0x0000000609fca330,0x000000065e700000)
 Metaspace       used 13848K, capacity 14556K, committed 14720K, reserved 1062912K
  class space    used 1495K, capacity 1651K, committed 1664K, reserved 1048576K
GC Heap History (10 events):
Event: 750.282 GC heap after
Heap after GC invocations=1322 (full 14):
 PSYoungGen      total 3427328K, used 11424K [0x00000006d5580000, 0x00000007c0000000, 0x00000007c0000000)
  eden space 3000832K, 0% used [0x00000006d5580000,0x00000006d5580000,0x000000078c800000)
  from space 426496K, 2% used [0x00000007a5f80000,0x00000007a6aa8000,0x00000007c0000000)
  to   space 417280K, 0% used [0x000000078c800000,0x000000078c800000,0x00000007a5f80000)
 ParOldGen       total 5629440K, used 5404786K [0x0000000500000000, 0x0000000657980000, 0x00000006d5580000)
  object space 5629440K, 96% used [0x0000000500000000,0x0000000649e1c840,0x0000000657980000)
 Metaspace       used 13848K, capacity 14556K, committed 14720K, reserved 1062912K
  class space    used 1495K, capacity 1651K, committed 1664K, reserved 1048576K
}
Event: 750.804 GC heap before
{Heap before GC invocations=1323 (full 14):
 PSYoungGen      total 3427328K, used 3012256K [0x00000006d5580000, 0x00000007c0000000, 0x00000007c0000000)
  eden space 3000832K, 100% used [0x00000006d5580000,0x000000078c800000,0x000000078c800000)
  from space 426496K, 2% used [0x00000007a5f80000,0x00000007a6aa8000,0x00000007c0000000)
  to   space 417280K, 0% used [0x000000078c800000,0x000000078c800000,0x00000007a5f80000)
 ParOldGen       total 5629440K, used 5404786K [0x0000000500000000, 0x0000000657980000, 0x00000006d5580000)
  object space 5629440K, 96% used [0x0000000500000000,0x0000000649e1c840,0x0000000657980000)
 Metaspace       used 13848K, capacity 14556K, committed 14720K, reserved 1062912K
  class space    used 1495K, capacity 1651K, committed 1664K, reserved 1048576K
Event: 750.835 GC heap after
Heap after GC invocations=1323 (full 14):
 PSYoungGen      total 3024384K, used 23552K [0x00000006d5580000, 0x00000007bdd00000, 0x00000007c0000000)
  eden space 3000832K, 0% used [0x00000006d5580000,0x00000006d5580000,0x000000078c800000)
  from space 23552K, 100% used [0x000000078c800000,0x000000078df00000,0x000000078df00000)
  to   space 403968K, 0% used [0x00000007a5280000,0x00000007a5280000,0x00000007bdd00000)
 ParOldGen       total 5629440K, used 5404786K [0x0000000500000000, 0x0000000657980000, 0x00000006d5580000)
  object space 5629440K, 96% used [0x0000000500000000,0x0000000649e1c840,0x0000000657980000)
 Metaspace       used 13848K, capacity 14556K, committed 14720K, reserved 1062912K
  class space    used 1495K, capacity 1651K, committed 1664K, reserved 1048576K
}
Event: 751.314 GC heap before
{Heap before GC invocations=1324 (full 14):
 PSYoungGen      total 3024384K, used 3024384K [0x00000006d5580000, 0x00000007bdd00000, 0x00000007c0000000)
  eden space 3000832K, 100% used [0x00000006d5580000,0x000000078c800000,0x000000078c800000)
  from space 23552K, 100% used [0x000000078c800000,0x000000078df00000,0x000000078df00000)
  to   space 403968K, 0% used [0x00000007a5280000,0x00000007a5280000,0x00000007bdd00000)
 ParOldGen       total 5629440K, used 5404786K [0x0000000500000000, 0x0000000657980000, 0x00000006d5580000)
  object space 5629440K, 96% used [0x0000000500000000,0x0000000649e1c840,0x0000000657980000)
 Metaspace       used 13848K, capacity 14556K, committed 14720K, reserved 1062912K
  class space    used 1495K, capacity 1651K, committed 1664K, reserved 1048576K
Event: 751.347 GC heap after
Heap after GC invocations=1324 (full 14):
 PSYoungGen      total 3416576K, used 6752K [0x00000006d5580000, 0x00000007c0000000, 0x00000007c0000000)
  eden space 3012608K, 0% used [0x00000006d5580000,0x00000006d5580000,0x000000078d380000)
  from space 403968K, 1% used [0x00000007a5280000,0x00000007a5918000,0x00000007bdd00000)
  to   space 392192K, 0% used [0x000000078d380000,0x000000078d380000,0x00000007a5280000)
 ParOldGen       total 5629440K, used 5404794K [0x0000000500000000, 0x0000000657980000, 0x00000006d5580000)
  object space 5629440K, 96% used [0x0000000500000000,0x0000000649e1e840,0x0000000657980000)
 Metaspace       used 13848K, capacity 14556K, committed 14720K, reserved 1062912K
  class space    used 1495K, capacity 1651K, committed 1664K, reserved 1048576K
}
Event: 751.841 GC heap before
{Heap before GC invocations=1325 (full 14):
 PSYoungGen      total 3416576K, used 3019360K [0x00000006d5580000, 0x00000007c0000000, 0x00000007c0000000)
  eden space 3012608K, 100% used [0x00000006d5580000,0x000000078d380000,0x000000078d380000)
  from space 403968K, 1% used [0x00000007a5280000,0x00000007a5918000,0x00000007bdd00000)
  to   space 392192K, 0% used [0x000000078d380000,0x000000078d380000,0x00000007a5280000)
 ParOldGen       total 5629440K, used 5404794K [0x0000000500000000, 0x0000000657980000, 0x00000006d5580000)
  object space 5629440K, 96% used [0x0000000500000000,0x0000000649e1e840,0x0000000657980000)
 Metaspace       used 13848K, capacity 14556K, committed 14720K, reserved 1062912K
  class space    used 1495K, capacity 1651K, committed 1664K, reserved 1048576K
Event: 751.892 GC heap after
Heap after GC invocations=1325 (full 14):
 PSYoungGen      total 3404800K, used 213056K [0x00000006d5580000, 0x00000007c0000000, 0x00000007c0000000)
  eden space 3012608K, 0% used [0x00000006d5580000,0x00000006d5580000,0x000000078d380000)
  from space 392192K, 54% used [0x000000078d380000,0x000000079a390000,0x00000007a5280000)
  to   space 404992K, 0% used [0x00000007a7480000,0x00000007a7480000,0x00000007c0000000)
 ParOldGen       total 5629440K, used 5404802K [0x0000000500000000, 0x0000000657980000, 0x00000006d5580000)
  object space 5629440K, 96% used [0x0000000500000000,0x0000000649e20840,0x0000000657980000)
 Metaspace       used 13848K, capacity 14556K, committed 14720K, reserved 1062912K
  class space    used 1495K, capacity 1651K, committed 1664K, reserved 1048576K
}
Event: 752.336 GC heap before
{Heap before GC invocations=1326 (full 14):
 PSYoungGen      total 3404800K, used 3225664K [0x00000006d5580000, 0x00000007c0000000, 0x00000007c0000000)
  eden space 3012608K, 100% used [0x00000006d5580000,0x000000078d380000,0x000000078d380000)
  from space 392192K, 54% used [0x000000078d380000,0x000000079a390000,0x00000007a5280000)
  to   space 404992K, 0% used [0x00000007a7480000,0x00000007a7480000,0x00000007c0000000)
 ParOldGen       total 5629440K, used 5404802K [0x0000000500000000, 0x0000000657980000, 0x00000006d5580000)
  object space 5629440K, 96% used [0x0000000500000000,0x0000000649e20840,0x0000000657980000)
 Metaspace       used 13848K, capacity 14556K, committed 14720K, reserved 1062912K
  class space    used 1495K, capacity 1651K, committed 1664K, reserved 1048576K
Event: 752.632 GC heap after
Heap after GC invocations=1326 (full 14):
 PSYoungGen      total 3033088K, used 404983K [0x00000006d5580000, 0x00000007c0000000, 0x00000007c0000000)
  eden space 2628096K, 0% used [0x00000006d5580000,0x00000006d5580000,0x0000000775c00000)
  from space 404992K, 99% used [0x00000007a7480000,0x00000007bfffde88,0x00000007c0000000)
  to   space 608256K, 0% used [0x0000000775c00000,0x0000000775c00000,0x000000079ae00000)
 ParOldGen       total 5741568K, used 5740079K [0x0000000500000000, 0x000000065e700000, 0x00000006d5580000)
  object space 5741568K, 99% used [0x0000000500000000,0x000000065e58bfa0,0x000000065e700000)
 Metaspace       used 13848K, capacity 14556K, committed 14720K, reserved 1062912K
  class space    used 1495K, capacity 1651K, committed 1664K, reserved 1048576K
}
Event: 752.632 GC heap before
{Heap before GC invocations=1327 (full 15):
 PSYoungGen      total 3033088K, used 404983K [0x00000006d5580000, 0x00000007c0000000, 0x00000007c0000000)
  eden space 2628096K, 0% used [0x00000006d5580000,0x00000006d5580000,0x0000000775c00000)
  from space 404992K, 99% used [0x00000007a7480000,0x00000007bfffde88,0x00000007c0000000)
  to   space 608256K, 0% used [0x0000000775c00000,0x0000000775c00000,0x000000079ae00000)
 ParOldGen       total 5741568K, used 5740079K [0x0000000500000000, 0x000000065e700000, 0x00000006d5580000)
  object space 5741568K, 99% used [0x0000000500000000,0x000000065e58bfa0,0x000000065e700000)
 Metaspace       used 13848K, capacity 14556K, committed 14720K, reserved 1062912K
  class space    used 1495K, capacity 1651K, committed 1664K, reserved 1048576K

