# JRE version: Java(TM) SE Runtime Environment (8.0_112-b15) (build 1.8.0_112-b15)
# Java VM: Java HotSpot(TM) 64-Bit Server VM (25.112-b15 mixed mode linux-amd64 compressed oops)
Heap:
 PSYoungGen      total 545280K, used 0K [0x00000006d5580000, 0x0000000712080000, 0x00000007c0000000)
  eden space 161280K, 0% used [0x00000006d5580000,0x00000006d5580000,0x00000006df300000)
  from space 384000K, 0% used [0x00000006df300000,0x00000006df300000,0x00000006f6a00000)
  to   space 410624K, 0% used [0x00000006f8f80000,0x00000006f8f80000,0x0000000712080000)
 ParOldGen       total 6432768K, used 5561947K [0x0000000500000000, 0x0000000688a00000, 0x00000006d5580000)
  object space 6432768K, 86% used [0x0000000500000000,0x0000000653796e70,0x0000000688a00000)
 Metaspace       used 21696K, capacity 22278K, committed 22400K, reserved 1069056K
  class space    used 1952K, capacity 2223K, committed 2304K, reserved 1048576K
GC Heap History (10 events):
Event: 110.967 GC heap after
Heap after GC invocations=200 (full 12):
 PSYoungGen      total 533504K, used 184019K [0x00000006d5580000, 0x000000070cd00000, 0x00000007c0000000)
  eden space 148992K, 0% used [0x00000006d5580000,0x00000006d5580000,0x00000006de700000)
  from space 384512K, 47% used [0x00000006de700000,0x00000006e9ab4f90,0x00000006f5e80000)
  to   space 372224K, 0% used [0x00000006f6180000,0x00000006f6180000,0x000000070cd00000)
 ParOldGen       total 6432768K, used 5232851K [0x0000000500000000, 0x0000000688a00000, 0x00000006d5580000)
  object space 6432768K, 81% used [0x0000000500000000,0x000000063f634f50,0x0000000688a00000)
 Metaspace       used 12756K, capacity 13314K, committed 13440K, reserved 1060864K
  class space    used 1422K, capacity 1582K, committed 1664K, reserved 1048576K
}
Event: 111.511 GC heap before
{Heap before GC invocations=201 (full 12):
 PSYoungGen      total 533504K, used 333011K [0x00000006d5580000, 0x000000070cd00000, 0x00000007c0000000)
  eden space 148992K, 100% used [0x00000006d5580000,0x00000006de700000,0x00000006de700000)
  from space 384512K, 47% used [0x00000006de700000,0x00000006e9ab4f90,0x00000006f5e80000)
  to   space 372224K, 0% used [0x00000006f6180000,0x00000006f6180000,0x000000070cd00000)
 ParOldGen       total 6432768K, used 5232851K [0x0000000500000000, 0x0000000688a00000, 0x00000006d5580000)
  object space 6432768K, 81% used [0x0000000500000000,0x000000063f634f50,0x0000000688a00000)
 Metaspace       used 13600K, capacity 14228K, committed 14464K, reserved 1062912K
  class space    used 1575K, capacity 1868K, committed 1920K, reserved 1048576K
Event: 111.681 GC heap after
Heap after GC invocations=201 (full 12):
 PSYoungGen      total 515072K, used 191219K [0x00000006d5580000, 0x000000070b900000, 0x00000007c0000000)
  eden space 163328K, 0% used [0x00000006d5580000,0x00000006d5580000,0x00000006df500000)
  from space 351744K, 54% used [0x00000006f6180000,0x0000000701c3cf90,0x000000070b900000)
  to   space 362496K, 0% used [0x00000006df500000,0x00000006df500000,0x00000006f5700000)
 ParOldGen       total 6432768K, used 5258299K [0x0000000500000000, 0x0000000688a00000, 0x00000006d5580000)
  object space 6432768K, 81% used [0x0000000500000000,0x0000000640f0ef50,0x0000000688a00000)
 Metaspace       used 13600K, capacity 14228K, committed 14464K, reserved 1062912K
  class space    used 1575K, capacity 1868K, committed 1920K, reserved 1048576K
}
Event: 112.720 GC heap before
{Heap before GC invocations=202 (full 12):
 PSYoungGen      total 515072K, used 354547K [0x00000006d5580000, 0x000000070b900000, 0x00000007c0000000)
  eden space 163328K, 100% used [0x00000006d5580000,0x00000006df500000,0x00000006df500000)
  from space 351744K, 54% used [0x00000006f6180000,0x0000000701c3cf90,0x000000070b900000)
  to   space 362496K, 0% used [0x00000006df500000,0x00000006df500000,0x00000006f5700000)
 ParOldGen       total 6432768K, used 5258299K [0x0000000500000000, 0x0000000688a00000, 0x00000006d5580000)
  object space 6432768K, 81% used [0x0000000500000000,0x0000000640f0ef50,0x0000000688a00000)
 Metaspace       used 13619K, capacity 14298K, committed 14464K, reserved 1062912K
  class space    used 1576K, capacity 1869K, committed 1920K, reserved 1048576K
Event: 113.020 GC heap after
Heap after GC invocations=202 (full 12):
 PSYoungGen      total 525824K, used 229459K [0x00000006d5580000, 0x000000070d100000, 0x00000007c0000000)
  eden space 163328K, 0% used [0x00000006d5580000,0x00000006d5580000,0x00000006df500000)
  from space 362496K, 63% used [0x00000006df500000,0x00000006ed514f90,0x00000006f5700000)
  to   space 367616K, 0% used [0x00000006f6a00000,0x00000006f6a00000,0x000000070d100000)
 ParOldGen       total 6432768K, used 5258299K [0x0000000500000000, 0x0000000688a00000, 0x00000006d5580000)
  object space 6432768K, 81% used [0x0000000500000000,0x0000000640f0ef50,0x0000000688a00000)
 Metaspace       used 13619K, capacity 14298K, committed 14464K, reserved 1062912K
  class space    used 1576K, capacity 1869K, committed 1920K, reserved 1048576K
}
Event: 113.939 GC heap before
{Heap before GC invocations=203 (full 12):
 PSYoungGen      total 525824K, used 392787K [0x00000006d5580000, 0x000000070d100000, 0x00000007c0000000)
  eden space 163328K, 100% used [0x00000006d5580000,0x00000006df500000,0x00000006df500000)
  from space 362496K, 63% used [0x00000006df500000,0x00000006ed514f90,0x00000006f5700000)
  to   space 367616K, 0% used [0x00000006f6a00000,0x00000006f6a00000,0x000000070d100000)
 ParOldGen       total 6432768K, used 5258299K [0x0000000500000000, 0x0000000688a00000, 0x00000006d5580000)
  object space 6432768K, 81% used [0x0000000500000000,0x0000000640f0ef50,0x0000000688a00000)
 Metaspace       used 13633K, capacity 14298K, committed 14464K, reserved 1062912K
  class space    used 1576K, capacity 1869K, committed 1920K, reserved 1048576K
Event: 114.316 GC heap after
Heap after GC invocations=203 (full 12):
 PSYoungGen      total 528896K, used 267507K [0x00000006d5580000, 0x000000070f080000, 0x00000007c0000000)
  eden space 161280K, 0% used [0x00000006d5580000,0x00000006d5580000,0x00000006df300000)
  from space 367616K, 72% used [0x00000006f6a00000,0x0000000706f3cf90,0x000000070d100000)
  to   space 384000K, 0% used [0x00000006df300000,0x00000006df300000,0x00000006f6a00000)
 ParOldGen       total 6432768K, used 5258299K [0x0000000500000000, 0x0000000688a00000, 0x00000006d5580000)
  object space 6432768K, 81% used [0x0000000500000000,0x0000000640f0ef50,0x0000000688a00000)
 Metaspace       used 13633K, capacity 14298K, committed 14464K, reserved 1062912K
  class space    used 1576K, capacity 1869K, committed 1920K, reserved 1048576K
}
Event: 116.884 GC heap before
{Heap before GC invocations=204 (full 12):
 PSYoungGen      total 528896K, used 423119K [0x00000006d5580000, 0x000000070f080000, 0x00000007c0000000)
  eden space 161280K, 96% used [0x00000006d5580000,0x00000006ded77030,0x00000006df300000)
  from space 367616K, 72% used [0x00000006f6a00000,0x0000000706f3cf90,0x000000070d100000)
  to   space 384000K, 0% used [0x00000006df300000,0x00000006df300000,0x00000006f6a00000)
 ParOldGen       total 6432768K, used 5258299K [0x0000000500000000, 0x0000000688a00000, 0x00000006d5580000)
  object space 6432768K, 81% used [0x0000000500000000,0x0000000640f0ef50,0x0000000688a00000)
 Metaspace       used 21696K, capacity 22278K, committed 22400K, reserved 1069056K
  class space    used 1952K, capacity 2223K, committed 2304K, reserved 1048576K
Event: 117.034 GC heap after
Heap after GC invocations=204 (full 12):
 PSYoungGen      total 545280K, used 305755K [0x00000006d5580000, 0x0000000712080000, 0x00000007c0000000)
  eden space 161280K, 0% used [0x00000006d5580000,0x00000006d5580000,0x00000006df300000)
  from space 384000K, 79% used [0x00000006df300000,0x00000006f1d96ec0,0x00000006f6a00000)
  to   space 410624K, 0% used [0x00000006f8f80000,0x00000006f8f80000,0x0000000712080000)
 ParOldGen       total 6432768K, used 5258307K [0x0000000500000000, 0x0000000688a00000, 0x00000006d5580000)
  object space 6432768K, 81% used [0x0000000500000000,0x0000000640f10f50,0x0000000688a00000)
 Metaspace       used 21696K, capacity 22278K, committed 22400K, reserved 1069056K
  class space    used 1952K, capacity 2223K, committed 2304K, reserved 1048576K
}
Event: 117.034 GC heap before
{Heap before GC invocations=205 (full 13):
 PSYoungGen      total 545280K, used 305755K [0x00000006d5580000, 0x0000000712080000, 0x00000007c0000000)
  eden space 161280K, 0% used [0x00000006d5580000,0x00000006d5580000,0x00000006df300000)
  from space 384000K, 79% used [0x00000006df300000,0x00000006f1d96ec0,0x00000006f6a00000)
  to   space 410624K, 0% used [0x00000006f8f80000,0x00000006f8f80000,0x0000000712080000)
 ParOldGen       total 6432768K, used 5258307K [0x0000000500000000, 0x0000000688a00000, 0x00000006d5580000)
  object space 6432768K, 81% used [0x0000000500000000,0x0000000640f10f50,0x0000000688a00000)
 Metaspace       used 21696K, capacity 22278K, committed 22400K, reserved 1069056K
  class space    used 1952K, capacity 2223K, committed 2304K, reserved 1048576K

