# JRE version: Java(TM) SE Runtime Environment (8.0_112-b15) (build 1.8.0_112-b15)
# Java VM: Java HotSpot(TM) 64-Bit Server VM (25.112-b15 mixed mode linux-amd64 compressed oops)
Heap:
 PSYoungGen      total 1777664K, used 809749K [0x00000006d5580000, 0x000000078b880000, 0x00000007c0000000)
  eden space 808960K, 0% used [0x00000006d5580000,0x00000006d5580000,0x0000000706b80000)
  from space 968704K, 83% used [0x0000000750680000,0x0000000781d457a0,0x000000078b880000)
  to   space 884224K, 0% used [0x0000000706b80000,0x0000000706b80000,0x000000073cb00000)
 ParOldGen       total 5391872K, used 4784981K [0x0000000500000000, 0x0000000649180000, 0x00000006d5580000)
  object space 5391872K, 88% used [0x0000000500000000,0x00000006240d55d8,0x0000000649180000)
 Metaspace       used 10880K, capacity 11210K, committed 11392K, reserved 1058816K
  class space    used 1257K, capacity 1339K, committed 1408K, reserved 1048576K
GC Heap History (10 events):
Event: 4.237 GC heap after
Heap after GC invocations=21 (full 8):
 PSYoungGen      total 1427456K, used 618391K [0x00000006d5580000, 0x0000000772780000, 0x00000007c0000000)
  eden space 595968K, 0% used [0x00000006d5580000,0x00000006d5580000,0x00000006f9b80000)
  from space 831488K, 74% used [0x00000006f9b80000,0x000000071f765c50,0x000000072c780000)
  to   space 881152K, 0% used [0x000000073cb00000,0x000000073cb00000,0x0000000772780000)
 ParOldGen       total 3534336K, used 2954351K [0x0000000500000000, 0x00000005d7b80000, 0x00000006d5580000)
  object space 3534336K, 83% used [0x0000000500000000,0x00000005b451bee8,0x00000005d7b80000)
 Metaspace       used 10872K, capacity 11210K, committed 11392K, reserved 1058816K
  class space    used 1257K, capacity 1339K, committed 1408K, reserved 1048576K
}
Event: 5.110 GC heap before
{Heap before GC invocations=22 (full 8):
 PSYoungGen      total 1427456K, used 1214359K [0x00000006d5580000, 0x0000000772780000, 0x00000007c0000000)
  eden space 595968K, 100% used [0x00000006d5580000,0x00000006f9b80000,0x00000006f9b80000)
  from space 831488K, 74% used [0x00000006f9b80000,0x000000071f765c50,0x000000072c780000)
  to   space 881152K, 0% used [0x000000073cb00000,0x000000073cb00000,0x0000000772780000)
 ParOldGen       total 3534336K, used 2954351K [0x0000000500000000, 0x00000005d7b80000, 0x00000006d5580000)
  object space 3534336K, 83% used [0x0000000500000000,0x00000005b451bee8,0x00000005d7b80000)
 Metaspace       used 10878K, capacity 11210K, committed 11392K, reserved 1058816K
  class space    used 1257K, capacity 1339K, committed 1408K, reserved 1048576K
Event: 5.785 GC heap after
Heap after GC invocations=22 (full 8):
 PSYoungGen      total 1690112K, used 525687K [0x00000006d5580000, 0x0000000772a80000, 0x00000007c0000000)
  eden space 808960K, 0% used [0x00000006d5580000,0x00000006d5580000,0x0000000706b80000)
  from space 881152K, 59% used [0x000000073cb00000,0x000000075cc5dc60,0x0000000772780000)
  to   space 884224K, 0% used [0x0000000706b80000,0x0000000706b80000,0x000000073cb00000)
 ParOldGen       total 3540480K, used 3540027K [0x0000000500000000, 0x00000005d8180000, 0x00000006d5580000)
  object space 3540480K, 99% used [0x0000000500000000,0x00000005d810ef80,0x00000005d8180000)
 Metaspace       used 10878K, capacity 11210K, committed 11392K, reserved 1058816K
  class space    used 1257K, capacity 1339K, committed 1408K, reserved 1048576K
}
Event: 5.785 GC heap before
{Heap before GC invocations=23 (full 9):
 PSYoungGen      total 1690112K, used 525687K [0x00000006d5580000, 0x0000000772a80000, 0x00000007c0000000)
  eden space 808960K, 0% used [0x00000006d5580000,0x00000006d5580000,0x0000000706b80000)
  from space 881152K, 59% used [0x000000073cb00000,0x000000075cc5dc60,0x0000000772780000)
  to   space 884224K, 0% used [0x0000000706b80000,0x0000000706b80000,0x000000073cb00000)
 ParOldGen       total 3540480K, used 3540027K [0x0000000500000000, 0x00000005d8180000, 0x00000006d5580000)
  object space 3540480K, 99% used [0x0000000500000000,0x00000005d810ef80,0x00000005d8180000)
 Metaspace       used 10878K, capacity 11210K, committed 11392K, reserved 1058816K
  class space    used 1257K, capacity 1339K, committed 1408K, reserved 1048576K
Event: 10.237 GC heap after
Heap after GC invocations=23 (full 9):
 PSYoungGen      total 1690112K, used 524520K [0x00000006d5580000, 0x0000000772a80000, 0x00000007c0000000)
  eden space 808960K, 0% used [0x00000006d5580000,0x00000006d5580000,0x0000000706b80000)
  from space 881152K, 59% used [0x000000073cb00000,0x000000075cb3a020,0x0000000772780000)
  to   space 884224K, 0% used [0x0000000706b80000,0x0000000706b80000,0x000000073cb00000)
 ParOldGen       total 4418048K, used 3540150K [0x0000000500000000, 0x000000060da80000, 0x00000006d5580000)
  object space 4418048K, 80% used [0x0000000500000000,0x00000005d812d808,0x000000060da80000)
 Metaspace       used 10878K, capacity 11210K, committed 11392K, reserved 1058816K
  class space    used 1257K, capacity 1339K, committed 1408K, reserved 1048576K
}
Event: 11.603 GC heap before
{Heap before GC invocations=24 (full 9):
 PSYoungGen      total 1690112K, used 1333480K [0x00000006d5580000, 0x0000000772a80000, 0x00000007c0000000)
  eden space 808960K, 100% used [0x00000006d5580000,0x0000000706b80000,0x0000000706b80000)
  from space 881152K, 59% used [0x000000073cb00000,0x000000075cb3a020,0x0000000772780000)
  to   space 884224K, 0% used [0x0000000706b80000,0x0000000706b80000,0x000000073cb00000)
 ParOldGen       total 4418048K, used 3540150K [0x0000000500000000, 0x000000060da80000, 0x00000006d5580000)
  object space 4418048K, 80% used [0x0000000500000000,0x00000005d812d808,0x000000060da80000)
 Metaspace       used 10880K, capacity 11210K, committed 11392K, reserved 1058816K
  class space    used 1257K, capacity 1339K, committed 1408K, reserved 1048576K
Event: 12.560 GC heap after
Heap after GC invocations=24 (full 9):
 PSYoungGen      total 1693184K, used 755683K [0x00000006d5580000, 0x000000078b880000, 0x00000007c0000000)
  eden space 808960K, 0% used [0x00000006d5580000,0x00000006d5580000,0x0000000706b80000)
  from space 884224K, 85% used [0x0000000706b80000,0x0000000734d78fc8,0x000000073cb00000)
  to   space 968704K, 0% used [0x0000000750680000,0x0000000750680000,0x000000078b880000)
 ParOldGen       total 4418048K, used 4030798K [0x0000000500000000, 0x000000060da80000, 0x00000006d5580000)
  object space 4418048K, 91% used [0x0000000500000000,0x00000005f6053808,0x000000060da80000)
 Metaspace       used 10880K, capacity 11210K, committed 11392K, reserved 1058816K
  class space    used 1257K, capacity 1339K, committed 1408K, reserved 1048576K
}
Event: 12.560 GC heap before
{Heap before GC invocations=25 (full 10):
 PSYoungGen      total 1693184K, used 755683K [0x00000006d5580000, 0x000000078b880000, 0x00000007c0000000)
  eden space 808960K, 0% used [0x00000006d5580000,0x00000006d5580000,0x0000000706b80000)
  from space 884224K, 85% used [0x0000000706b80000,0x0000000734d78fc8,0x000000073cb00000)
  to   space 968704K, 0% used [0x0000000750680000,0x0000000750680000,0x000000078b880000)
 ParOldGen       total 4418048K, used 4030798K [0x0000000500000000, 0x000000060da80000, 0x00000006d5580000)
  object space 4418048K, 91% used [0x0000000500000000,0x00000005f6053808,0x000000060da80000)
 Metaspace       used 10880K, capacity 11210K, committed 11392K, reserved 1058816K
  class space    used 1257K, capacity 1339K, committed 1408K, reserved 1048576K
Event: 18.682 GC heap after
Heap after GC invocations=25 (full 10):
 PSYoungGen      total 1693184K, used 365579K [0x00000006d5580000, 0x000000078b880000, 0x00000007c0000000)
  eden space 808960K, 0% used [0x00000006d5580000,0x00000006d5580000,0x0000000706b80000)
  from space 884224K, 41% used [0x0000000706b80000,0x000000071d082df8,0x000000073cb00000)
  to   space 968704K, 0% used [0x0000000750680000,0x0000000750680000,0x000000078b880000)
 ParOldGen       total 5391872K, used 4417909K [0x0000000500000000, 0x0000000649180000, 0x00000006d5580000)
  object space 5391872K, 81% used [0x0000000500000000,0x000000060da5d5d8,0x0000000649180000)
 Metaspace       used 10880K, capacity 11210K, committed 11392K, reserved 1058816K
  class space    used 1257K, capacity 1339K, committed 1408K, reserved 1048576K
}
Event: 20.565 GC heap before
{Heap before GC invocations=26 (full 10):
 PSYoungGen      total 1693184K, used 1174539K [0x00000006d5580000, 0x000000078b880000, 0x00000007c0000000)
  eden space 808960K, 100% used [0x00000006d5580000,0x0000000706b80000,0x0000000706b80000)
  from space 884224K, 41% used [0x0000000706b80000,0x000000071d082df8,0x000000073cb00000)
  to   space 968704K, 0% used [0x0000000750680000,0x0000000750680000,0x000000078b880000)
 ParOldGen       total 5391872K, used 4417909K [0x0000000500000000, 0x0000000649180000, 0x00000006d5580000)
  object space 5391872K, 81% used [0x0000000500000000,0x000000060da5d5d8,0x0000000649180000)
 Metaspace       used 10880K, capacity 11210K, committed 11392K, reserved 1058816K
  class space    used 1257K, capacity 1339K, committed 1408K, reserved 1048576K

