# JRE version: Java(TM) SE Runtime Environment (8.0_112-b15) (build 1.8.0_112-b15)
# Java VM: Java HotSpot(TM) 64-Bit Server VM (25.112-b15 mixed mode linux-amd64 compressed oops)
Heap:
 PSYoungGen      total 1831424K, used 320K [0x00000006d5580000, 0x0000000745500000, 0x00000007c0000000)
  eden space 1828352K, 0% used [0x00000006d5580000,0x00000006d5580000,0x0000000744f00000)
  from space 3072K, 10% used [0x0000000744f00000,0x0000000744f50130,0x0000000745200000)
  to   space 1024K, 0% used [0x0000000745400000,0x0000000745400000,0x0000000745500000)
 ParOldGen       total 7689728K, used 7320856K [0x0000000500000000, 0x00000006d5580000, 0x00000006d5580000)
  object space 7689728K, 95% used [0x0000000500000000,0x00000006bed462c8,0x00000006d5580000)
 Metaspace       used 9852K, capacity 10276K, committed 10368K, reserved 1058816K
  class space    used 972K, capacity 1092K, committed 1152K, reserved 1048576K
GC Heap History (10 events):
Event: 402.646 GC heap after
Heap after GC invocations=350 (full 12):
 PSYoungGen      total 1794048K, used 365K [0x00000006d5580000, 0x0000000743280000, 0x00000007c0000000)
  eden space 1792000K, 0% used [0x00000006d5580000,0x00000006d5580000,0x0000000742b80000)
  from space 2048K, 17% used [0x0000000743080000,0x00000007430db7d0,0x0000000743280000)
  to   space 3584K, 0% used [0x0000000742b80000,0x0000000742b80000,0x0000000742f00000)
 ParOldGen       total 7689728K, used 7320848K [0x0000000500000000, 0x00000006d5580000, 0x00000006d5580000)
  object space 7689728K, 95% used [0x0000000500000000,0x00000006bed442c8,0x00000006d5580000)
 Metaspace       used 9852K, capacity 10276K, committed 10368K, reserved 1058816K
  class space    used 972K, capacity 1092K, committed 1152K, reserved 1048576K
}
Event: 404.550 GC heap before
{Heap before GC invocations=351 (full 12):
 PSYoungGen      total 1794048K, used 1792365K [0x00000006d5580000, 0x0000000743280000, 0x00000007c0000000)
  eden space 1792000K, 100% used [0x00000006d5580000,0x0000000742b80000,0x0000000742b80000)
  from space 2048K, 17% used [0x0000000743080000,0x00000007430db7d0,0x0000000743280000)
  to   space 3584K, 0% used [0x0000000742b80000,0x0000000742b80000,0x0000000742f00000)
 ParOldGen       total 7689728K, used 7320848K [0x0000000500000000, 0x00000006d5580000, 0x00000006d5580000)
  object space 7689728K, 95% used [0x0000000500000000,0x00000006bed442c8,0x00000006d5580000)
 Metaspace       used 9852K, capacity 10276K, committed 10368K, reserved 1058816K
  class space    used 972K, capacity 1092K, committed 1152K, reserved 1048576K
Event: 404.619 GC heap after
Heap after GC invocations=351 (full 12):
 PSYoungGen      total 1795584K, used 721K [0x00000006d5580000, 0x0000000744500000, 0x00000007c0000000)
  eden space 1792000K, 0% used [0x00000006d5580000,0x00000006d5580000,0x0000000742b80000)
  from space 3584K, 20% used [0x0000000742b80000,0x0000000742c34458,0x0000000742f00000)
  to   space 3584K, 0% used [0x0000000744180000,0x0000000744180000,0x0000000744500000)
 ParOldGen       total 7689728K, used 7320856K [0x0000000500000000, 0x00000006d5580000, 0x00000006d5580000)
  object space 7689728K, 95% used [0x0000000500000000,0x00000006bed462c8,0x00000006d5580000)
 Metaspace       used 9852K, capacity 10276K, committed 10368K, reserved 1058816K
  class space    used 972K, capacity 1092K, committed 1152K, reserved 1048576K
}
Event: 406.649 GC heap before
{Heap before GC invocations=352 (full 12):
 PSYoungGen      total 1795584K, used 1792721K [0x00000006d5580000, 0x0000000744500000, 0x00000007c0000000)
  eden space 1792000K, 100% used [0x00000006d5580000,0x0000000742b80000,0x0000000742b80000)
  from space 3584K, 20% used [0x0000000742b80000,0x0000000742c34458,0x0000000742f00000)
  to   space 3584K, 0% used [0x0000000744180000,0x0000000744180000,0x0000000744500000)
 ParOldGen       total 7689728K, used 7320856K [0x0000000500000000, 0x00000006d5580000, 0x00000006d5580000)
  object space 7689728K, 95% used [0x0000000500000000,0x00000006bed462c8,0x00000006d5580000)
 Metaspace       used 9852K, capacity 10276K, committed 10368K, reserved 1058816K
  class space    used 972K, capacity 1092K, committed 1152K, reserved 1048576K
Event: 406.707 GC heap after
Heap after GC invocations=352 (full 12):
 PSYoungGen      total 1811456K, used 412K [0x00000006d5580000, 0x0000000744300000, 0x00000007c0000000)
  eden space 1809920K, 0% used [0x00000006d5580000,0x00000006d5580000,0x0000000743d00000)
  from space 1536K, 26% used [0x0000000744180000,0x00000007441e70b8,0x0000000744300000)
  to   space 3072K, 0% used [0x0000000743d00000,0x0000000743d00000,0x0000000744000000)
 ParOldGen       total 7689728K, used 7320856K [0x0000000500000000, 0x00000006d5580000, 0x00000006d5580000)
  object space 7689728K, 95% used [0x0000000500000000,0x00000006bed462c8,0x00000006d5580000)
 Metaspace       used 9852K, capacity 10276K, committed 10368K, reserved 1058816K
  class space    used 972K, capacity 1092K, committed 1152K, reserved 1048576K
}
Event: 409.036 GC heap before
{Heap before GC invocations=353 (full 12):
 PSYoungGen      total 1811456K, used 1810332K [0x00000006d5580000, 0x0000000744300000, 0x00000007c0000000)
  eden space 1809920K, 100% used [0x00000006d5580000,0x0000000743d00000,0x0000000743d00000)
  from space 1536K, 26% used [0x0000000744180000,0x00000007441e70b8,0x0000000744300000)
  to   space 3072K, 0% used [0x0000000743d00000,0x0000000743d00000,0x0000000744000000)
 ParOldGen       total 7689728K, used 7320856K [0x0000000500000000, 0x00000006d5580000, 0x00000006d5580000)
  object space 7689728K, 95% used [0x0000000500000000,0x00000006bed462c8,0x00000006d5580000)
 Metaspace       used 9852K, capacity 10276K, committed 10368K, reserved 1058816K
  class space    used 972K, capacity 1092K, committed 1152K, reserved 1048576K
Event: 409.201 GC heap after
Heap after GC invocations=353 (full 12):
 PSYoungGen      total 1812992K, used 308K [0x00000006d5580000, 0x0000000745700000, 0x00000007c0000000)
  eden space 1809920K, 0% used [0x00000006d5580000,0x00000006d5580000,0x0000000743d00000)
  from space 3072K, 10% used [0x0000000743d00000,0x0000000743d4d288,0x0000000744000000)
  to   space 3072K, 0% used [0x0000000745400000,0x0000000745400000,0x0000000745700000)
 ParOldGen       total 7689728K, used 7320856K [0x0000000500000000, 0x00000006d5580000, 0x00000006d5580000)
  object space 7689728K, 95% used [0x0000000500000000,0x00000006bed462c8,0x00000006d5580000)
 Metaspace       used 9852K, capacity 10276K, committed 10368K, reserved 1058816K
  class space    used 972K, capacity 1092K, committed 1152K, reserved 1048576K
}
Event: 412.818 GC heap before
{Heap before GC invocations=354 (full 12):
 PSYoungGen      total 1812992K, used 1810228K [0x00000006d5580000, 0x0000000745700000, 0x00000007c0000000)
  eden space 1809920K, 100% used [0x00000006d5580000,0x0000000743d00000,0x0000000743d00000)
  from space 3072K, 10% used [0x0000000743d00000,0x0000000743d4d288,0x0000000744000000)
  to   space 3072K, 0% used [0x0000000745400000,0x0000000745400000,0x0000000745700000)
 ParOldGen       total 7689728K, used 7320856K [0x0000000500000000, 0x00000006d5580000, 0x00000006d5580000)
  object space 7689728K, 95% used [0x0000000500000000,0x00000006bed462c8,0x00000006d5580000)
 Metaspace       used 9852K, capacity 10276K, committed 10368K, reserved 1058816K
  class space    used 972K, capacity 1092K, committed 1152K, reserved 1048576K
Event: 412.906 GC heap after
Heap after GC invocations=354 (full 12):
 PSYoungGen      total 1829376K, used 320K [0x00000006d5580000, 0x0000000745500000, 0x00000007c0000000)
  eden space 1828352K, 0% used [0x00000006d5580000,0x00000006d5580000,0x0000000744f00000)
  from space 1024K, 31% used [0x0000000745400000,0x0000000745450000,0x0000000745500000)
  to   space 3072K, 0% used [0x0000000744f00000,0x0000000744f00000,0x0000000745200000)
 ParOldGen       total 7689728K, used 7320856K [0x0000000500000000, 0x00000006d5580000, 0x00000006d5580000)
  object space 7689728K, 95% used [0x0000000500000000,0x00000006bed462c8,0x00000006d5580000)
 Metaspace       used 9852K, capacity 10276K, committed 10368K, reserved 1058816K
  class space    used 972K, capacity 1092K, committed 1152K, reserved 1048576K
}
Event: 418.083 GC heap before
{Heap before GC invocations=355 (full 12):
 PSYoungGen      total 1829376K, used 1828672K [0x00000006d5580000, 0x0000000745500000, 0x00000007c0000000)
  eden space 1828352K, 100% used [0x00000006d5580000,0x0000000744f00000,0x0000000744f00000)
  from space 1024K, 31% used [0x0000000745400000,0x0000000745450000,0x0000000745500000)
  to   space 3072K, 0% used [0x0000000744f00000,0x0000000744f00000,0x0000000745200000)
 ParOldGen       total 7689728K, used 7320856K [0x0000000500000000, 0x00000006d5580000, 0x00000006d5580000)
  object space 7689728K, 95% used [0x0000000500000000,0x00000006bed462c8,0x00000006d5580000)
 Metaspace       used 9852K, capacity 10276K, committed 10368K, reserved 1058816K
  class space    used 972K, capacity 1092K, committed 1152K, reserved 1048576K

